CRITICAL - 2020-12-29 01:02:01 --> Class 'Admin\Controllers\Controller' not found
#0 [internal function]: CodeIgniter\Debug\Exceptions->shutdownHandler()
#1 {main}
CRITICAL - 2020-12-29 01:03:19 --> Class 'Admin\Controllers\Controller' not found
#0 [internal function]: CodeIgniter\Debug\Exceptions->shutdownHandler()
#1 {main}
CRITICAL - 2020-12-29 01:03:22 --> Class 'Admin\Controllers\Controller' not found
#0 [internal function]: CodeIgniter\Debug\Exceptions->shutdownHandler()
#1 {main}
CRITICAL - 2020-12-29 01:03:40 --> Class 'Admin\Controllers\Controller' not found
#0 [internal function]: CodeIgniter\Debug\Exceptions->shutdownHandler()
#1 {main}
CRITICAL - 2020-12-29 01:09:25 --> Invalid file: login.php
#0 C:\laragon\www\htx\system\View\View.php(228): CodeIgniter\Exceptions\FrameworkException::forInvalidFile('login.php')
#1 C:\laragon\www\htx\system\Common.php(1119): CodeIgniter\View\View->render('login', Array, true)
#2 C:\laragon\www\htx\app\ThirdParty\admin\Controllers\DashboardController.php(12): view('login')
#3 C:\laragon\www\htx\system\CodeIgniter.php(918): Admin\Controllers\DashboardController->index()
#4 C:\laragon\www\htx\system\CodeIgniter.php(404): CodeIgniter\CodeIgniter->runController(Object(Admin\Controllers\DashboardController))
#5 C:\laragon\www\htx\system\CodeIgniter.php(312): CodeIgniter\CodeIgniter->handleRequest(NULL, Object(Config\Cache), false)
#6 C:\laragon\www\htx\public\index.php(45): CodeIgniter\CodeIgniter->run()
#7 {main}
CRITICAL - 2020-12-29 02:59:43 --> Class 'App\Controllers\Frontend\BaseController' not found
#0 [internal function]: CodeIgniter\Debug\Exceptions->shutdownHandler()
#1 {main}
CRITICAL - 2020-12-29 02:59:51 --> Class 'App\Controllers\Frontend\BaseController' not found
#0 [internal function]: CodeIgniter\Debug\Exceptions->shutdownHandler()
#1 {main}
CRITICAL - 2020-12-29 03:00:16 --> Class 'App\Controllers\Frontend\BaseController' not found
#0 [internal function]: CodeIgniter\Debug\Exceptions->shutdownHandler()
#1 {main}
CRITICAL - 2020-12-29 03:01:24 --> Class 'App\Controllers\Frontend\BaseController' not found
#0 [internal function]: CodeIgniter\Debug\Exceptions->shutdownHandler()
#1 {main}
CRITICAL - 2020-12-29 03:01:25 --> Class 'App\Controllers\Frontend\BaseController' not found
#0 [internal function]: CodeIgniter\Debug\Exceptions->shutdownHandler()
#1 {main}
CRITICAL - 2020-12-29 03:17:25 --> Call to a member function fetch_class() on null
#0 C:\laragon\www\htx\system\CodeIgniter.php(891): App\Controllers\BaseController->initController(Object(CodeIgniter\HTTP\IncomingRequest), Object(CodeIgniter\HTTP\Response), Object(CodeIgniter\Log\Logger))
#1 C:\laragon\www\htx\system\CodeIgniter.php(399): CodeIgniter\CodeIgniter->createController()
#2 C:\laragon\www\htx\system\CodeIgniter.php(312): CodeIgniter\CodeIgniter->handleRequest(NULL, Object(Config\Cache), false)
#3 C:\laragon\www\htx\public\index.php(45): CodeIgniter\CodeIgniter->run()
#4 {main}
CRITICAL - 2020-12-29 03:17:35 --> Call to undefined method App\Controllers\Home::_render()
#0 C:\laragon\www\htx\system\CodeIgniter.php(918): App\Controllers\Home->index()
#1 C:\laragon\www\htx\system\CodeIgniter.php(404): CodeIgniter\CodeIgniter->runController(Object(App\Controllers\Home))
#2 C:\laragon\www\htx\system\CodeIgniter.php(312): CodeIgniter\CodeIgniter->handleRequest(NULL, Object(Config\Cache), false)
#3 C:\laragon\www\htx\public\index.php(45): CodeIgniter\CodeIgniter->run()
#4 {main}
CRITICAL - 2020-12-29 03:17:35 --> Call to undefined method App\Controllers\Home::_render()
#0 C:\laragon\www\htx\system\CodeIgniter.php(918): App\Controllers\Home->index()
#1 C:\laragon\www\htx\system\CodeIgniter.php(404): CodeIgniter\CodeIgniter->runController(Object(App\Controllers\Home))
#2 C:\laragon\www\htx\system\CodeIgniter.php(312): CodeIgniter\CodeIgniter->handleRequest(NULL, Object(Config\Cache), false)
#3 C:\laragon\www\htx\public\index.php(45): CodeIgniter\CodeIgniter->run()
#4 {main}
CRITICAL - 2020-12-29 03:17:54 --> Call to a member function fetch_module() on null
#0 C:\laragon\www\htx\system\CodeIgniter.php(891): App\Controllers\BaseController->initController(Object(CodeIgniter\HTTP\IncomingRequest), Object(CodeIgniter\HTTP\Response), Object(CodeIgniter\Log\Logger))
#1 C:\laragon\www\htx\system\CodeIgniter.php(399): CodeIgniter\CodeIgniter->createController()
#2 C:\laragon\www\htx\system\CodeIgniter.php(312): CodeIgniter\CodeIgniter->handleRequest(NULL, Object(Config\Cache), false)
#3 C:\laragon\www\htx\public\index.php(45): CodeIgniter\CodeIgniter->run()
#4 {main}
CRITICAL - 2020-12-29 03:17:55 --> Call to a member function fetch_module() on null
#0 C:\laragon\www\htx\system\CodeIgniter.php(891): App\Controllers\BaseController->initController(Object(CodeIgniter\HTTP\IncomingRequest), Object(CodeIgniter\HTTP\Response), Object(CodeIgniter\Log\Logger))
#1 C:\laragon\www\htx\system\CodeIgniter.php(399): CodeIgniter\CodeIgniter->createController()
#2 C:\laragon\www\htx\system\CodeIgniter.php(312): CodeIgniter\CodeIgniter->handleRequest(NULL, Object(Config\Cache), false)
#3 C:\laragon\www\htx\public\index.php(45): CodeIgniter\CodeIgniter->run()
#4 {main}
CRITICAL - 2020-12-29 03:17:55 --> Call to a member function fetch_module() on null
#0 C:\laragon\www\htx\system\CodeIgniter.php(891): App\Controllers\BaseController->initController(Object(CodeIgniter\HTTP\IncomingRequest), Object(CodeIgniter\HTTP\Response), Object(CodeIgniter\Log\Logger))
#1 C:\laragon\www\htx\system\CodeIgniter.php(399): CodeIgniter\CodeIgniter->createController()
#2 C:\laragon\www\htx\system\CodeIgniter.php(312): CodeIgniter\CodeIgniter->handleRequest(NULL, Object(Config\Cache), false)
#3 C:\laragon\www\htx\public\index.php(45): CodeIgniter\CodeIgniter->run()
#4 {main}
CRITICAL - 2020-12-29 03:17:59 --> Call to a member function fetch_module() on null
#0 C:\laragon\www\htx\system\CodeIgniter.php(891): App\Controllers\BaseController->initController(Object(CodeIgniter\HTTP\IncomingRequest), Object(CodeIgniter\HTTP\Response), Object(CodeIgniter\Log\Logger))
#1 C:\laragon\www\htx\system\CodeIgniter.php(399): CodeIgniter\CodeIgniter->createController()
#2 C:\laragon\www\htx\system\CodeIgniter.php(312): CodeIgniter\CodeIgniter->handleRequest(NULL, Object(Config\Cache), false)
#3 C:\laragon\www\htx\public\index.php(45): CodeIgniter\CodeIgniter->run()
#4 {main}
CRITICAL - 2020-12-29 03:18:00 --> Call to a member function fetch_module() on null
#0 C:\laragon\www\htx\system\CodeIgniter.php(891): App\Controllers\BaseController->initController(Object(CodeIgniter\HTTP\IncomingRequest), Object(CodeIgniter\HTTP\Response), Object(CodeIgniter\Log\Logger))
#1 C:\laragon\www\htx\system\CodeIgniter.php(399): CodeIgniter\CodeIgniter->createController()
#2 C:\laragon\www\htx\system\CodeIgniter.php(312): CodeIgniter\CodeIgniter->handleRequest(NULL, Object(Config\Cache), false)
#3 C:\laragon\www\htx\public\index.php(45): CodeIgniter\CodeIgniter->run()
#4 {main}
CRITICAL - 2020-12-29 03:18:00 --> Call to a member function fetch_module() on null
#0 C:\laragon\www\htx\system\CodeIgniter.php(891): App\Controllers\BaseController->initController(Object(CodeIgniter\HTTP\IncomingRequest), Object(CodeIgniter\HTTP\Response), Object(CodeIgniter\Log\Logger))
#1 C:\laragon\www\htx\system\CodeIgniter.php(399): CodeIgniter\CodeIgniter->createController()
#2 C:\laragon\www\htx\system\CodeIgniter.php(312): CodeIgniter\CodeIgniter->handleRequest(NULL, Object(Config\Cache), false)
#3 C:\laragon\www\htx\public\index.php(45): CodeIgniter\CodeIgniter->run()
#4 {main}
CRITICAL - 2020-12-29 03:18:00 --> Call to a member function fetch_module() on null
#0 C:\laragon\www\htx\system\CodeIgniter.php(891): App\Controllers\BaseController->initController(Object(CodeIgniter\HTTP\IncomingRequest), Object(CodeIgniter\HTTP\Response), Object(CodeIgniter\Log\Logger))
#1 C:\laragon\www\htx\system\CodeIgniter.php(399): CodeIgniter\CodeIgniter->createController()
#2 C:\laragon\www\htx\system\CodeIgniter.php(312): CodeIgniter\CodeIgniter->handleRequest(NULL, Object(Config\Cache), false)
#3 C:\laragon\www\htx\public\index.php(45): CodeIgniter\CodeIgniter->run()
#4 {main}
CRITICAL - 2020-12-29 03:18:16 --> Call to a member function fetch_module() on null
#0 C:\laragon\www\htx\system\CodeIgniter.php(891): App\Controllers\BaseController->initController(Object(CodeIgniter\HTTP\IncomingRequest), Object(CodeIgniter\HTTP\Response), Object(CodeIgniter\Log\Logger))
#1 C:\laragon\www\htx\system\CodeIgniter.php(399): CodeIgniter\CodeIgniter->createController()
#2 C:\laragon\www\htx\system\CodeIgniter.php(312): CodeIgniter\CodeIgniter->handleRequest(NULL, Object(Config\Cache), false)
#3 C:\laragon\www\htx\public\index.php(45): CodeIgniter\CodeIgniter->run()
#4 {main}
CRITICAL - 2020-12-29 03:18:16 --> Call to a member function fetch_module() on null
#0 C:\laragon\www\htx\system\CodeIgniter.php(891): App\Controllers\BaseController->initController(Object(CodeIgniter\HTTP\IncomingRequest), Object(CodeIgniter\HTTP\Response), Object(CodeIgniter\Log\Logger))
#1 C:\laragon\www\htx\system\CodeIgniter.php(399): CodeIgniter\CodeIgniter->createController()
#2 C:\laragon\www\htx\system\CodeIgniter.php(312): CodeIgniter\CodeIgniter->handleRequest(NULL, Object(Config\Cache), false)
#3 C:\laragon\www\htx\public\index.php(45): CodeIgniter\CodeIgniter->run()
#4 {main}
CRITICAL - 2020-12-29 03:18:17 --> Call to a member function fetch_module() on null
#0 C:\laragon\www\htx\system\CodeIgniter.php(891): App\Controllers\BaseController->initController(Object(CodeIgniter\HTTP\IncomingRequest), Object(CodeIgniter\HTTP\Response), Object(CodeIgniter\Log\Logger))
#1 C:\laragon\www\htx\system\CodeIgniter.php(399): CodeIgniter\CodeIgniter->createController()
#2 C:\laragon\www\htx\system\CodeIgniter.php(312): CodeIgniter\CodeIgniter->handleRequest(NULL, Object(Config\Cache), false)
#3 C:\laragon\www\htx\public\index.php(45): CodeIgniter\CodeIgniter->run()
#4 {main}
CRITICAL - 2020-12-29 03:18:24 --> Call to a member function fetch_module() on null
#0 C:\laragon\www\htx\system\CodeIgniter.php(891): App\Controllers\BaseController->initController(Object(CodeIgniter\HTTP\IncomingRequest), Object(CodeIgniter\HTTP\Response), Object(CodeIgniter\Log\Logger))
#1 C:\laragon\www\htx\system\CodeIgniter.php(399): CodeIgniter\CodeIgniter->createController()
#2 C:\laragon\www\htx\system\CodeIgniter.php(312): CodeIgniter\CodeIgniter->handleRequest(NULL, Object(Config\Cache), false)
#3 C:\laragon\www\htx\public\index.php(45): CodeIgniter\CodeIgniter->run()
#4 {main}
CRITICAL - 2020-12-29 03:18:24 --> Call to a member function fetch_module() on null
#0 C:\laragon\www\htx\system\CodeIgniter.php(891): App\Controllers\BaseController->initController(Object(CodeIgniter\HTTP\IncomingRequest), Object(CodeIgniter\HTTP\Response), Object(CodeIgniter\Log\Logger))
#1 C:\laragon\www\htx\system\CodeIgniter.php(399): CodeIgniter\CodeIgniter->createController()
#2 C:\laragon\www\htx\system\CodeIgniter.php(312): CodeIgniter\CodeIgniter->handleRequest(NULL, Object(Config\Cache), false)
#3 C:\laragon\www\htx\public\index.php(45): CodeIgniter\CodeIgniter->run()
#4 {main}
CRITICAL - 2020-12-29 03:18:25 --> Call to a member function fetch_module() on null
#0 C:\laragon\www\htx\system\CodeIgniter.php(891): App\Controllers\BaseController->initController(Object(CodeIgniter\HTTP\IncomingRequest), Object(CodeIgniter\HTTP\Response), Object(CodeIgniter\Log\Logger))
#1 C:\laragon\www\htx\system\CodeIgniter.php(399): CodeIgniter\CodeIgniter->createController()
#2 C:\laragon\www\htx\system\CodeIgniter.php(312): CodeIgniter\CodeIgniter->handleRequest(NULL, Object(Config\Cache), false)
#3 C:\laragon\www\htx\public\index.php(45): CodeIgniter\CodeIgniter->run()
#4 {main}
CRITICAL - 2020-12-29 03:19:52 --> Call to a member function fetch_module() on null
#0 C:\laragon\www\htx\system\CodeIgniter.php(890): App\Controllers\BaseController->__construct()
#1 C:\laragon\www\htx\system\CodeIgniter.php(399): CodeIgniter\CodeIgniter->createController()
#2 C:\laragon\www\htx\system\CodeIgniter.php(312): CodeIgniter\CodeIgniter->handleRequest(NULL, Object(Config\Cache), false)
#3 C:\laragon\www\htx\public\index.php(45): CodeIgniter\CodeIgniter->run()
#4 {main}
CRITICAL - 2020-12-29 03:19:52 --> Call to a member function fetch_module() on null
#0 C:\laragon\www\htx\system\CodeIgniter.php(890): App\Controllers\BaseController->__construct()
#1 C:\laragon\www\htx\system\CodeIgniter.php(399): CodeIgniter\CodeIgniter->createController()
#2 C:\laragon\www\htx\system\CodeIgniter.php(312): CodeIgniter\CodeIgniter->handleRequest(NULL, Object(Config\Cache), false)
#3 C:\laragon\www\htx\public\index.php(45): CodeIgniter\CodeIgniter->run()
#4 {main}
CRITICAL - 2020-12-29 03:19:53 --> Call to a member function fetch_module() on null
#0 C:\laragon\www\htx\system\CodeIgniter.php(890): App\Controllers\BaseController->__construct()
#1 C:\laragon\www\htx\system\CodeIgniter.php(399): CodeIgniter\CodeIgniter->createController()
#2 C:\laragon\www\htx\system\CodeIgniter.php(312): CodeIgniter\CodeIgniter->handleRequest(NULL, Object(Config\Cache), false)
#3 C:\laragon\www\htx\public\index.php(45): CodeIgniter\CodeIgniter->run()
#4 {main}
CRITICAL - 2020-12-29 03:19:56 --> Call to a member function fetch_module() on null
#0 C:\laragon\www\htx\system\CodeIgniter.php(890): App\Controllers\BaseController->__construct()
#1 C:\laragon\www\htx\system\CodeIgniter.php(399): CodeIgniter\CodeIgniter->createController()
#2 C:\laragon\www\htx\system\CodeIgniter.php(312): CodeIgniter\CodeIgniter->handleRequest(NULL, Object(Config\Cache), false)
#3 C:\laragon\www\htx\public\index.php(45): CodeIgniter\CodeIgniter->run()
#4 {main}
CRITICAL - 2020-12-29 03:19:56 --> Call to a member function fetch_module() on null
#0 C:\laragon\www\htx\system\CodeIgniter.php(890): App\Controllers\BaseController->__construct()
#1 C:\laragon\www\htx\system\CodeIgniter.php(399): CodeIgniter\CodeIgniter->createController()
#2 C:\laragon\www\htx\system\CodeIgniter.php(312): CodeIgniter\CodeIgniter->handleRequest(NULL, Object(Config\Cache), false)
#3 C:\laragon\www\htx\public\index.php(45): CodeIgniter\CodeIgniter->run()
#4 {main}
CRITICAL - 2020-12-29 03:21:12 --> Call to a member function fetch_module() on null
#0 C:\laragon\www\htx\system\CodeIgniter.php(891): App\Controllers\BaseController->initController(Object(CodeIgniter\HTTP\IncomingRequest), Object(CodeIgniter\HTTP\Response), Object(CodeIgniter\Log\Logger))
#1 C:\laragon\www\htx\system\CodeIgniter.php(399): CodeIgniter\CodeIgniter->createController()
#2 C:\laragon\www\htx\system\CodeIgniter.php(312): CodeIgniter\CodeIgniter->handleRequest(NULL, Object(Config\Cache), false)
#3 C:\laragon\www\htx\public\index.php(45): CodeIgniter\CodeIgniter->run()
#4 {main}
CRITICAL - 2020-12-29 03:21:29 --> Call to a member function fetch_module() on null
#0 C:\laragon\www\htx\system\CodeIgniter.php(891): App\Controllers\BaseController->initController(Object(CodeIgniter\HTTP\IncomingRequest), Object(CodeIgniter\HTTP\Response), Object(CodeIgniter\Log\Logger))
#1 C:\laragon\www\htx\system\CodeIgniter.php(399): CodeIgniter\CodeIgniter->createController()
#2 C:\laragon\www\htx\system\CodeIgniter.php(312): CodeIgniter\CodeIgniter->handleRequest(NULL, Object(Config\Cache), false)
#3 C:\laragon\www\htx\public\index.php(45): CodeIgniter\CodeIgniter->run()
#4 {main}
CRITICAL - 2020-12-29 03:21:44 --> Call to a member function fetch_class() on null
#0 C:\laragon\www\htx\system\CodeIgniter.php(891): App\Controllers\BaseController->initController(Object(CodeIgniter\HTTP\IncomingRequest), Object(CodeIgniter\HTTP\Response), Object(CodeIgniter\Log\Logger))
#1 C:\laragon\www\htx\system\CodeIgniter.php(399): CodeIgniter\CodeIgniter->createController()
#2 C:\laragon\www\htx\system\CodeIgniter.php(312): CodeIgniter\CodeIgniter->handleRequest(NULL, Object(Config\Cache), false)
#3 C:\laragon\www\htx\public\index.php(45): CodeIgniter\CodeIgniter->run()
#4 {main}
CRITICAL - 2020-12-29 03:27:04 --> Call to undefined method CodeIgniter\Router\Router::controller()
#0 C:\laragon\www\htx\system\CodeIgniter.php(891): App\Controllers\BaseController->initController(Object(CodeIgniter\HTTP\IncomingRequest), Object(CodeIgniter\HTTP\Response), Object(CodeIgniter\Log\Logger))
#1 C:\laragon\www\htx\system\CodeIgniter.php(399): CodeIgniter\CodeIgniter->createController()
#2 C:\laragon\www\htx\system\CodeIgniter.php(312): CodeIgniter\CodeIgniter->handleRequest(NULL, Object(Config\Cache), false)
#3 C:\laragon\www\htx\public\index.php(45): CodeIgniter\CodeIgniter->run()
#4 {main}
CRITICAL - 2020-12-29 03:27:28 --> Call to undefined method CodeIgniter\Router\Router::controller()
#0 C:\laragon\www\htx\system\CodeIgniter.php(891): App\Controllers\BaseController->initController(Object(CodeIgniter\HTTP\IncomingRequest), Object(CodeIgniter\HTTP\Response), Object(CodeIgniter\Log\Logger))
#1 C:\laragon\www\htx\system\CodeIgniter.php(399): CodeIgniter\CodeIgniter->createController()
#2 C:\laragon\www\htx\system\CodeIgniter.php(312): CodeIgniter\CodeIgniter->handleRequest(NULL, Object(Config\Cache), false)
#3 C:\laragon\www\htx\public\index.php(45): CodeIgniter\CodeIgniter->run()
#4 {main}
CRITICAL - 2020-12-29 03:39:07 --> Invalid file: frontend\home\index.php
#0 C:\laragon\www\htx\system\View\View.php(228): CodeIgniter\Exceptions\FrameworkException::forInvalidFile('frontend\\home\\i...')
#1 C:\laragon\www\htx\system\Common.php(1119): CodeIgniter\View\View->render('frontend\\home\\i...', Array, true)
#2 C:\laragon\www\htx\app\Controllers\Home.php(9): view('frontend\\home\\i...', Array)
#3 C:\laragon\www\htx\system\CodeIgniter.php(918): App\Controllers\Home->index()
#4 C:\laragon\www\htx\system\CodeIgniter.php(404): CodeIgniter\CodeIgniter->runController(Object(App\Controllers\Home))
#5 C:\laragon\www\htx\system\CodeIgniter.php(312): CodeIgniter\CodeIgniter->handleRequest(NULL, Object(Config\Cache), false)
#6 C:\laragon\www\htx\public\index.php(45): CodeIgniter\CodeIgniter->run()
#7 {main}
CRITICAL - 2020-12-29 07:55:52 --> Class 'CodeIgniter\Filters\AdminFilter' not found
#0 C:\laragon\www\htx\system\CodeIgniter.php(382): CodeIgniter\Filters\Filters->run('admin/home/inde...', 'before')
#1 C:\laragon\www\htx\system\CodeIgniter.php(312): CodeIgniter\CodeIgniter->handleRequest(NULL, Object(Config\Cache), false)
#2 C:\laragon\www\htx\public\index.php(45): CodeIgniter\CodeIgniter->run()
#3 {main}
CRITICAL - 2020-12-29 07:56:23 --> Class 'CodeIgniter\Filters\AdminFilter' not found
#0 C:\laragon\www\htx\system\CodeIgniter.php(382): CodeIgniter\Filters\Filters->run('admin/home/inde...', 'before')
#1 C:\laragon\www\htx\system\CodeIgniter.php(312): CodeIgniter\CodeIgniter->handleRequest(NULL, Object(Config\Cache), false)
#2 C:\laragon\www\htx\public\index.php(45): CodeIgniter\CodeIgniter->run()
#3 {main}
CRITICAL - 2020-12-29 07:56:24 --> Class 'CodeIgniter\Filters\AdminFilter' not found
#0 C:\laragon\www\htx\system\CodeIgniter.php(382): CodeIgniter\Filters\Filters->run('admin/home/inde...', 'before')
#1 C:\laragon\www\htx\system\CodeIgniter.php(312): CodeIgniter\CodeIgniter->handleRequest(NULL, Object(Config\Cache), false)
#2 C:\laragon\www\htx\public\index.php(45): CodeIgniter\CodeIgniter->run()
#3 {main}
CRITICAL - 2020-12-29 07:57:13 --> Class 'CodeIgniter\Filters\AdminFilter' not found
#0 C:\laragon\www\htx\system\CodeIgniter.php(382): CodeIgniter\Filters\Filters->run('admin/home/inde...', 'before')
#1 C:\laragon\www\htx\system\CodeIgniter.php(312): CodeIgniter\CodeIgniter->handleRequest(NULL, Object(Config\Cache), false)
#2 C:\laragon\www\htx\public\index.php(45): CodeIgniter\CodeIgniter->run()
#3 {main}
CRITICAL - 2020-12-29 07:57:14 --> Class 'CodeIgniter\Filters\AdminFilter' not found
#0 C:\laragon\www\htx\system\CodeIgniter.php(382): CodeIgniter\Filters\Filters->run('admin/home/inde...', 'before')
#1 C:\laragon\www\htx\system\CodeIgniter.php(312): CodeIgniter\CodeIgniter->handleRequest(NULL, Object(Config\Cache), false)
#2 C:\laragon\www\htx\public\index.php(45): CodeIgniter\CodeIgniter->run()
#3 {main}
CRITICAL - 2020-12-29 07:59:42 --> Class 'CodeIgniter\Filters\AdminFilter' not found
#0 C:\laragon\www\htx\system\CodeIgniter.php(382): CodeIgniter\Filters\Filters->run('admin/home/inde...', 'before')
#1 C:\laragon\www\htx\system\CodeIgniter.php(312): CodeIgniter\CodeIgniter->handleRequest(NULL, Object(Config\Cache), false)
#2 C:\laragon\www\htx\public\index.php(45): CodeIgniter\CodeIgniter->run()
#3 {main}
CRITICAL - 2020-12-29 07:59:42 --> Class 'CodeIgniter\Filters\AdminFilter' not found
#0 C:\laragon\www\htx\system\CodeIgniter.php(382): CodeIgniter\Filters\Filters->run('admin/home/inde...', 'before')
#1 C:\laragon\www\htx\system\CodeIgniter.php(312): CodeIgniter\CodeIgniter->handleRequest(NULL, Object(Config\Cache), false)
#2 C:\laragon\www\htx\public\index.php(45): CodeIgniter\CodeIgniter->run()
#3 {main}
CRITICAL - 2020-12-29 08:01:52 --> Class 'CodeIgniter\Filters\AdminFilter' not found
#0 C:\laragon\www\htx\system\CodeIgniter.php(382): CodeIgniter\Filters\Filters->run('admin/home/inde...', 'before')
#1 C:\laragon\www\htx\system\CodeIgniter.php(312): CodeIgniter\CodeIgniter->handleRequest(NULL, Object(Config\Cache), false)
#2 C:\laragon\www\htx\public\index.php(45): CodeIgniter\CodeIgniter->run()
#3 {main}
CRITICAL - 2020-12-29 08:02:31 --> Class 'CodeIgniter\Filters\Admin' not found
#0 C:\laragon\www\htx\system\CodeIgniter.php(382): CodeIgniter\Filters\Filters->run('admin/home/inde...', 'before')
#1 C:\laragon\www\htx\system\CodeIgniter.php(312): CodeIgniter\CodeIgniter->handleRequest(NULL, Object(Config\Cache), false)
#2 C:\laragon\www\htx\public\index.php(45): CodeIgniter\CodeIgniter->run()
#3 {main}
CRITICAL - 2020-12-29 08:02:33 --> Class 'CodeIgniter\Filters\Admin' not found
#0 C:\laragon\www\htx\system\CodeIgniter.php(382): CodeIgniter\Filters\Filters->run('admin/home/inde...', 'before')
#1 C:\laragon\www\htx\system\CodeIgniter.php(312): CodeIgniter\CodeIgniter->handleRequest(NULL, Object(Config\Cache), false)
#2 C:\laragon\www\htx\public\index.php(45): CodeIgniter\CodeIgniter->run()
#3 {main}
CRITICAL - 2020-12-29 08:02:33 --> Class 'CodeIgniter\Filters\Admin' not found
#0 C:\laragon\www\htx\system\CodeIgniter.php(382): CodeIgniter\Filters\Filters->run('admin/home/inde...', 'before')
#1 C:\laragon\www\htx\system\CodeIgniter.php(312): CodeIgniter\CodeIgniter->handleRequest(NULL, Object(Config\Cache), false)
#2 C:\laragon\www\htx\public\index.php(45): CodeIgniter\CodeIgniter->run()
#3 {main}
CRITICAL - 2020-12-29 08:02:33 --> Class 'CodeIgniter\Filters\Admin' not found
#0 C:\laragon\www\htx\system\CodeIgniter.php(382): CodeIgniter\Filters\Filters->run('admin/home/inde...', 'before')
#1 C:\laragon\www\htx\system\CodeIgniter.php(312): CodeIgniter\CodeIgniter->handleRequest(NULL, Object(Config\Cache), false)
#2 C:\laragon\www\htx\public\index.php(45): CodeIgniter\CodeIgniter->run()
#3 {main}
CRITICAL - 2020-12-29 08:02:34 --> Class 'CodeIgniter\Filters\Admin' not found
#0 C:\laragon\www\htx\system\CodeIgniter.php(382): CodeIgniter\Filters\Filters->run('admin/home/inde...', 'before')
#1 C:\laragon\www\htx\system\CodeIgniter.php(312): CodeIgniter\CodeIgniter->handleRequest(NULL, Object(Config\Cache), false)
#2 C:\laragon\www\htx\public\index.php(45): CodeIgniter\CodeIgniter->run()
#3 {main}
CRITICAL - 2020-12-29 08:03:54 --> Class 'CodeIgniter\Filters\AdminFilter' not found
#0 C:\laragon\www\htx\system\CodeIgniter.php(382): CodeIgniter\Filters\Filters->run('admin/home/inde...', 'before')
#1 C:\laragon\www\htx\system\CodeIgniter.php(312): CodeIgniter\CodeIgniter->handleRequest(NULL, Object(Config\Cache), false)
#2 C:\laragon\www\htx\public\index.php(45): CodeIgniter\CodeIgniter->run()
#3 {main}
CRITICAL - 2020-12-29 08:05:21 --> Class 'Config\App\Filters\AdminFilter' not found
#0 C:\laragon\www\htx\system\CodeIgniter.php(382): CodeIgniter\Filters\Filters->run('admin/home/inde...', 'before')
#1 C:\laragon\www\htx\system\CodeIgniter.php(312): CodeIgniter\CodeIgniter->handleRequest(NULL, Object(Config\Cache), false)
#2 C:\laragon\www\htx\public\index.php(45): CodeIgniter\CodeIgniter->run()
#3 {main}
CRITICAL - 2020-12-29 08:06:03 --> Undefined variable: title
#0 C:\laragon\www\htx\app\ThirdParty\myth-auth\src\Views\login.php(8): CodeIgniter\Debug\Exceptions->errorHandler(8, 'Undefined varia...', 'C:\\laragon\\www\\...', 8, Array)
#1 C:\laragon\www\htx\system\View\View.php(246): include('C:\\laragon\\www\\...')
#2 C:\laragon\www\htx\system\Common.php(1119): CodeIgniter\View\View->render('Myth\\Auth\\Views...', Array, true)
#3 C:\laragon\www\htx\app\ThirdParty\myth-auth\src\Controllers\AuthController.php(419): view('Myth\\Auth\\Views...', Array)
#4 C:\laragon\www\htx\app\ThirdParty\myth-auth\src\Controllers\AuthController.php(55): Myth\Auth\Controllers\AuthController->_render('Myth\\Auth\\Views...', Array)
#5 C:\laragon\www\htx\system\CodeIgniter.php(918): Myth\Auth\Controllers\AuthController->login()
#6 C:\laragon\www\htx\system\CodeIgniter.php(404): CodeIgniter\CodeIgniter->runController(Object(Myth\Auth\Controllers\AuthController))
#7 C:\laragon\www\htx\system\CodeIgniter.php(312): CodeIgniter\CodeIgniter->handleRequest(NULL, Object(Config\Cache), false)
#8 C:\laragon\www\htx\public\index.php(45): CodeIgniter\CodeIgniter->run()
#9 {main}
CRITICAL - 2020-12-29 08:17:54 --> Invalid file: backend\home\index.php
#0 C:\laragon\www\htx\system\View\View.php(228): CodeIgniter\Exceptions\FrameworkException::forInvalidFile('backend\\home\\in...')
#1 C:\laragon\www\htx\system\Common.php(1119): CodeIgniter\View\View->render('backend\\home\\in...', Array, true)
#2 C:\laragon\www\htx\app\Controllers\Admin\Home.php(10): view('backend\\home\\in...', Array)
#3 C:\laragon\www\htx\system\CodeIgniter.php(918): App\Controllers\Admin\Home->index()
#4 C:\laragon\www\htx\system\CodeIgniter.php(404): CodeIgniter\CodeIgniter->runController(Object(App\Controllers\Admin\Home))
#5 C:\laragon\www\htx\system\CodeIgniter.php(312): CodeIgniter\CodeIgniter->handleRequest(NULL, Object(Config\Cache), false)
#6 C:\laragon\www\htx\public\index.php(45): CodeIgniter\CodeIgniter->run()
#7 {main}
CRITICAL - 2020-12-29 08:55:54 --> Invalid file: _header.php
#0 C:\laragon\www\htx\system\View\View.php(228): CodeIgniter\Exceptions\FrameworkException::forInvalidFile('_header.php')
#1 C:\laragon\www\htx\system\View\View.php(525): CodeIgniter\View\View->render('_header', NULL, true)
#2 C:\laragon\www\htx\app\Views\backend\layouts\main.php(39): CodeIgniter\View\View->include('_header')
#3 C:\laragon\www\htx\system\View\View.php(246): include('C:\\laragon\\www\\...')
#4 C:\laragon\www\htx\system\View\View.php(257): CodeIgniter\View\View->render('backend\\layouts...', Array, true)
#5 C:\laragon\www\htx\system\Common.php(1119): CodeIgniter\View\View->render('backend\\home\\in...', Array, true)
#6 C:\laragon\www\htx\app\Controllers\Admin\Home.php(10): view('backend\\home\\in...', Array)
#7 C:\laragon\www\htx\system\CodeIgniter.php(918): App\Controllers\Admin\Home->index()
#8 C:\laragon\www\htx\system\CodeIgniter.php(404): CodeIgniter\CodeIgniter->runController(Object(App\Controllers\Admin\Home))
#9 C:\laragon\www\htx\system\CodeIgniter.php(312): CodeIgniter\CodeIgniter->handleRequest(NULL, Object(Config\Cache), false)
#10 C:\laragon\www\htx\public\index.php(45): CodeIgniter\CodeIgniter->run()
#11 {main}
CRITICAL - 2020-12-29 08:58:17 --> Invalid file: /_header.php
#0 C:\laragon\www\htx\system\View\View.php(228): CodeIgniter\Exceptions\FrameworkException::forInvalidFile('/_header.php')
#1 C:\laragon\www\htx\system\View\View.php(525): CodeIgniter\View\View->render('/_header', NULL, true)
#2 C:\laragon\www\htx\app\Views\backend\layouts\main.php(39): CodeIgniter\View\View->include('/_header')
#3 C:\laragon\www\htx\system\View\View.php(246): include('C:\\laragon\\www\\...')
#4 C:\laragon\www\htx\system\View\View.php(257): CodeIgniter\View\View->render('backend\\layouts...', Array, true)
#5 C:\laragon\www\htx\system\Common.php(1119): CodeIgniter\View\View->render('backend\\home\\in...', Array, true)
#6 C:\laragon\www\htx\app\Controllers\Admin\Home.php(10): view('backend\\home\\in...', Array)
#7 C:\laragon\www\htx\system\CodeIgniter.php(918): App\Controllers\Admin\Home->index()
#8 C:\laragon\www\htx\system\CodeIgniter.php(404): CodeIgniter\CodeIgniter->runController(Object(App\Controllers\Admin\Home))
#9 C:\laragon\www\htx\system\CodeIgniter.php(312): CodeIgniter\CodeIgniter->handleRequest(NULL, Object(Config\Cache), false)
#10 C:\laragon\www\htx\public\index.php(45): CodeIgniter\CodeIgniter->run()
#11 {main}
CRITICAL - 2020-12-29 08:58:36 --> Invalid file: ./_header.php
#0 C:\laragon\www\htx\system\View\View.php(228): CodeIgniter\Exceptions\FrameworkException::forInvalidFile('./_header.php')
#1 C:\laragon\www\htx\system\View\View.php(525): CodeIgniter\View\View->render('./_header', NULL, true)
#2 C:\laragon\www\htx\app\Views\backend\layouts\main.php(39): CodeIgniter\View\View->include('./_header')
#3 C:\laragon\www\htx\system\View\View.php(246): include('C:\\laragon\\www\\...')
#4 C:\laragon\www\htx\system\View\View.php(257): CodeIgniter\View\View->render('backend\\layouts...', Array, true)
#5 C:\laragon\www\htx\system\Common.php(1119): CodeIgniter\View\View->render('backend\\home\\in...', Array, true)
#6 C:\laragon\www\htx\app\Controllers\Admin\Home.php(10): view('backend\\home\\in...', Array)
#7 C:\laragon\www\htx\system\CodeIgniter.php(918): App\Controllers\Admin\Home->index()
#8 C:\laragon\www\htx\system\CodeIgniter.php(404): CodeIgniter\CodeIgniter->runController(Object(App\Controllers\Admin\Home))
#9 C:\laragon\www\htx\system\CodeIgniter.php(312): CodeIgniter\CodeIgniter->handleRequest(NULL, Object(Config\Cache), false)
#10 C:\laragon\www\htx\public\index.php(45): CodeIgniter\CodeIgniter->run()
#11 {main}
CRITICAL - 2020-12-29 09:18:11 --> Call to undefined function link_tag()
#0 C:\laragon\www\htx\system\View\View.php(246): include()
#1 C:\laragon\www\htx\system\View\View.php(257): CodeIgniter\View\View->render('backend\\layouts...', Array, true)
#2 C:\laragon\www\htx\system\Common.php(1119): CodeIgniter\View\View->render('backend\\home\\in...', Array, true)
#3 C:\laragon\www\htx\app\Controllers\Admin\Home.php(10): view('backend\\home\\in...', Array)
#4 C:\laragon\www\htx\system\CodeIgniter.php(918): App\Controllers\Admin\Home->index()
#5 C:\laragon\www\htx\system\CodeIgniter.php(404): CodeIgniter\CodeIgniter->runController(Object(App\Controllers\Admin\Home))
#6 C:\laragon\www\htx\system\CodeIgniter.php(312): CodeIgniter\CodeIgniter->handleRequest(NULL, Object(Config\Cache), false)
#7 C:\laragon\www\htx\public\index.php(45): CodeIgniter\CodeIgniter->run()
#8 {main}
CRITICAL - 2020-12-29 09:19:17 --> Call to undefined function link_tag()
#0 C:\laragon\www\htx\system\View\View.php(246): include()
#1 C:\laragon\www\htx\system\View\View.php(257): CodeIgniter\View\View->render('backend\\layouts...', Array, true)
#2 C:\laragon\www\htx\system\Common.php(1119): CodeIgniter\View\View->render('backend\\home\\in...', Array, true)
#3 C:\laragon\www\htx\app\Controllers\Admin\Home.php(10): view('backend\\home\\in...', Array)
#4 C:\laragon\www\htx\system\CodeIgniter.php(918): App\Controllers\Admin\Home->index()
#5 C:\laragon\www\htx\system\CodeIgniter.php(404): CodeIgniter\CodeIgniter->runController(Object(App\Controllers\Admin\Home))
#6 C:\laragon\www\htx\system\CodeIgniter.php(312): CodeIgniter\CodeIgniter->handleRequest(NULL, Object(Config\Cache), false)
#7 C:\laragon\www\htx\public\index.php(45): CodeIgniter\CodeIgniter->run()
#8 {main}
CRITICAL - 2020-12-29 09:20:00 --> Call to undefined function link_tag()
#0 C:\laragon\www\htx\system\View\View.php(246): include()
#1 C:\laragon\www\htx\system\View\View.php(257): CodeIgniter\View\View->render('backend\\layouts...', Array, true)
#2 C:\laragon\www\htx\system\Common.php(1119): CodeIgniter\View\View->render('backend\\home\\in...', Array, true)
#3 C:\laragon\www\htx\app\Controllers\Admin\Home.php(10): view('backend\\home\\in...', Array)
#4 C:\laragon\www\htx\system\CodeIgniter.php(918): App\Controllers\Admin\Home->index()
#5 C:\laragon\www\htx\system\CodeIgniter.php(404): CodeIgniter\CodeIgniter->runController(Object(App\Controllers\Admin\Home))
#6 C:\laragon\www\htx\system\CodeIgniter.php(312): CodeIgniter\CodeIgniter->handleRequest(NULL, Object(Config\Cache), false)
#7 C:\laragon\www\htx\public\index.php(45): CodeIgniter\CodeIgniter->run()
#8 {main}
CRITICAL - 2020-12-29 09:20:12 --> Call to undefined function link_tag()
#0 C:\laragon\www\htx\system\View\View.php(246): include()
#1 C:\laragon\www\htx\system\View\View.php(257): CodeIgniter\View\View->render('backend\\layouts...', Array, true)
#2 C:\laragon\www\htx\system\Common.php(1119): CodeIgniter\View\View->render('backend\\home\\in...', Array, true)
#3 C:\laragon\www\htx\app\Controllers\Admin\Home.php(10): view('backend\\home\\in...', Array)
#4 C:\laragon\www\htx\system\CodeIgniter.php(918): App\Controllers\Admin\Home->index()
#5 C:\laragon\www\htx\system\CodeIgniter.php(404): CodeIgniter\CodeIgniter->runController(Object(App\Controllers\Admin\Home))
#6 C:\laragon\www\htx\system\CodeIgniter.php(312): CodeIgniter\CodeIgniter->handleRequest(NULL, Object(Config\Cache), false)
#7 C:\laragon\www\htx\public\index.php(45): CodeIgniter\CodeIgniter->run()
#8 {main}
CRITICAL - 2020-12-29 09:20:50 --> Call to undefined function link_tag()
#0 C:\laragon\www\htx\system\View\View.php(246): include()
#1 C:\laragon\www\htx\system\View\View.php(257): CodeIgniter\View\View->render('backend\\layouts...', Array, true)
#2 C:\laragon\www\htx\system\Common.php(1119): CodeIgniter\View\View->render('backend\\home\\in...', Array, true)
#3 C:\laragon\www\htx\app\Controllers\Admin\Home.php(10): view('backend\\home\\in...', Array)
#4 C:\laragon\www\htx\system\CodeIgniter.php(918): App\Controllers\Admin\Home->index()
#5 C:\laragon\www\htx\system\CodeIgniter.php(404): CodeIgniter\CodeIgniter->runController(Object(App\Controllers\Admin\Home))
#6 C:\laragon\www\htx\system\CodeIgniter.php(312): CodeIgniter\CodeIgniter->handleRequest(NULL, Object(Config\Cache), false)
#7 C:\laragon\www\htx\public\index.php(45): CodeIgniter\CodeIgniter->run()
#8 {main}
CRITICAL - 2020-12-29 09:20:52 --> Call to undefined function link_tag()
#0 C:\laragon\www\htx\system\View\View.php(246): include()
#1 C:\laragon\www\htx\system\View\View.php(257): CodeIgniter\View\View->render('backend\\layouts...', Array, true)
#2 C:\laragon\www\htx\system\Common.php(1119): CodeIgniter\View\View->render('backend\\home\\in...', Array, true)
#3 C:\laragon\www\htx\app\Controllers\Admin\Home.php(10): view('backend\\home\\in...', Array)
#4 C:\laragon\www\htx\system\CodeIgniter.php(918): App\Controllers\Admin\Home->index()
#5 C:\laragon\www\htx\system\CodeIgniter.php(404): CodeIgniter\CodeIgniter->runController(Object(App\Controllers\Admin\Home))
#6 C:\laragon\www\htx\system\CodeIgniter.php(312): CodeIgniter\CodeIgniter->handleRequest(NULL, Object(Config\Cache), false)
#7 C:\laragon\www\htx\public\index.php(45): CodeIgniter\CodeIgniter->run()
#8 {main}
CRITICAL - 2020-12-29 09:21:00 --> Call to undefined function link_tag()
#0 C:\laragon\www\htx\system\View\View.php(246): include()
#1 C:\laragon\www\htx\system\View\View.php(257): CodeIgniter\View\View->render('backend\\layouts...', Array, true)
#2 C:\laragon\www\htx\system\Common.php(1119): CodeIgniter\View\View->render('backend\\home\\in...', Array, true)
#3 C:\laragon\www\htx\app\Controllers\Admin\Home.php(10): view('backend\\home\\in...', Array)
#4 C:\laragon\www\htx\system\CodeIgniter.php(918): App\Controllers\Admin\Home->index()
#5 C:\laragon\www\htx\system\CodeIgniter.php(404): CodeIgniter\CodeIgniter->runController(Object(App\Controllers\Admin\Home))
#6 C:\laragon\www\htx\system\CodeIgniter.php(312): CodeIgniter\CodeIgniter->handleRequest(NULL, Object(Config\Cache), false)
#7 C:\laragon\www\htx\public\index.php(45): CodeIgniter\CodeIgniter->run()
#8 {main}
CRITICAL - 2020-12-29 09:21:12 --> Call to undefined function script_tag()
#0 C:\laragon\www\htx\system\View\View.php(246): include()
#1 C:\laragon\www\htx\system\View\View.php(257): CodeIgniter\View\View->render('backend\\layouts...', Array, true)
#2 C:\laragon\www\htx\system\Common.php(1119): CodeIgniter\View\View->render('backend\\home\\in...', Array, true)
#3 C:\laragon\www\htx\app\Controllers\Admin\Home.php(10): view('backend\\home\\in...', Array)
#4 C:\laragon\www\htx\system\CodeIgniter.php(918): App\Controllers\Admin\Home->index()
#5 C:\laragon\www\htx\system\CodeIgniter.php(404): CodeIgniter\CodeIgniter->runController(Object(App\Controllers\Admin\Home))
#6 C:\laragon\www\htx\system\CodeIgniter.php(312): CodeIgniter\CodeIgniter->handleRequest(NULL, Object(Config\Cache), false)
#7 C:\laragon\www\htx\public\index.php(45): CodeIgniter\CodeIgniter->run()
#8 {main}
CRITICAL - 2020-12-29 19:38:37 --> Undefined property: App\Controllers\Admin\Home::$load
#0 C:\laragon\www\htx\app\Controllers\Admin\Home.php(14): CodeIgniter\Debug\Exceptions->errorHandler(8, 'Undefined prope...', 'C:\\laragon\\www\\...', 14, Array)
#1 C:\laragon\www\htx\system\CodeIgniter.php(918): App\Controllers\Admin\Home->settings()
#2 C:\laragon\www\htx\system\CodeIgniter.php(404): CodeIgniter\CodeIgniter->runController(Object(App\Controllers\Admin\Home))
#3 C:\laragon\www\htx\system\CodeIgniter.php(312): CodeIgniter\CodeIgniter->handleRequest(NULL, Object(Config\Cache), false)
#4 C:\laragon\www\htx\public\index.php(45): CodeIgniter\CodeIgniter->run()
#5 {main}
CRITICAL - 2020-12-29 20:09:40 --> Unknown column 'htx_options.deleted_at' in 'where clause'
#0 C:\laragon\www\htx\system\Database\MySQLi\Connection.php(331): mysqli->query('SELECT *\nFROM `...')
#1 C:\laragon\www\htx\system\Database\BaseConnection.php(741): CodeIgniter\Database\MySQLi\Connection->execute('SELECT *\nFROM `...')
#2 C:\laragon\www\htx\system\Database\BaseConnection.php(669): CodeIgniter\Database\BaseConnection->simpleQuery('SELECT *\nFROM `...')
#3 C:\laragon\www\htx\system\Database\BaseBuilder.php(1860): CodeIgniter\Database\BaseConnection->query('SELECT *\nFROM `...', Array, false)
#4 C:\laragon\www\htx\system\Model.php(462): CodeIgniter\Database\BaseBuilder->get()
#5 C:\laragon\www\htx\app\Controllers\Admin\Settings.php(21): CodeIgniter\Model->findAll()
#6 C:\laragon\www\htx\system\CodeIgniter.php(918): App\Controllers\Admin\Settings->index()
#7 C:\laragon\www\htx\system\CodeIgniter.php(404): CodeIgniter\CodeIgniter->runController(Object(App\Controllers\Admin\Settings))
#8 C:\laragon\www\htx\system\CodeIgniter.php(312): CodeIgniter\CodeIgniter->handleRequest(NULL, Object(Config\Cache), false)
#9 C:\laragon\www\htx\public\index.php(45): CodeIgniter\CodeIgniter->run()
#10 {main}
CRITICAL - 2020-12-29 20:11:02 --> Trying to get property 'value' of non-object
#0 C:\laragon\www\htx\app\Views\backend\settings\index.php(34): CodeIgniter\Debug\Exceptions->errorHandler(8, 'Trying to get p...', 'C:\\laragon\\www\\...', 34, Array)
#1 C:\laragon\www\htx\system\View\View.php(246): include('C:\\laragon\\www\\...')
#2 C:\laragon\www\htx\system\Common.php(1119): CodeIgniter\View\View->render('backend\\setting...', Array, true)
#3 C:\laragon\www\htx\app\Controllers\Admin\Settings.php(27): view('backend\\setting...', Array)
#4 C:\laragon\www\htx\system\CodeIgniter.php(918): App\Controllers\Admin\Settings->index()
#5 C:\laragon\www\htx\system\CodeIgniter.php(404): CodeIgniter\CodeIgniter->runController(Object(App\Controllers\Admin\Settings))
#6 C:\laragon\www\htx\system\CodeIgniter.php(312): CodeIgniter\CodeIgniter->handleRequest(NULL, Object(Config\Cache), false)
#7 C:\laragon\www\htx\public\index.php(45): CodeIgniter\CodeIgniter->run()
#8 {main}
CRITICAL - 2020-12-29 20:18:17 --> Allowed fields must be specified for model: App\Models\OptionModel
#0 C:\laragon\www\htx\system\Model.php(1265): CodeIgniter\Database\Exceptions\DataException::forInvalidAllowedFields('App\\Models\\Opti...')
#1 C:\laragon\www\htx\system\Model.php(870): CodeIgniter\Model->doProtectFields(Array)
#2 C:\laragon\www\htx\app\Controllers\Admin\Settings.php(16): CodeIgniter\Model->update(Array, Array)
#3 C:\laragon\www\htx\system\CodeIgniter.php(918): App\Controllers\Admin\Settings->index()
#4 C:\laragon\www\htx\system\CodeIgniter.php(404): CodeIgniter\CodeIgniter->runController(Object(App\Controllers\Admin\Settings))
#5 C:\laragon\www\htx\system\CodeIgniter.php(312): CodeIgniter\CodeIgniter->handleRequest(NULL, Object(Config\Cache), false)
#6 C:\laragon\www\htx\public\index.php(45): CodeIgniter\CodeIgniter->run()
#7 {main}
CRITICAL - 2020-12-29 20:20:28 --> Allowed fields must be specified for model: App\Models\OptionModel
#0 C:\laragon\www\htx\system\Model.php(1265): CodeIgniter\Database\Exceptions\DataException::forInvalidAllowedFields('App\\Models\\Opti...')
#1 C:\laragon\www\htx\system\Model.php(870): CodeIgniter\Model->doProtectFields(Array)
#2 C:\laragon\www\htx\app\Controllers\Admin\Settings.php(16): CodeIgniter\Model->update(Array, Array)
#3 C:\laragon\www\htx\system\CodeIgniter.php(918): App\Controllers\Admin\Settings->index()
#4 C:\laragon\www\htx\system\CodeIgniter.php(404): CodeIgniter\CodeIgniter->runController(Object(App\Controllers\Admin\Settings))
#5 C:\laragon\www\htx\system\CodeIgniter.php(312): CodeIgniter\CodeIgniter->handleRequest(NULL, Object(Config\Cache), false)
#6 C:\laragon\www\htx\public\index.php(45): CodeIgniter\CodeIgniter->run()
#7 {main}
CRITICAL - 2020-12-29 20:20:30 --> Allowed fields must be specified for model: App\Models\OptionModel
#0 C:\laragon\www\htx\system\Model.php(1265): CodeIgniter\Database\Exceptions\DataException::forInvalidAllowedFields('App\\Models\\Opti...')
#1 C:\laragon\www\htx\system\Model.php(870): CodeIgniter\Model->doProtectFields(Array)
#2 C:\laragon\www\htx\app\Controllers\Admin\Settings.php(16): CodeIgniter\Model->update(Array, Array)
#3 C:\laragon\www\htx\system\CodeIgniter.php(918): App\Controllers\Admin\Settings->index()
#4 C:\laragon\www\htx\system\CodeIgniter.php(404): CodeIgniter\CodeIgniter->runController(Object(App\Controllers\Admin\Settings))
#5 C:\laragon\www\htx\system\CodeIgniter.php(312): CodeIgniter\CodeIgniter->handleRequest(NULL, Object(Config\Cache), false)
#6 C:\laragon\www\htx\public\index.php(45): CodeIgniter\CodeIgniter->run()
#7 {main}
CRITICAL - 2020-12-29 21:21:33 --> Invalid file: backend\language\index.php
#0 C:\laragon\www\htx\system\View\View.php(228): CodeIgniter\Exceptions\FrameworkException::forInvalidFile('backend\\languag...')
#1 C:\laragon\www\htx\system\Common.php(1119): CodeIgniter\View\View->render('backend\\languag...', Array, true)
#2 C:\laragon\www\htx\app\Controllers\Admin\Language.php(10): view('backend\\languag...', Array)
#3 C:\laragon\www\htx\system\CodeIgniter.php(918): App\Controllers\Admin\Language->index()
#4 C:\laragon\www\htx\system\CodeIgniter.php(404): CodeIgniter\CodeIgniter->runController(Object(App\Controllers\Admin\Language))
#5 C:\laragon\www\htx\system\CodeIgniter.php(312): CodeIgniter\CodeIgniter->handleRequest(NULL, Object(Config\Cache), false)
#6 C:\laragon\www\htx\public\index.php(45): CodeIgniter\CodeIgniter->run()
#7 {main}
CRITICAL - 2020-12-29 21:22:30 --> Undefined property: App\Controllers\Admin\Language::$config
#0 C:\laragon\www\htx\app\Controllers\Admin\Language.php(80): CodeIgniter\Debug\Exceptions->errorHandler(8, 'Undefined prope...', 'C:\\laragon\\www\\...', 80, Array)
#1 C:\laragon\www\htx\app\Controllers\Admin\Language.php(14): App\Controllers\Admin\Language->_load_language()
#2 C:\laragon\www\htx\system\CodeIgniter.php(918): App\Controllers\Admin\Language->index()
#3 C:\laragon\www\htx\system\CodeIgniter.php(404): CodeIgniter\CodeIgniter->runController(Object(App\Controllers\Admin\Language))
#4 C:\laragon\www\htx\system\CodeIgniter.php(312): CodeIgniter\CodeIgniter->handleRequest(NULL, Object(Config\Cache), false)
#5 C:\laragon\www\htx\public\index.php(45): CodeIgniter\CodeIgniter->run()
#6 {main}
CRITICAL - 2020-12-29 21:22:44 --> Invalid argument supplied for foreach()
#0 C:\laragon\www\htx\app\Controllers\Admin\Language.php(81): CodeIgniter\Debug\Exceptions->errorHandler(2, 'Invalid argumen...', 'C:\\laragon\\www\\...', 81, Array)
#1 C:\laragon\www\htx\app\Controllers\Admin\Language.php(14): App\Controllers\Admin\Language->_load_language()
#2 C:\laragon\www\htx\system\CodeIgniter.php(918): App\Controllers\Admin\Language->index()
#3 C:\laragon\www\htx\system\CodeIgniter.php(404): CodeIgniter\CodeIgniter->runController(Object(App\Controllers\Admin\Language))
#4 C:\laragon\www\htx\system\CodeIgniter.php(312): CodeIgniter\CodeIgniter->handleRequest(NULL, Object(Config\Cache), false)
#5 C:\laragon\www\htx\public\index.php(45): CodeIgniter\CodeIgniter->run()
#6 {main}
CRITICAL - 2020-12-29 21:27:34 --> Invalid argument supplied for foreach()
#0 C:\laragon\www\htx\app\Controllers\Admin\Language.php(87): CodeIgniter\Debug\Exceptions->errorHandler(2, 'Invalid argumen...', 'C:\\laragon\\www\\...', 87, Array)
#1 C:\laragon\www\htx\app\Controllers\Admin\Language.php(14): App\Controllers\Admin\Language->_load_language()
#2 C:\laragon\www\htx\system\CodeIgniter.php(918): App\Controllers\Admin\Language->index()
#3 C:\laragon\www\htx\system\CodeIgniter.php(404): CodeIgniter\CodeIgniter->runController(Object(App\Controllers\Admin\Language))
#4 C:\laragon\www\htx\system\CodeIgniter.php(312): CodeIgniter\CodeIgniter->handleRequest(NULL, Object(Config\Cache), false)
#5 C:\laragon\www\htx\public\index.php(45): CodeIgniter\CodeIgniter->run()
#6 {main}
CRITICAL - 2020-12-29 21:28:24 --> Invalid argument supplied for foreach()
#0 C:\laragon\www\htx\app\Controllers\Admin\Language.php(87): CodeIgniter\Debug\Exceptions->errorHandler(2, 'Invalid argumen...', 'C:\\laragon\\www\\...', 87, Array)
#1 C:\laragon\www\htx\app\Controllers\Admin\Language.php(14): App\Controllers\Admin\Language->_load_language()
#2 C:\laragon\www\htx\system\CodeIgniter.php(918): App\Controllers\Admin\Language->index()
#3 C:\laragon\www\htx\system\CodeIgniter.php(404): CodeIgniter\CodeIgniter->runController(Object(App\Controllers\Admin\Language))
#4 C:\laragon\www\htx\system\CodeIgniter.php(312): CodeIgniter\CodeIgniter->handleRequest(NULL, Object(Config\Cache), false)
#5 C:\laragon\www\htx\public\index.php(45): CodeIgniter\CodeIgniter->run()
#6 {main}
CRITICAL - 2020-12-29 22:00:07 --> Undefined index: moduleData
#0 C:\laragon\www\htx\app\Controllers\Admin\Language.php(16): CodeIgniter\Debug\Exceptions->errorHandler(8, 'Undefined index...', 'C:\\laragon\\www\\...', 16, Array)
#1 C:\laragon\www\htx\system\CodeIgniter.php(918): App\Controllers\Admin\Language->index()
#2 C:\laragon\www\htx\system\CodeIgniter.php(404): CodeIgniter\CodeIgniter->runController(Object(App\Controllers\Admin\Language))
#3 C:\laragon\www\htx\system\CodeIgniter.php(312): CodeIgniter\CodeIgniter->handleRequest(NULL, Object(Config\Cache), false)
#4 C:\laragon\www\htx\public\index.php(45): CodeIgniter\CodeIgniter->run()
#5 {main}
CRITICAL - 2020-12-29 22:11:50 --> syntax error, unexpected '/'
#0 C:\laragon\www\htx\system\View\View.php(257): CodeIgniter\View\View->render('backend\\layouts...', Array, true)
#1 C:\laragon\www\htx\system\Common.php(1119): CodeIgniter\View\View->render('backend\\languag...', Array, true)
#2 C:\laragon\www\htx\app\Controllers\Admin\Language.php(24): view('backend\\languag...', Array)
#3 C:\laragon\www\htx\system\CodeIgniter.php(918): App\Controllers\Admin\Language->index()
#4 C:\laragon\www\htx\system\CodeIgniter.php(404): CodeIgniter\CodeIgniter->runController(Object(App\Controllers\Admin\Language))
#5 C:\laragon\www\htx\system\CodeIgniter.php(312): CodeIgniter\CodeIgniter->handleRequest(NULL, Object(Config\Cache), false)
#6 C:\laragon\www\htx\public\index.php(45): CodeIgniter\CodeIgniter->run()
#7 {main}
CRITICAL - 2020-12-29 22:12:27 --> Undefined property: App\Controllers\Admin\Language::$load
#0 C:\laragon\www\htx\app\Controllers\Admin\Language.php(30): CodeIgniter\Debug\Exceptions->errorHandler(8, 'Undefined prope...', 'C:\\laragon\\www\\...', 30, Array)
#1 C:\laragon\www\htx\system\CodeIgniter.php(918): App\Controllers\Admin\Language->savelanguage()
#2 C:\laragon\www\htx\system\CodeIgniter.php(404): CodeIgniter\CodeIgniter->runController(Object(App\Controllers\Admin\Language))
#3 C:\laragon\www\htx\system\CodeIgniter.php(312): CodeIgniter\CodeIgniter->handleRequest(NULL, Object(Config\Cache), false)
#4 C:\laragon\www\htx\public\index.php(45): CodeIgniter\CodeIgniter->run()
#5 {main}
CRITICAL - 2020-12-29 22:13:03 --> Undefined index: data
#0 C:\laragon\www\htx\app\Controllers\Admin\Language.php(29): CodeIgniter\Debug\Exceptions->errorHandler(8, 'Undefined index...', 'C:\\laragon\\www\\...', 29, Array)
#1 C:\laragon\www\htx\system\CodeIgniter.php(918): App\Controllers\Admin\Language->savelanguage()
#2 C:\laragon\www\htx\system\CodeIgniter.php(404): CodeIgniter\CodeIgniter->runController(Object(App\Controllers\Admin\Language))
#3 C:\laragon\www\htx\system\CodeIgniter.php(312): CodeIgniter\CodeIgniter->handleRequest(NULL, Object(Config\Cache), false)
#4 C:\laragon\www\htx\public\index.php(45): CodeIgniter\CodeIgniter->run()
#5 {main}
CRITICAL - 2020-12-29 22:17:05 --> Undefined property: CodeIgniter\Database\MySQLi\Result::$id
#0 C:\laragon\www\htx\app\Controllers\Admin\Language.php(54): CodeIgniter\Debug\Exceptions->errorHandler(8, 'Undefined prope...', 'C:\\laragon\\www\\...', 54, Array)
#1 C:\laragon\www\htx\system\CodeIgniter.php(918): App\Controllers\Admin\Language->savelanguage()
#2 C:\laragon\www\htx\system\CodeIgniter.php(404): CodeIgniter\CodeIgniter->runController(Object(App\Controllers\Admin\Language))
#3 C:\laragon\www\htx\system\CodeIgniter.php(312): CodeIgniter\CodeIgniter->handleRequest(NULL, Object(Config\Cache), false)
#4 C:\laragon\www\htx\public\index.php(45): CodeIgniter\CodeIgniter->run()
#5 {main}
CRITICAL - 2020-12-29 22:17:05 --> Uncaught CodeIgniter\Format\Exceptions\FormatException: Failed to parse json string, error: "Type is not supported". in C:\laragon\www\htx\system\Format\Exceptions\FormatException.php:9
Stack trace:
#0 C:\laragon\www\htx\system\Format\JSONFormatter.php(71): CodeIgniter\Format\Exceptions\FormatException::forInvalidJSON('Type is not sup...')
#1 C:\laragon\www\htx\system\API\ResponseTrait.php(414): CodeIgniter\Format\JSONFormatter->format(Array)
#2 C:\laragon\www\htx\system\API\ResponseTrait.php(134): CodeIgniter\Debug\Exceptions->format(Array)
#3 C:\laragon\www\htx\system\Debug\Exceptions.php(168): CodeIgniter\Debug\Exceptions->respond(Array, 500)
#4 [internal function]: CodeIgniter\Debug\Exceptions->exceptionHandler(Object(ErrorException))
#5 {main}
  thrown
#0 [internal function]: CodeIgniter\Debug\Exceptions->shutdownHandler()
#1 {main}
CRITICAL - 2020-12-29 22:18:08 --> Invalid argument supplied for foreach()
#0 C:\laragon\www\htx\app\Controllers\Admin\Language.php(37): CodeIgniter\Debug\Exceptions->errorHandler(2, 'Invalid argumen...', 'C:\\laragon\\www\\...', 37, Array)
#1 C:\laragon\www\htx\system\CodeIgniter.php(918): App\Controllers\Admin\Language->savelanguage()
#2 C:\laragon\www\htx\system\CodeIgniter.php(404): CodeIgniter\CodeIgniter->runController(Object(App\Controllers\Admin\Language))
#3 C:\laragon\www\htx\system\CodeIgniter.php(312): CodeIgniter\CodeIgniter->handleRequest(NULL, Object(Config\Cache), false)
#4 C:\laragon\www\htx\public\index.php(45): CodeIgniter\CodeIgniter->run()
#5 {main}
CRITICAL - 2020-12-29 22:20:01 --> syntax error, unexpected end of file, expecting ';'
#0 C:\laragon\www\htx\app\Controllers\Admin\Language.php(78): App\Controllers\Admin\Language->_invalid_php_syntax(' \n$lang['footer...')
#1 C:\laragon\www\htx\system\CodeIgniter.php(918): App\Controllers\Admin\Language->savelanguage()
#2 C:\laragon\www\htx\system\CodeIgniter.php(404): CodeIgniter\CodeIgniter->runController(Object(App\Controllers\Admin\Language))
#3 C:\laragon\www\htx\system\CodeIgniter.php(312): CodeIgniter\CodeIgniter->handleRequest(NULL, Object(Config\Cache), false)
#4 C:\laragon\www\htx\public\index.php(45): CodeIgniter\CodeIgniter->run()
#5 {main}
