CRITICAL - 2021-01-04 00:30:59 --> Undefined variable: session
#0 C:\laragon\www\htx\app\Controllers\BaseController.php(46): CodeIgniter\Debug\Exceptions->errorHandler(8, 'Undefined varia...', 'C:\\laragon\\www\\...', 46, Array)
#1 C:\laragon\www\htx\system\CodeIgniter.php(891): App\Controllers\BaseController->initController(Object(CodeIgniter\HTTP\IncomingRequest), Object(CodeIgniter\HTTP\Response), Object(CodeIgniter\Log\Logger))
#2 C:\laragon\www\htx\system\CodeIgniter.php(399): CodeIgniter\CodeIgniter->createController()
#3 C:\laragon\www\htx\system\CodeIgniter.php(312): CodeIgniter\CodeIgniter->handleRequest(NULL, Object(Config\Cache), false)
#4 C:\laragon\www\htx\public\index.php(46): CodeIgniter\CodeIgniter->run()
#5 {main}
CRITICAL - 2021-01-04 00:31:07 --> Object of class CodeIgniter\Session\Session could not be converted to string
#0 C:\laragon\www\htx\app\Controllers\BaseController.php(49): CodeIgniter\Debug\Exceptions->errorHandler(4096, 'Object of class...', 'C:\\laragon\\www\\...', 49, Array)
#1 C:\laragon\www\htx\system\CodeIgniter.php(891): App\Controllers\BaseController->initController(Object(CodeIgniter\HTTP\IncomingRequest), Object(CodeIgniter\HTTP\Response), Object(CodeIgniter\Log\Logger))
#2 C:\laragon\www\htx\system\CodeIgniter.php(399): CodeIgniter\CodeIgniter->createController()
#3 C:\laragon\www\htx\system\CodeIgniter.php(312): CodeIgniter\CodeIgniter->handleRequest(NULL, Object(Config\Cache), false)
#4 C:\laragon\www\htx\public\index.php(46): CodeIgniter\CodeIgniter->run()
#5 {main}
CRITICAL - 2021-01-04 08:26:52 --> Undefined offset: 1
#0 C:\laragon\www\htx\system\Router\Router.php(444): CodeIgniter\Debug\Exceptions->errorHandler(8, 'Undefined offse...', 'C:\\laragon\\www\\...', 444, Array)
#1 C:\laragon\www\htx\system\Router\Router.php(177): CodeIgniter\Router\Router->checkRoutes('login')
#2 C:\laragon\www\htx\system\CodeIgniter.php(793): CodeIgniter\Router\Router->handle('login')
#3 C:\laragon\www\htx\system\CodeIgniter.php(364): CodeIgniter\CodeIgniter->tryToRouteIt(Object(CodeIgniter\Router\RouteCollection))
#4 C:\laragon\www\htx\system\CodeIgniter.php(312): CodeIgniter\CodeIgniter->handleRequest(NULL, Object(Config\Cache), false)
#5 C:\laragon\www\htx\public\index.php(46): CodeIgniter\CodeIgniter->run()
#6 {main}
CRITICAL - 2021-01-04 08:27:04 --> Undefined offset: 1
#0 C:\laragon\www\htx\system\Router\Router.php(444): CodeIgniter\Debug\Exceptions->errorHandler(8, 'Undefined offse...', 'C:\\laragon\\www\\...', 444, Array)
#1 C:\laragon\www\htx\system\Router\Router.php(177): CodeIgniter\Router\Router->checkRoutes('login')
#2 C:\laragon\www\htx\system\CodeIgniter.php(793): CodeIgniter\Router\Router->handle('login')
#3 C:\laragon\www\htx\system\CodeIgniter.php(364): CodeIgniter\CodeIgniter->tryToRouteIt(Object(CodeIgniter\Router\RouteCollection))
#4 C:\laragon\www\htx\system\CodeIgniter.php(312): CodeIgniter\CodeIgniter->handleRequest(NULL, Object(Config\Cache), false)
#5 C:\laragon\www\htx\public\index.php(46): CodeIgniter\CodeIgniter->run()
#6 {main}
CRITICAL - 2021-01-04 09:07:15 --> Undefined variable: product
#0 C:\laragon\www\htx\app\Views\lib\home\product.php(11): CodeIgniter\Debug\Exceptions->errorHandler(8, 'Undefined varia...', 'C:\\laragon\\www\\...', 11, Array)
#1 C:\laragon\www\htx\system\View\View.php(246): include('C:\\laragon\\www\\...')
#2 C:\laragon\www\htx\system\Common.php(1119): CodeIgniter\View\View->render('lib/home/produc...', Array, true)
#3 C:\laragon\www\htx\app\Controllers\Home.php(52): view('lib/home/produc...', Array)
#4 C:\laragon\www\htx\system\View\Cell.php(149): App\Controllers\Home->product()
#5 C:\laragon\www\htx\system\Common.php(1140): CodeIgniter\View\Cell->render('\\App\\Controller...', NULL, 0, 'AppControllersH...')
#6 C:\laragon\www\htx\app\Views\frontend\home\index.php(8): view_cell('\\App\\Controller...')
#7 C:\laragon\www\htx\system\View\View.php(246): include('C:\\laragon\\www\\...')
#8 C:\laragon\www\htx\system\Common.php(1119): CodeIgniter\View\View->render('frontend\\home\\i...', Array, true)
#9 C:\laragon\www\htx\app\Controllers\Home.php(9): view('frontend\\home\\i...', Array)
#10 C:\laragon\www\htx\system\CodeIgniter.php(918): App\Controllers\Home->index()
#11 C:\laragon\www\htx\system\CodeIgniter.php(404): CodeIgniter\CodeIgniter->runController(Object(App\Controllers\Home))
#12 C:\laragon\www\htx\system\CodeIgniter.php(312): CodeIgniter\CodeIgniter->handleRequest(NULL, Object(Config\Cache), false)
#13 C:\laragon\www\htx\public\index.php(46): CodeIgniter\CodeIgniter->run()
#14 {main}
CRITICAL - 2021-01-04 09:14:41 --> Trying to get property 'image_id' of non-object
#0 C:\laragon\www\htx\app\Models\NewsModel.php(39): CodeIgniter\Debug\Exceptions->errorHandler(8, 'Trying to get p...', 'C:\\laragon\\www\\...', 39, Array)
#1 C:\laragon\www\htx\app\Controllers\Home.php(60): App\Models\NewsModel->image(NULL)
#2 C:\laragon\www\htx\system\View\Cell.php(149): App\Controllers\Home->news()
#3 C:\laragon\www\htx\system\Common.php(1140): CodeIgniter\View\Cell->render('\\App\\Controller...', NULL, 0, 'AppControllersH...')
#4 C:\laragon\www\htx\app\Views\frontend\home\index.php(9): view_cell('\\App\\Controller...')
#5 C:\laragon\www\htx\system\View\View.php(246): include('C:\\laragon\\www\\...')
#6 C:\laragon\www\htx\system\Common.php(1119): CodeIgniter\View\View->render('frontend\\home\\i...', Array, true)
#7 C:\laragon\www\htx\app\Controllers\Home.php(9): view('frontend\\home\\i...', Array)
#8 C:\laragon\www\htx\system\CodeIgniter.php(918): App\Controllers\Home->index()
#9 C:\laragon\www\htx\system\CodeIgniter.php(404): CodeIgniter\CodeIgniter->runController(Object(App\Controllers\Home))
#10 C:\laragon\www\htx\system\CodeIgniter.php(312): CodeIgniter\CodeIgniter->handleRequest(NULL, Object(Config\Cache), false)
#11 C:\laragon\www\htx\public\index.php(46): CodeIgniter\CodeIgniter->run()
#12 {main}
CRITICAL - 2021-01-04 09:14:49 --> Object of class stdClass could not be converted to string
#0 C:\laragon\www\htx\app\Views\lib\home\news.php(17): CodeIgniter\Debug\Exceptions->errorHandler(4096, 'Object of class...', 'C:\\laragon\\www\\...', 17, Array)
#1 C:\laragon\www\htx\system\View\View.php(246): include('C:\\laragon\\www\\...')
#2 C:\laragon\www\htx\system\Common.php(1119): CodeIgniter\View\View->render('lib/home/news', Array, true)
#3 C:\laragon\www\htx\app\Controllers\Home.php(64): view('lib/home/news', Array)
#4 C:\laragon\www\htx\system\View\Cell.php(149): App\Controllers\Home->news()
#5 C:\laragon\www\htx\system\Common.php(1140): CodeIgniter\View\Cell->render('\\App\\Controller...', NULL, 0, 'AppControllersH...')
#6 C:\laragon\www\htx\app\Views\frontend\home\index.php(9): view_cell('\\App\\Controller...')
#7 C:\laragon\www\htx\system\View\View.php(246): include('C:\\laragon\\www\\...')
#8 C:\laragon\www\htx\system\Common.php(1119): CodeIgniter\View\View->render('frontend\\home\\i...', Array, true)
#9 C:\laragon\www\htx\app\Controllers\Home.php(9): view('frontend\\home\\i...', Array)
#10 C:\laragon\www\htx\system\CodeIgniter.php(918): App\Controllers\Home->index()
#11 C:\laragon\www\htx\system\CodeIgniter.php(404): CodeIgniter\CodeIgniter->runController(Object(App\Controllers\Home))
#12 C:\laragon\www\htx\system\CodeIgniter.php(312): CodeIgniter\CodeIgniter->handleRequest(NULL, Object(Config\Cache), false)
#13 C:\laragon\www\htx\public\index.php(46): CodeIgniter\CodeIgniter->run()
#14 {main}
CRITICAL - 2021-01-04 09:15:41 --> Object of class stdClass could not be converted to string
#0 C:\laragon\www\htx\app\Views\lib\home\news.php(17): CodeIgniter\Debug\Exceptions->errorHandler(4096, 'Object of class...', 'C:\\laragon\\www\\...', 17, Array)
#1 C:\laragon\www\htx\system\View\View.php(246): include('C:\\laragon\\www\\...')
#2 C:\laragon\www\htx\system\Common.php(1119): CodeIgniter\View\View->render('lib/home/news', Array, true)
#3 C:\laragon\www\htx\app\Controllers\Home.php(64): view('lib/home/news', Array)
#4 C:\laragon\www\htx\system\View\Cell.php(149): App\Controllers\Home->news()
#5 C:\laragon\www\htx\system\Common.php(1140): CodeIgniter\View\Cell->render('\\App\\Controller...', NULL, 0, 'AppControllersH...')
#6 C:\laragon\www\htx\app\Views\frontend\home\index.php(9): view_cell('\\App\\Controller...')
#7 C:\laragon\www\htx\system\View\View.php(246): include('C:\\laragon\\www\\...')
#8 C:\laragon\www\htx\system\Common.php(1119): CodeIgniter\View\View->render('frontend\\home\\i...', Array, true)
#9 C:\laragon\www\htx\app\Controllers\Home.php(9): view('frontend\\home\\i...', Array)
#10 C:\laragon\www\htx\system\CodeIgniter.php(918): App\Controllers\Home->index()
#11 C:\laragon\www\htx\system\CodeIgniter.php(404): CodeIgniter\CodeIgniter->runController(Object(App\Controllers\Home))
#12 C:\laragon\www\htx\system\CodeIgniter.php(312): CodeIgniter\CodeIgniter->handleRequest(NULL, Object(Config\Cache), false)
#13 C:\laragon\www\htx\public\index.php(46): CodeIgniter\CodeIgniter->run()
#14 {main}
CRITICAL - 2021-01-04 09:16:09 --> Object of class stdClass could not be converted to string
#0 C:\laragon\www\htx\app\Views\lib\home\news.php(17): CodeIgniter\Debug\Exceptions->errorHandler(4096, 'Object of class...', 'C:\\laragon\\www\\...', 17, Array)
#1 C:\laragon\www\htx\system\View\View.php(246): include('C:\\laragon\\www\\...')
#2 C:\laragon\www\htx\system\Common.php(1119): CodeIgniter\View\View->render('lib/home/news', Array, true)
#3 C:\laragon\www\htx\app\Controllers\Home.php(64): view('lib/home/news', Array)
#4 C:\laragon\www\htx\system\View\Cell.php(149): App\Controllers\Home->news()
#5 C:\laragon\www\htx\system\Common.php(1140): CodeIgniter\View\Cell->render('\\App\\Controller...', NULL, 0, 'AppControllersH...')
#6 C:\laragon\www\htx\app\Views\frontend\home\index.php(9): view_cell('\\App\\Controller...')
#7 C:\laragon\www\htx\system\View\View.php(246): include('C:\\laragon\\www\\...')
#8 C:\laragon\www\htx\system\Common.php(1119): CodeIgniter\View\View->render('frontend\\home\\i...', Array, true)
#9 C:\laragon\www\htx\app\Controllers\Home.php(9): view('frontend\\home\\i...', Array)
#10 C:\laragon\www\htx\system\CodeIgniter.php(918): App\Controllers\Home->index()
#11 C:\laragon\www\htx\system\CodeIgniter.php(404): CodeIgniter\CodeIgniter->runController(Object(App\Controllers\Home))
#12 C:\laragon\www\htx\system\CodeIgniter.php(312): CodeIgniter\CodeIgniter->handleRequest(NULL, Object(Config\Cache), false)
#13 C:\laragon\www\htx\public\index.php(46): CodeIgniter\CodeIgniter->run()
#14 {main}
CRITICAL - 2021-01-04 20:29:11 --> Call to a member function find() on null
#0 C:\laragon\www\htx\system\CodeIgniter.php(918): App\Controllers\Product->view('4')
#1 C:\laragon\www\htx\system\CodeIgniter.php(404): CodeIgniter\CodeIgniter->runController(Object(App\Controllers\Product))
#2 C:\laragon\www\htx\system\CodeIgniter.php(312): CodeIgniter\CodeIgniter->handleRequest(NULL, Object(Config\Cache), false)
#3 C:\laragon\www\htx\public\index.php(46): CodeIgniter\CodeIgniter->run()
#4 {main}
