CRITICAL - 2021-01-07 02:54:53 --> Call to undefined method Myth\Auth\Models\UserModel::image
#0 C:\laragon\www\htx\app\Controllers\Admin\User.php(79): CodeIgniter\Model->__call('image', Array)
#1 C:\laragon\www\htx\system\CodeIgniter.php(918): App\Controllers\Admin\User->table()
#2 C:\laragon\www\htx\system\CodeIgniter.php(404): CodeIgniter\CodeIgniter->runController(Object(App\Controllers\Admin\User))
#3 C:\laragon\www\htx\system\CodeIgniter.php(312): CodeIgniter\CodeIgniter->handleRequest(NULL, Object(Config\Cache), false)
#4 C:\laragon\www\htx\public\index.php(46): CodeIgniter\CodeIgniter->run()
#5 {main}
CRITICAL - 2021-01-07 08:09:21 --> Call to undefined method Myth\Auth\Models\UserModel::relation
#0 C:\laragon\www\htx\app\Controllers\Admin\User.php(79): CodeIgniter\Model->__call('relation', Array)
#1 C:\laragon\www\htx\system\CodeIgniter.php(918): App\Controllers\Admin\User->table()
#2 C:\laragon\www\htx\system\CodeIgniter.php(404): CodeIgniter\CodeIgniter->runController(Object(App\Controllers\Admin\User))
#3 C:\laragon\www\htx\system\CodeIgniter.php(312): CodeIgniter\CodeIgniter->handleRequest(NULL, Object(Config\Cache), false)
#4 C:\laragon\www\htx\public\index.php(46): CodeIgniter\CodeIgniter->run()
#5 {main}
CRITICAL - 2021-01-07 08:09:29 --> Call to undefined method Myth\Auth\Models\UserModel::relation
#0 C:\laragon\www\htx\app\Controllers\Admin\User.php(79): CodeIgniter\Model->__call('relation', Array)
#1 C:\laragon\www\htx\system\CodeIgniter.php(918): App\Controllers\Admin\User->table()
#2 C:\laragon\www\htx\system\CodeIgniter.php(404): CodeIgniter\CodeIgniter->runController(Object(App\Controllers\Admin\User))
#3 C:\laragon\www\htx\system\CodeIgniter.php(312): CodeIgniter\CodeIgniter->handleRequest(NULL, Object(Config\Cache), false)
#4 C:\laragon\www\htx\public\index.php(46): CodeIgniter\CodeIgniter->run()
#5 {main}
CRITICAL - 2021-01-07 08:11:36 --> Call to undefined method Myth\Auth\Models\UserModel::relation
#0 C:\laragon\www\htx\app\Controllers\Admin\User.php(81): CodeIgniter\Model->__call('relation', Array)
#1 C:\laragon\www\htx\system\CodeIgniter.php(918): App\Controllers\Admin\User->table()
#2 C:\laragon\www\htx\system\CodeIgniter.php(404): CodeIgniter\CodeIgniter->runController(Object(App\Controllers\Admin\User))
#3 C:\laragon\www\htx\system\CodeIgniter.php(312): CodeIgniter\CodeIgniter->handleRequest(NULL, Object(Config\Cache), false)
#4 C:\laragon\www\htx\public\index.php(46): CodeIgniter\CodeIgniter->run()
#5 {main}
CRITICAL - 2021-01-07 08:20:47 --> Array to string conversion
#0 [internal function]: CodeIgniter\Debug\Exceptions->errorHandler(8, 'Array to string...', 'C:\\laragon\\www\\...', 90, Array)
#1 C:\laragon\www\htx\app\Controllers\Admin\User.php(90): implode(', ', Array)
#2 C:\laragon\www\htx\system\CodeIgniter.php(918): App\Controllers\Admin\User->table()
#3 C:\laragon\www\htx\system\CodeIgniter.php(404): CodeIgniter\CodeIgniter->runController(Object(App\Controllers\Admin\User))
#4 C:\laragon\www\htx\system\CodeIgniter.php(312): CodeIgniter\CodeIgniter->handleRequest(NULL, Object(Config\Cache), false)
#5 C:\laragon\www\htx\public\index.php(46): CodeIgniter\CodeIgniter->run()
#6 {main}
CRITICAL - 2021-01-07 08:21:13 --> Array to string conversion
#0 [internal function]: CodeIgniter\Debug\Exceptions->errorHandler(8, 'Array to string...', 'C:\\laragon\\www\\...', 90, Array)
#1 C:\laragon\www\htx\app\Controllers\Admin\User.php(90): implode(', ', Array)
#2 C:\laragon\www\htx\system\CodeIgniter.php(918): App\Controllers\Admin\User->table()
#3 C:\laragon\www\htx\system\CodeIgniter.php(404): CodeIgniter\CodeIgniter->runController(Object(App\Controllers\Admin\User))
#4 C:\laragon\www\htx\system\CodeIgniter.php(312): CodeIgniter\CodeIgniter->handleRequest(NULL, Object(Config\Cache), false)
#5 C:\laragon\www\htx\public\index.php(46): CodeIgniter\CodeIgniter->run()
#6 {main}
CRITICAL - 2021-01-07 08:22:47 --> Call to undefined method Myth\Auth\Models\UserModel::image
#0 C:\laragon\www\htx\app\Controllers\Admin\User.php(44): CodeIgniter\Model->__call('image', Array)
#1 C:\laragon\www\htx\system\CodeIgniter.php(918): App\Controllers\Admin\User->edit('2')
#2 C:\laragon\www\htx\system\CodeIgniter.php(404): CodeIgniter\CodeIgniter->runController(Object(App\Controllers\Admin\User))
#3 C:\laragon\www\htx\system\CodeIgniter.php(312): CodeIgniter\CodeIgniter->handleRequest(NULL, Object(Config\Cache), false)
#4 C:\laragon\www\htx\public\index.php(46): CodeIgniter\CodeIgniter->run()
#5 {main}
CRITICAL - 2021-01-07 08:28:07 --> Undefined property: stdClass::$image_id
#0 C:\laragon\www\htx\app\ThirdParty\myth-auth\src\Models\UserModel.php(177): CodeIgniter\Debug\Exceptions->errorHandler(8, 'Undefined prope...', 'C:\\laragon\\www\\...', 177, Array)
#1 C:\laragon\www\htx\app\Controllers\Admin\User.php(44): Myth\Auth\Models\UserModel->relation(Object(stdClass), Array)
#2 C:\laragon\www\htx\system\CodeIgniter.php(918): App\Controllers\Admin\User->edit('2')
#3 C:\laragon\www\htx\system\CodeIgniter.php(404): CodeIgniter\CodeIgniter->runController(Object(App\Controllers\Admin\User))
#4 C:\laragon\www\htx\system\CodeIgniter.php(312): CodeIgniter\CodeIgniter->handleRequest(NULL, Object(Config\Cache), false)
#5 C:\laragon\www\htx\public\index.php(46): CodeIgniter\CodeIgniter->run()
#6 {main}
CRITICAL - 2021-01-07 09:21:33 --> Cannot add or update a child row: a foreign key constraint fails (`htx`.`auth_groups_users`, CONSTRAINT `auth_groups_users_user_id_foreign` FOREIGN KEY (`user_id`) REFERENCES `users` (`id`) ON DELETE CASCADE)
#0 C:\laragon\www\htx\system\Database\MySQLi\Connection.php(331): mysqli->query('INSERT INTO `au...')
#1 C:\laragon\www\htx\system\Database\BaseConnection.php(741): CodeIgniter\Database\MySQLi\Connection->execute('INSERT INTO `au...')
#2 C:\laragon\www\htx\system\Database\BaseConnection.php(669): CodeIgniter\Database\BaseConnection->simpleQuery('INSERT INTO `au...')
#3 C:\laragon\www\htx\system\Database\BaseBuilder.php(2249): CodeIgniter\Database\BaseConnection->query('INSERT INTO `au...', Array, false)
#4 C:\laragon\www\htx\app\ThirdParty\myth-auth\src\Authorization\GroupModel.php(46): CodeIgniter\Database\BaseBuilder->insert(Array)
#5 C:\laragon\www\htx\app\Controllers\Admin\User.php(28): Myth\Auth\Authorization\GroupModel->addUserToGroup(0, 2)
#6 C:\laragon\www\htx\system\CodeIgniter.php(918): App\Controllers\Admin\User->add()
#7 C:\laragon\www\htx\system\CodeIgniter.php(404): CodeIgniter\CodeIgniter->runController(Object(App\Controllers\Admin\User))
#8 C:\laragon\www\htx\system\CodeIgniter.php(312): CodeIgniter\CodeIgniter->handleRequest(NULL, Object(Config\Cache), false)
#9 C:\laragon\www\htx\public\index.php(46): CodeIgniter\CodeIgniter->run()
#10 {main}
CRITICAL - 2021-01-07 09:25:06 --> Cannot add or update a child row: a foreign key constraint fails (`htx`.`auth_groups_users`, CONSTRAINT `auth_groups_users_user_id_foreign` FOREIGN KEY (`user_id`) REFERENCES `users` (`id`) ON DELETE CASCADE)
#0 C:\laragon\www\htx\system\Database\MySQLi\Connection.php(331): mysqli->query('INSERT INTO `au...')
#1 C:\laragon\www\htx\system\Database\BaseConnection.php(741): CodeIgniter\Database\MySQLi\Connection->execute('INSERT INTO `au...')
#2 C:\laragon\www\htx\system\Database\BaseConnection.php(669): CodeIgniter\Database\BaseConnection->simpleQuery('INSERT INTO `au...')
#3 C:\laragon\www\htx\system\Database\BaseBuilder.php(2249): CodeIgniter\Database\BaseConnection->query('INSERT INTO `au...', Array, false)
#4 C:\laragon\www\htx\app\ThirdParty\myth-auth\src\Authorization\GroupModel.php(46): CodeIgniter\Database\BaseBuilder->insert(Array)
#5 C:\laragon\www\htx\app\Controllers\Admin\User.php(27): Myth\Auth\Authorization\GroupModel->addUserToGroup(0, 2)
#6 C:\laragon\www\htx\system\CodeIgniter.php(918): App\Controllers\Admin\User->add()
#7 C:\laragon\www\htx\system\CodeIgniter.php(404): CodeIgniter\CodeIgniter->runController(Object(App\Controllers\Admin\User))
#8 C:\laragon\www\htx\system\CodeIgniter.php(312): CodeIgniter\CodeIgniter->handleRequest(NULL, Object(Config\Cache), false)
#9 C:\laragon\www\htx\public\index.php(46): CodeIgniter\CodeIgniter->run()
#10 {main}
CRITICAL - 2021-01-07 09:32:49 --> Undefined property: App\Controllers\Admin\User::$config
#0 C:\laragon\www\htx\app\Controllers\Admin\User.php(21): CodeIgniter\Debug\Exceptions->errorHandler(8, 'Undefined prope...', 'C:\\laragon\\www\\...', 21, Array)
#1 C:\laragon\www\htx\system\CodeIgniter.php(918): App\Controllers\Admin\User->add()
#2 C:\laragon\www\htx\system\CodeIgniter.php(404): CodeIgniter\CodeIgniter->runController(Object(App\Controllers\Admin\User))
#3 C:\laragon\www\htx\system\CodeIgniter.php(312): CodeIgniter\CodeIgniter->handleRequest(NULL, Object(Config\Cache), false)
#4 C:\laragon\www\htx\public\index.php(46): CodeIgniter\CodeIgniter->run()
#5 {main}
CRITICAL - 2021-01-07 09:55:00 --> Undefined variable: groups
#0 C:\laragon\www\htx\app\Views\backend\user\edit.php(55): CodeIgniter\Debug\Exceptions->errorHandler(8, 'Undefined varia...', 'C:\\laragon\\www\\...', 55, Array)
#1 C:\laragon\www\htx\system\View\View.php(246): include('C:\\laragon\\www\\...')
#2 C:\laragon\www\htx\system\Common.php(1119): CodeIgniter\View\View->render('backend\\user\\ed...', Array, true)
#3 C:\laragon\www\htx\app\Controllers\Admin\User.php(74): view('backend\\user\\ed...', Array)
#4 C:\laragon\www\htx\system\CodeIgniter.php(918): App\Controllers\Admin\User->edit('2')
#5 C:\laragon\www\htx\system\CodeIgniter.php(404): CodeIgniter\CodeIgniter->runController(Object(App\Controllers\Admin\User))
#6 C:\laragon\www\htx\system\CodeIgniter.php(312): CodeIgniter\CodeIgniter->handleRequest(NULL, Object(Config\Cache), false)
#7 C:\laragon\www\htx\public\index.php(46): CodeIgniter\CodeIgniter->run()
#8 {main}
CRITICAL - 2021-01-07 10:01:28 --> Undefined index: id
#0 C:\laragon\www\htx\app\Controllers\Admin\User.php(72): CodeIgniter\Debug\Exceptions->errorHandler(8, 'Undefined index...', 'C:\\laragon\\www\\...', 72, Array)
#1 [internal function]: App\Controllers\Admin\User->App\Controllers\Admin\{closure}(Array)
#2 C:\laragon\www\htx\app\Controllers\Admin\User.php(73): array_map(Object(Closure), Array)
#3 C:\laragon\www\htx\system\CodeIgniter.php(918): App\Controllers\Admin\User->edit('2')
#4 C:\laragon\www\htx\system\CodeIgniter.php(404): CodeIgniter\CodeIgniter->runController(Object(App\Controllers\Admin\User))
#5 C:\laragon\www\htx\system\CodeIgniter.php(312): CodeIgniter\CodeIgniter->handleRequest(NULL, Object(Config\Cache), false)
#6 C:\laragon\www\htx\public\index.php(46): CodeIgniter\CodeIgniter->run()
#7 {main}
CRITICAL - 2021-01-07 10:09:28 --> Call to undefined method Myth\Auth\Models\UserModel::image
#0 C:\laragon\www\htx\app\Controllers\Home.php(72): CodeIgniter\Model->__call('image', Array)
#1 C:\laragon\www\htx\system\View\Cell.php(149): App\Controllers\Home->member()
#2 C:\laragon\www\htx\system\Common.php(1140): CodeIgniter\View\Cell->render('\\App\\Controller...', NULL, 0, 'AppControllersH...')
#3 C:\laragon\www\htx\app\Views\frontend\home\index.php(10): view_cell('\\App\\Controller...')
#4 C:\laragon\www\htx\system\View\View.php(246): include('C:\\laragon\\www\\...')
#5 C:\laragon\www\htx\system\Common.php(1119): CodeIgniter\View\View->render('frontend\\home\\i...', Array, true)
#6 C:\laragon\www\htx\app\Controllers\Home.php(9): view('frontend\\home\\i...', Array)
#7 C:\laragon\www\htx\system\CodeIgniter.php(918): App\Controllers\Home->index()
#8 C:\laragon\www\htx\system\CodeIgniter.php(404): CodeIgniter\CodeIgniter->runController(Object(App\Controllers\Home))
#9 C:\laragon\www\htx\system\CodeIgniter.php(312): CodeIgniter\CodeIgniter->handleRequest(NULL, Object(Config\Cache), false)
#10 C:\laragon\www\htx\public\index.php(46): CodeIgniter\CodeIgniter->run()
#11 {main}
CRITICAL - 2021-01-07 19:26:17 --> Too few arguments to function App\Controllers\Profile::index(), 0 passed in C:\laragon\www\htx\system\CodeIgniter.php on line 918 and exactly 1 expected
#0 C:\laragon\www\htx\system\CodeIgniter.php(918): App\Controllers\Profile->index()
#1 C:\laragon\www\htx\system\CodeIgniter.php(404): CodeIgniter\CodeIgniter->runController(Object(App\Controllers\Profile))
#2 C:\laragon\www\htx\system\CodeIgniter.php(312): CodeIgniter\CodeIgniter->handleRequest(NULL, Object(Config\Cache), false)
#3 C:\laragon\www\htx\public\index.php(46): CodeIgniter\CodeIgniter->run()
#4 {main}
