CRITICAL - 2020-12-30 00:49:00 --> Invalid file: backend\slider\index.php
#0 C:\laragon\www\htx\system\View\View.php(228): CodeIgniter\Exceptions\FrameworkException::forInvalidFile('backend\\slider\\...')
#1 C:\laragon\www\htx\system\Common.php(1119): CodeIgniter\View\View->render('backend\\slider\\...', Array, true)
#2 C:\laragon\www\htx\app\Controllers\Admin\Slider.php(10): view('backend\\slider\\...', Array)
#3 C:\laragon\www\htx\system\CodeIgniter.php(918): App\Controllers\Admin\Slider->index()
#4 C:\laragon\www\htx\system\CodeIgniter.php(404): CodeIgniter\CodeIgniter->runController(Object(App\Controllers\Admin\Slider))
#5 C:\laragon\www\htx\system\CodeIgniter.php(312): CodeIgniter\CodeIgniter->handleRequest(NULL, Object(Config\Cache), false)
#6 C:\laragon\www\htx\public\index.php(45): CodeIgniter\CodeIgniter->run()
#7 {main}
CRITICAL - 2020-12-30 01:35:49 --> Undefined property: App\Controllers\Admin\News::$input
#0 C:\laragon\www\htx\app\Controllers\Admin\News.php(60): CodeIgniter\Debug\Exceptions->errorHandler(8, 'Undefined prope...', 'C:\\laragon\\www\\...', 60, Array)
#1 C:\laragon\www\htx\system\CodeIgniter.php(918): App\Controllers\Admin\News->table()
#2 C:\laragon\www\htx\system\CodeIgniter.php(404): CodeIgniter\CodeIgniter->runController(Object(App\Controllers\Admin\News))
#3 C:\laragon\www\htx\system\CodeIgniter.php(312): CodeIgniter\CodeIgniter->handleRequest(NULL, Object(Config\Cache), false)
#4 C:\laragon\www\htx\public\index.php(45): CodeIgniter\CodeIgniter->run()
#5 {main}
CRITICAL - 2020-12-30 01:36:06 --> Undefined property: App\Controllers\Admin\News::$input
#0 C:\laragon\www\htx\app\Controllers\Admin\News.php(60): CodeIgniter\Debug\Exceptions->errorHandler(8, 'Undefined prope...', 'C:\\laragon\\www\\...', 60, Array)
#1 C:\laragon\www\htx\system\CodeIgniter.php(918): App\Controllers\Admin\News->table()
#2 C:\laragon\www\htx\system\CodeIgniter.php(404): CodeIgniter\CodeIgniter->runController(Object(App\Controllers\Admin\News))
#3 C:\laragon\www\htx\system\CodeIgniter.php(312): CodeIgniter\CodeIgniter->handleRequest(NULL, Object(Config\Cache), false)
#4 C:\laragon\www\htx\public\index.php(45): CodeIgniter\CodeIgniter->run()
#5 {main}
CRITICAL - 2020-12-30 01:36:22 --> Undefined property: App\Controllers\Admin\News::$input
#0 C:\laragon\www\htx\app\Controllers\Admin\News.php(60): CodeIgniter\Debug\Exceptions->errorHandler(8, 'Undefined prope...', 'C:\\laragon\\www\\...', 60, Array)
#1 C:\laragon\www\htx\system\CodeIgniter.php(918): App\Controllers\Admin\News->table()
#2 C:\laragon\www\htx\system\CodeIgniter.php(404): CodeIgniter\CodeIgniter->runController(Object(App\Controllers\Admin\News))
#3 C:\laragon\www\htx\system\CodeIgniter.php(312): CodeIgniter\CodeIgniter->handleRequest(NULL, Object(Config\Cache), false)
#4 C:\laragon\www\htx\public\index.php(45): CodeIgniter\CodeIgniter->run()
#5 {main}
CRITICAL - 2020-12-30 01:36:45 --> Undefined property: App\Controllers\Admin\News::$input
#0 C:\laragon\www\htx\app\Controllers\Admin\News.php(60): CodeIgniter\Debug\Exceptions->errorHandler(8, 'Undefined prope...', 'C:\\laragon\\www\\...', 60, Array)
#1 C:\laragon\www\htx\system\CodeIgniter.php(918): App\Controllers\Admin\News->table()
#2 C:\laragon\www\htx\system\CodeIgniter.php(404): CodeIgniter\CodeIgniter->runController(Object(App\Controllers\Admin\News))
#3 C:\laragon\www\htx\system\CodeIgniter.php(312): CodeIgniter\CodeIgniter->handleRequest(NULL, Object(Config\Cache), false)
#4 C:\laragon\www\htx\public\index.php(45): CodeIgniter\CodeIgniter->run()
#5 {main}
CRITICAL - 2020-12-30 01:37:15 --> Undefined property: App\Controllers\Admin\News::$input
#0 C:\laragon\www\htx\app\Controllers\Admin\News.php(60): CodeIgniter\Debug\Exceptions->errorHandler(8, 'Undefined prope...', 'C:\\laragon\\www\\...', 60, Array)
#1 C:\laragon\www\htx\system\CodeIgniter.php(918): App\Controllers\Admin\News->table()
#2 C:\laragon\www\htx\system\CodeIgniter.php(404): CodeIgniter\CodeIgniter->runController(Object(App\Controllers\Admin\News))
#3 C:\laragon\www\htx\system\CodeIgniter.php(312): CodeIgniter\CodeIgniter->handleRequest(NULL, Object(Config\Cache), false)
#4 C:\laragon\www\htx\public\index.php(45): CodeIgniter\CodeIgniter->run()
#5 {main}
CRITICAL - 2020-12-30 01:38:10 --> Undefined property: App\Controllers\Admin\News::$input
#0 C:\laragon\www\htx\app\Controllers\Admin\News.php(60): CodeIgniter\Debug\Exceptions->errorHandler(8, 'Undefined prope...', 'C:\\laragon\\www\\...', 60, Array)
#1 C:\laragon\www\htx\system\CodeIgniter.php(918): App\Controllers\Admin\News->table()
#2 C:\laragon\www\htx\system\CodeIgniter.php(404): CodeIgniter\CodeIgniter->runController(Object(App\Controllers\Admin\News))
#3 C:\laragon\www\htx\system\CodeIgniter.php(312): CodeIgniter\CodeIgniter->handleRequest(NULL, Object(Config\Cache), false)
#4 C:\laragon\www\htx\public\index.php(45): CodeIgniter\CodeIgniter->run()
#5 {main}
CRITICAL - 2020-12-30 01:38:25 --> Undefined property: App\Controllers\Admin\News::$input
#0 C:\laragon\www\htx\app\Controllers\Admin\News.php(60): CodeIgniter\Debug\Exceptions->errorHandler(8, 'Undefined prope...', 'C:\\laragon\\www\\...', 60, Array)
#1 C:\laragon\www\htx\system\CodeIgniter.php(918): App\Controllers\Admin\News->table()
#2 C:\laragon\www\htx\system\CodeIgniter.php(404): CodeIgniter\CodeIgniter->runController(Object(App\Controllers\Admin\News))
#3 C:\laragon\www\htx\system\CodeIgniter.php(312): CodeIgniter\CodeIgniter->handleRequest(NULL, Object(Config\Cache), false)
#4 C:\laragon\www\htx\public\index.php(45): CodeIgniter\CodeIgniter->run()
#5 {main}
CRITICAL - 2020-12-30 01:41:04 --> Unknown column 'htx_news.deleted_at' in 'where clause'
#0 C:\laragon\www\htx\system\Database\MySQLi\Connection.php(331): mysqli->query('SELECT *\nFROM `...')
#1 C:\laragon\www\htx\system\Database\BaseConnection.php(741): CodeIgniter\Database\MySQLi\Connection->execute('SELECT *\nFROM `...')
#2 C:\laragon\www\htx\system\Database\BaseConnection.php(669): CodeIgniter\Database\BaseConnection->simpleQuery('SELECT *\nFROM `...')
#3 C:\laragon\www\htx\system\Database\BaseBuilder.php(1860): CodeIgniter\Database\BaseConnection->query('SELECT *\nFROM `...', Array, false)
#4 C:\laragon\www\htx\system\Model.php(462): CodeIgniter\Database\BaseBuilder->get()
#5 C:\laragon\www\htx\app\Controllers\Admin\News.php(65): CodeIgniter\Model->findAll()
#6 C:\laragon\www\htx\system\CodeIgniter.php(918): App\Controllers\Admin\News->table()
#7 C:\laragon\www\htx\system\CodeIgniter.php(404): CodeIgniter\CodeIgniter->runController(Object(App\Controllers\Admin\News))
#8 C:\laragon\www\htx\system\CodeIgniter.php(312): CodeIgniter\CodeIgniter->handleRequest(NULL, Object(Config\Cache), false)
#9 C:\laragon\www\htx\public\index.php(45): CodeIgniter\CodeIgniter->run()
#10 {main}
CRITICAL - 2020-12-30 01:41:31 --> Unknown column 'htx_news.deleted_at' in 'where clause'
#0 C:\laragon\www\htx\system\Database\MySQLi\Connection.php(331): mysqli->query('SELECT *\nFROM `...')
#1 C:\laragon\www\htx\system\Database\BaseConnection.php(741): CodeIgniter\Database\MySQLi\Connection->execute('SELECT *\nFROM `...')
#2 C:\laragon\www\htx\system\Database\BaseConnection.php(669): CodeIgniter\Database\BaseConnection->simpleQuery('SELECT *\nFROM `...')
#3 C:\laragon\www\htx\system\Database\BaseBuilder.php(1860): CodeIgniter\Database\BaseConnection->query('SELECT *\nFROM `...', Array, false)
#4 C:\laragon\www\htx\system\Model.php(462): CodeIgniter\Database\BaseBuilder->get()
#5 C:\laragon\www\htx\app\Controllers\Admin\News.php(65): CodeIgniter\Model->findAll()
#6 C:\laragon\www\htx\system\CodeIgniter.php(918): App\Controllers\Admin\News->table()
#7 C:\laragon\www\htx\system\CodeIgniter.php(404): CodeIgniter\CodeIgniter->runController(Object(App\Controllers\Admin\News))
#8 C:\laragon\www\htx\system\CodeIgniter.php(312): CodeIgniter\CodeIgniter->handleRequest(NULL, Object(Config\Cache), false)
#9 C:\laragon\www\htx\public\index.php(45): CodeIgniter\CodeIgniter->run()
#10 {main}
CRITICAL - 2020-12-30 01:44:50 --> Argument 2 passed to CodeIgniter\Model::paginate() must be of the type string, null given, called in C:\laragon\www\htx\app\Controllers\Admin\News.php on line 73
#0 C:\laragon\www\htx\app\Controllers\Admin\News.php(73): CodeIgniter\Model->paginate(10, NULL, 1)
#1 C:\laragon\www\htx\system\CodeIgniter.php(918): App\Controllers\Admin\News->table()
#2 C:\laragon\www\htx\system\CodeIgniter.php(404): CodeIgniter\CodeIgniter->runController(Object(App\Controllers\Admin\News))
#3 C:\laragon\www\htx\system\CodeIgniter.php(312): CodeIgniter\CodeIgniter->handleRequest(NULL, Object(Config\Cache), false)
#4 C:\laragon\www\htx\public\index.php(45): CodeIgniter\CodeIgniter->run()
#5 {main}
CRITICAL - 2020-12-30 01:51:48 --> Undefined property: App\Controllers\Admin\News::$blade
#0 C:\laragon\www\htx\app\Controllers\Admin\News.php(25): CodeIgniter\Debug\Exceptions->errorHandler(8, 'Undefined prope...', 'C:\\laragon\\www\\...', 25, Array)
#1 C:\laragon\www\htx\system\CodeIgniter.php(918): App\Controllers\Admin\News->add()
#2 C:\laragon\www\htx\system\CodeIgniter.php(404): CodeIgniter\CodeIgniter->runController(Object(App\Controllers\Admin\News))
#3 C:\laragon\www\htx\system\CodeIgniter.php(312): CodeIgniter\CodeIgniter->handleRequest(NULL, Object(Config\Cache), false)
#4 C:\laragon\www\htx\public\index.php(45): CodeIgniter\CodeIgniter->run()
#5 {main}
CRITICAL - 2020-12-30 03:08:57 --> Call to undefined function App\Controllers\user_id()
#0 C:\laragon\www\htx\system\CodeIgniter.php(918): App\Controllers\Ajax->uploadimage()
#1 C:\laragon\www\htx\system\CodeIgniter.php(404): CodeIgniter\CodeIgniter->runController(Object(App\Controllers\Ajax))
#2 C:\laragon\www\htx\system\CodeIgniter.php(312): CodeIgniter\CodeIgniter->handleRequest(NULL, Object(Config\Cache), false)
#3 C:\laragon\www\htx\public\index.php(45): CodeIgniter\CodeIgniter->run()
#4 {main}
CRITICAL - 2020-12-30 03:12:01 --> Call to a member function getName() on null
#0 C:\laragon\www\htx\system\CodeIgniter.php(918): App\Controllers\Ajax->uploadimage()
#1 C:\laragon\www\htx\system\CodeIgniter.php(404): CodeIgniter\CodeIgniter->runController(Object(App\Controllers\Ajax))
#2 C:\laragon\www\htx\system\CodeIgniter.php(312): CodeIgniter\CodeIgniter->handleRequest(NULL, Object(Config\Cache), false)
#3 C:\laragon\www\htx\public\index.php(45): CodeIgniter\CodeIgniter->run()
#4 {main}
CRITICAL - 2020-12-30 03:22:53 --> Undefined property: App\Controllers\Admin\News::$session
#0 C:\laragon\www\htx\app\Controllers\Admin\News.php(17): CodeIgniter\Debug\Exceptions->errorHandler(8, 'Undefined prope...', 'C:\\laragon\\www\\...', 17, Array)
#1 C:\laragon\www\htx\system\CodeIgniter.php(918): App\Controllers\Admin\News->add()
#2 C:\laragon\www\htx\system\CodeIgniter.php(404): CodeIgniter\CodeIgniter->runController(Object(App\Controllers\Admin\News))
#3 C:\laragon\www\htx\system\CodeIgniter.php(312): CodeIgniter\CodeIgniter->handleRequest(NULL, Object(Config\Cache), false)
#4 C:\laragon\www\htx\public\index.php(45): CodeIgniter\CodeIgniter->run()
#5 {main}
CRITICAL - 2020-12-30 03:31:41 -->  route cannot be found while reverse-routing.
#0 C:\laragon\www\htx\system\HTTP\RedirectResponse.php(92): CodeIgniter\HTTP\Exceptions\HTTPException::forInvalidRedirectRoute('')
#1 C:\laragon\www\htx\system\Common.php(845): CodeIgniter\HTTP\RedirectResponse->route(false)
#2 C:\laragon\www\htx\app\Controllers\Admin\News.php(25): redirect('admin/news', 'refresh')
#3 C:\laragon\www\htx\system\CodeIgniter.php(918): App\Controllers\Admin\News->add()
#4 C:\laragon\www\htx\system\CodeIgniter.php(404): CodeIgniter\CodeIgniter->runController(Object(App\Controllers\Admin\News))
#5 C:\laragon\www\htx\system\CodeIgniter.php(312): CodeIgniter\CodeIgniter->handleRequest(NULL, Object(Config\Cache), false)
#6 C:\laragon\www\htx\public\index.php(45): CodeIgniter\CodeIgniter->run()
#7 {main}
CRITICAL - 2020-12-30 08:58:21 --> Call to undefined method App\Models\NewsModel::hasOne
#0 C:\laragon\www\htx\app\Models\NewsModel.php(19): CodeIgniter\Model->__call('hasOne', Array)
#1 C:\laragon\www\htx\app\Controllers\Admin\News.php(42): App\Models\NewsModel->image()
#2 C:\laragon\www\htx\system\CodeIgniter.php(918): App\Controllers\Admin\News->edit('17')
#3 C:\laragon\www\htx\system\CodeIgniter.php(404): CodeIgniter\CodeIgniter->runController(Object(App\Controllers\Admin\News))
#4 C:\laragon\www\htx\system\CodeIgniter.php(312): CodeIgniter\CodeIgniter->handleRequest(NULL, Object(Config\Cache), false)
#5 C:\laragon\www\htx\public\index.php(45): CodeIgniter\CodeIgniter->run()
#6 {main}
CRITICAL - 2020-12-30 09:13:30 --> Call to undefined method App\Models\NewsModel::witha
#0 C:\laragon\www\htx\app\Models\BaseModel.php(843): CodeIgniter\Model->__call('witha', Array)
#1 C:\laragon\www\htx\app\Controllers\Admin\News.php(42): App\Models\BaseModel->__call('witha', Array)
#2 C:\laragon\www\htx\system\CodeIgniter.php(918): App\Controllers\Admin\News->edit('20')
#3 C:\laragon\www\htx\system\CodeIgniter.php(404): CodeIgniter\CodeIgniter->runController(Object(App\Controllers\Admin\News))
#4 C:\laragon\www\htx\system\CodeIgniter.php(312): CodeIgniter\CodeIgniter->handleRequest(NULL, Object(Config\Cache), false)
#5 C:\laragon\www\htx\public\index.php(46): CodeIgniter\CodeIgniter->run()
#6 {main}
CRITICAL - 2020-12-30 09:27:13 --> Call to undefined method App\Entities\News::setLoadedRelation()
#0 C:\laragon\www\htx\app\Models\BaseModel.php(221): App\Models\Relation\HasOne->initRelation(Array, 'image')
#1 C:\laragon\www\htx\app\Models\BaseModel.php(199): App\Models\BaseModel->eagerLoadRelation(Array, 'image', Object(Closure))
#2 C:\laragon\www\htx\app\Models\BaseModel.php(185): App\Models\BaseModel->eagerLoadRelations(Array)
#3 C:\laragon\www\htx\app\Controllers\Admin\News.php(42): App\Models\BaseModel->findAll()
#4 C:\laragon\www\htx\system\CodeIgniter.php(918): App\Controllers\Admin\News->edit('20')
#5 C:\laragon\www\htx\system\CodeIgniter.php(404): CodeIgniter\CodeIgniter->runController(Object(App\Controllers\Admin\News))
#6 C:\laragon\www\htx\system\CodeIgniter.php(312): CodeIgniter\CodeIgniter->handleRequest(NULL, Object(Config\Cache), false)
#7 C:\laragon\www\htx\public\index.php(46): CodeIgniter\CodeIgniter->run()
#8 {main}
CRITICAL - 2020-12-30 09:27:53 --> Call to undefined method App\Entities\News::setLoadedRelation()
#0 C:\laragon\www\htx\app\Models\BaseModel.php(221): App\Models\Relation\HasOne->initRelation(Array, 'image')
#1 C:\laragon\www\htx\app\Models\BaseModel.php(199): App\Models\BaseModel->eagerLoadRelation(Array, 'image', Object(Closure))
#2 C:\laragon\www\htx\app\Models\BaseModel.php(185): App\Models\BaseModel->eagerLoadRelations(Array)
#3 C:\laragon\www\htx\app\Controllers\Admin\News.php(42): App\Models\BaseModel->findAll()
#4 C:\laragon\www\htx\system\CodeIgniter.php(918): App\Controllers\Admin\News->edit('20')
#5 C:\laragon\www\htx\system\CodeIgniter.php(404): CodeIgniter\CodeIgniter->runController(Object(App\Controllers\Admin\News))
#6 C:\laragon\www\htx\system\CodeIgniter.php(312): CodeIgniter\CodeIgniter->handleRequest(NULL, Object(Config\Cache), false)
#7 C:\laragon\www\htx\public\index.php(46): CodeIgniter\CodeIgniter->run()
#8 {main}
CRITICAL - 2020-12-30 09:29:23 --> Call to undefined method stdClass::with()
#0 C:\laragon\www\htx\system\CodeIgniter.php(918): App\Controllers\Admin\News->edit('20')
#1 C:\laragon\www\htx\system\CodeIgniter.php(404): CodeIgniter\CodeIgniter->runController(Object(App\Controllers\Admin\News))
#2 C:\laragon\www\htx\system\CodeIgniter.php(312): CodeIgniter\CodeIgniter->handleRequest(NULL, Object(Config\Cache), false)
#3 C:\laragon\www\htx\public\index.php(46): CodeIgniter\CodeIgniter->run()
#4 {main}
CRITICAL - 2020-12-30 18:05:43 --> Call to undefined method App\Models\NewsModel::with
#0 C:\laragon\www\htx\app\Controllers\Admin\News.php(42): CodeIgniter\Model->__call('with', Array)
#1 C:\laragon\www\htx\system\CodeIgniter.php(918): App\Controllers\Admin\News->edit('20')
#2 C:\laragon\www\htx\system\CodeIgniter.php(404): CodeIgniter\CodeIgniter->runController(Object(App\Controllers\Admin\News))
#3 C:\laragon\www\htx\system\CodeIgniter.php(312): CodeIgniter\CodeIgniter->handleRequest(NULL, Object(Config\Cache), false)
#4 C:\laragon\www\htx\public\index.php(46): CodeIgniter\CodeIgniter->run()
#5 {main}
CRITICAL - 2020-12-30 18:06:10 --> Call to undefined method CodeIgniter\Database\MySQLi\Connection::select()
#0 C:\laragon\www\htx\app\Controllers\Admin\News.php(42): App\Models\NewsModel->image()
#1 C:\laragon\www\htx\system\CodeIgniter.php(918): App\Controllers\Admin\News->edit('20')
#2 C:\laragon\www\htx\system\CodeIgniter.php(404): CodeIgniter\CodeIgniter->runController(Object(App\Controllers\Admin\News))
#3 C:\laragon\www\htx\system\CodeIgniter.php(312): CodeIgniter\CodeIgniter->handleRequest(NULL, Object(Config\Cache), false)
#4 C:\laragon\www\htx\public\index.php(46): CodeIgniter\CodeIgniter->run()
#5 {main}
CRITICAL - 2020-12-30 18:42:51 --> Declaration of OrmExtension\Extensions\Model::save($entity) must be compatible with CodeIgniter\Model::save($data): bool
#0 [internal function]: CodeIgniter\Debug\Exceptions->shutdownHandler()
#1 {main}
CRITICAL - 2020-12-30 18:43:00 --> Declaration of OrmExtension\Extensions\Model::save($entity) must be compatible with CodeIgniter\Model::save($data): bool
#0 [internal function]: CodeIgniter\Debug\Exceptions->shutdownHandler()
#1 {main}
CRITICAL - 2020-12-30 19:18:26 --> Declaration of OrmExtension\Extensions\Model::save($entity) must be compatible with CodeIgniter\Model::save($data): bool
#0 [internal function]: CodeIgniter\Debug\Exceptions->shutdownHandler()
#1 {main}
CRITICAL - 2020-12-30 19:18:27 --> Declaration of OrmExtension\Extensions\Model::save($entity) must be compatible with CodeIgniter\Model::save($data): bool
#0 [internal function]: CodeIgniter\Debug\Exceptions->shutdownHandler()
#1 {main}
CRITICAL - 2020-12-30 19:20:12 --> Declaration of OrmExtension\Extensions\Model::save($entity) must be compatible with CodeIgniter\Model::save($data): bool
#0 [internal function]: CodeIgniter\Debug\Exceptions->shutdownHandler()
#1 {main}
CRITICAL - 2020-12-30 19:20:12 --> Declaration of OrmExtension\Extensions\Model::save($entity) must be compatible with CodeIgniter\Model::save($data): bool
#0 [internal function]: CodeIgniter\Debug\Exceptions->shutdownHandler()
#1 {main}
CRITICAL - 2020-12-30 19:20:13 --> Declaration of OrmExtension\Extensions\Model::save($entity) must be compatible with CodeIgniter\Model::save($data): bool
#0 [internal function]: CodeIgniter\Debug\Exceptions->shutdownHandler()
#1 {main}
CRITICAL - 2020-12-30 19:20:13 --> Declaration of OrmExtension\Extensions\Model::save($entity) must be compatible with CodeIgniter\Model::save($data): bool
#0 [internal function]: CodeIgniter\Debug\Exceptions->shutdownHandler()
#1 {main}
CRITICAL - 2020-12-30 19:20:13 --> Declaration of OrmExtension\Extensions\Model::save($entity) must be compatible with CodeIgniter\Model::save($data): bool
#0 [internal function]: CodeIgniter\Debug\Exceptions->shutdownHandler()
#1 {main}
CRITICAL - 2020-12-30 19:20:13 --> Declaration of OrmExtension\Extensions\Model::save($entity) must be compatible with CodeIgniter\Model::save($data): bool
#0 [internal function]: CodeIgniter\Debug\Exceptions->shutdownHandler()
#1 {main}
CRITICAL - 2020-12-30 19:20:14 --> Declaration of OrmExtension\Extensions\Model::save($entity) must be compatible with CodeIgniter\Model::save($data): bool
#0 [internal function]: CodeIgniter\Debug\Exceptions->shutdownHandler()
#1 {main}
CRITICAL - 2020-12-30 19:34:34 --> Cannot use object of type stdClass as array
#0 C:\laragon\www\htx\app\Controllers\Admin\News.php(44): App\Models\NewsModel->image(Object(stdClass))
#1 C:\laragon\www\htx\system\CodeIgniter.php(918): App\Controllers\Admin\News->edit('20')
#2 C:\laragon\www\htx\system\CodeIgniter.php(404): CodeIgniter\CodeIgniter->runController(Object(App\Controllers\Admin\News))
#3 C:\laragon\www\htx\system\CodeIgniter.php(312): CodeIgniter\CodeIgniter->handleRequest(NULL, Object(Config\Cache), false)
#4 C:\laragon\www\htx\public\index.php(46): CodeIgniter\CodeIgniter->run()
#5 {main}
CRITICAL - 2020-12-30 19:36:17 --> Class 'App\Entite' not found
#0 [internal function]: CodeIgniter\Debug\Exceptions->shutdownHandler()
#1 {main}
CRITICAL - 2020-12-30 19:36:37 --> Class 'App\Entite' not found
#0 [internal function]: CodeIgniter\Debug\Exceptions->shutdownHandler()
#1 {main}
CRITICAL - 2020-12-30 19:40:58 --> Class 'App\Entite' not found
#0 [internal function]: CodeIgniter\Debug\Exceptions->shutdownHandler()
#1 {main}
CRITICAL - 2020-12-30 19:42:04 --> Trying to get property 'image_id' of non-object
#0 C:\laragon\www\htx\app\Models\NewsModel.php(31): CodeIgniter\Debug\Exceptions->errorHandler(8, 'Trying to get p...', 'C:\\laragon\\www\\...', 31, Array)
#1 C:\laragon\www\htx\app\Controllers\Admin\News.php(44): App\Models\NewsModel->image(Array)
#2 C:\laragon\www\htx\system\CodeIgniter.php(918): App\Controllers\Admin\News->edit('20')
#3 C:\laragon\www\htx\system\CodeIgniter.php(404): CodeIgniter\CodeIgniter->runController(Object(App\Controllers\Admin\News))
#4 C:\laragon\www\htx\system\CodeIgniter.php(312): CodeIgniter\CodeIgniter->handleRequest(NULL, Object(Config\Cache), false)
#5 C:\laragon\www\htx\public\index.php(46): CodeIgniter\CodeIgniter->run()
#6 {main}
CRITICAL - 2020-12-30 19:45:18 --> Attempt to assign property 'image' of non-object
#0 C:\laragon\www\htx\app\Models\NewsModel.php(40): CodeIgniter\Debug\Exceptions->errorHandler(2, 'Attempt to assi...', 'C:\\laragon\\www\\...', 40, Array)
#1 C:\laragon\www\htx\app\Controllers\Admin\News.php(44): App\Models\NewsModel->image(Array)
#2 C:\laragon\www\htx\system\CodeIgniter.php(918): App\Controllers\Admin\News->edit('20')
#3 C:\laragon\www\htx\system\CodeIgniter.php(404): CodeIgniter\CodeIgniter->runController(Object(App\Controllers\Admin\News))
#4 C:\laragon\www\htx\system\CodeIgniter.php(312): CodeIgniter\CodeIgniter->handleRequest(NULL, Object(Config\Cache), false)
#5 C:\laragon\www\htx\public\index.php(46): CodeIgniter\CodeIgniter->run()
#6 {main}
CRITICAL - 2020-12-30 19:45:36 --> Attempt to assign property 'image' of non-object
#0 C:\laragon\www\htx\app\Models\NewsModel.php(40): CodeIgniter\Debug\Exceptions->errorHandler(2, 'Attempt to assi...', 'C:\\laragon\\www\\...', 40, Array)
#1 C:\laragon\www\htx\app\Controllers\Admin\News.php(44): App\Models\NewsModel->image(Array)
#2 C:\laragon\www\htx\system\CodeIgniter.php(918): App\Controllers\Admin\News->edit('20')
#3 C:\laragon\www\htx\system\CodeIgniter.php(404): CodeIgniter\CodeIgniter->runController(Object(App\Controllers\Admin\News))
#4 C:\laragon\www\htx\system\CodeIgniter.php(312): CodeIgniter\CodeIgniter->handleRequest(NULL, Object(Config\Cache), false)
#5 C:\laragon\www\htx\public\index.php(46): CodeIgniter\CodeIgniter->run()
#6 {main}
CRITICAL - 2020-12-30 19:49:05 --> Undefined property: App\Controllers\Admin\News::$load
#0 C:\laragon\www\htx\app\Controllers\Admin\News.php(36): CodeIgniter\Debug\Exceptions->errorHandler(8, 'Undefined prope...', 'C:\\laragon\\www\\...', 36, Array)
#1 C:\laragon\www\htx\system\CodeIgniter.php(918): App\Controllers\Admin\News->edit('20')
#2 C:\laragon\www\htx\system\CodeIgniter.php(404): CodeIgniter\CodeIgniter->runController(Object(App\Controllers\Admin\News))
#3 C:\laragon\www\htx\system\CodeIgniter.php(312): CodeIgniter\CodeIgniter->handleRequest(NULL, Object(Config\Cache), false)
#4 C:\laragon\www\htx\public\index.php(46): CodeIgniter\CodeIgniter->run()
#5 {main}
CRITICAL - 2020-12-30 19:51:04 --> Class 'App\Entite' not found
#0 [internal function]: CodeIgniter\Debug\Exceptions->shutdownHandler()
#1 {main}
CRITICAL - 2020-12-30 19:51:24 --> Class 'App\Entite' not found
#0 [internal function]: CodeIgniter\Debug\Exceptions->shutdownHandler()
#1 {main}
CRITICAL - 2020-12-30 19:51:35 --> Class 'App\Entite' not found
#0 [internal function]: CodeIgniter\Debug\Exceptions->shutdownHandler()
#1 {main}
CRITICAL - 2020-12-30 19:52:03 --> Call to undefined method stdClass::fill()
#0 C:\laragon\www\htx\system\CodeIgniter.php(918): App\Controllers\Admin\News->edit('20')
#1 C:\laragon\www\htx\system\CodeIgniter.php(404): CodeIgniter\CodeIgniter->runController(Object(App\Controllers\Admin\News))
#2 C:\laragon\www\htx\system\CodeIgniter.php(312): CodeIgniter\CodeIgniter->handleRequest(NULL, Object(Config\Cache), false)
#3 C:\laragon\www\htx\public\index.php(46): CodeIgniter\CodeIgniter->run()
#4 {main}
CRITICAL - 2020-12-30 19:52:23 --> Call to undefined method stdClass::fill()
#0 C:\laragon\www\htx\system\CodeIgniter.php(918): App\Controllers\Admin\News->edit('20')
#1 C:\laragon\www\htx\system\CodeIgniter.php(404): CodeIgniter\CodeIgniter->runController(Object(App\Controllers\Admin\News))
#2 C:\laragon\www\htx\system\CodeIgniter.php(312): CodeIgniter\CodeIgniter->handleRequest(NULL, Object(Config\Cache), false)
#3 C:\laragon\www\htx\public\index.php(46): CodeIgniter\CodeIgniter->run()
#4 {main}
CRITICAL - 2020-12-30 19:52:32 --> Call to a member function fill() on array
#0 C:\laragon\www\htx\system\CodeIgniter.php(918): App\Controllers\Admin\News->edit('20')
#1 C:\laragon\www\htx\system\CodeIgniter.php(404): CodeIgniter\CodeIgniter->runController(Object(App\Controllers\Admin\News))
#2 C:\laragon\www\htx\system\CodeIgniter.php(312): CodeIgniter\CodeIgniter->handleRequest(NULL, Object(Config\Cache), false)
#3 C:\laragon\www\htx\public\index.php(46): CodeIgniter\CodeIgniter->run()
#4 {main}
CRITICAL - 2020-12-30 19:53:14 --> Call to a member function fill() on array
#0 C:\laragon\www\htx\system\CodeIgniter.php(918): App\Controllers\Admin\News->edit('20')
#1 C:\laragon\www\htx\system\CodeIgniter.php(404): CodeIgniter\CodeIgniter->runController(Object(App\Controllers\Admin\News))
#2 C:\laragon\www\htx\system\CodeIgniter.php(312): CodeIgniter\CodeIgniter->handleRequest(NULL, Object(Config\Cache), false)
#3 C:\laragon\www\htx\public\index.php(46): CodeIgniter\CodeIgniter->run()
#4 {main}
CRITICAL - 2020-12-30 19:53:26 --> Class 'App\Entite\News' not found
#0 [internal function]: CodeIgniter\Debug\Exceptions->shutdownHandler()
#1 {main}
CRITICAL - 2020-12-30 19:54:19 --> Class 'App\Entites\News' not found
#0 [internal function]: CodeIgniter\Debug\Exceptions->shutdownHandler()
#1 {main}
CRITICAL - 2020-12-30 19:54:38 -->  route cannot be found while reverse-routing.
#0 C:\laragon\www\htx\system\HTTP\RedirectResponse.php(92): CodeIgniter\HTTP\Exceptions\HTTPException::forInvalidRedirectRoute('')
#1 C:\laragon\www\htx\system\Common.php(845): CodeIgniter\HTTP\RedirectResponse->route(false)
#2 C:\laragon\www\htx\app\Controllers\Admin\News.php(45): redirect('news', 'refresh')
#3 C:\laragon\www\htx\system\CodeIgniter.php(918): App\Controllers\Admin\News->edit('20')
#4 C:\laragon\www\htx\system\CodeIgniter.php(404): CodeIgniter\CodeIgniter->runController(Object(App\Controllers\Admin\News))
#5 C:\laragon\www\htx\system\CodeIgniter.php(312): CodeIgniter\CodeIgniter->handleRequest(NULL, Object(Config\Cache), false)
#6 C:\laragon\www\htx\public\index.php(46): CodeIgniter\CodeIgniter->run()
#7 {main}
CRITICAL - 2020-12-30 19:54:56 -->  route cannot be found while reverse-routing.
#0 C:\laragon\www\htx\system\HTTP\RedirectResponse.php(92): CodeIgniter\HTTP\Exceptions\HTTPException::forInvalidRedirectRoute('')
#1 C:\laragon\www\htx\system\Common.php(845): CodeIgniter\HTTP\RedirectResponse->route(false)
#2 C:\laragon\www\htx\app\Controllers\Admin\News.php(45): redirect('news', 'refresh')
#3 C:\laragon\www\htx\system\CodeIgniter.php(918): App\Controllers\Admin\News->edit('20')
#4 C:\laragon\www\htx\system\CodeIgniter.php(404): CodeIgniter\CodeIgniter->runController(Object(App\Controllers\Admin\News))
#5 C:\laragon\www\htx\system\CodeIgniter.php(312): CodeIgniter\CodeIgniter->handleRequest(NULL, Object(Config\Cache), false)
#6 C:\laragon\www\htx\public\index.php(46): CodeIgniter\CodeIgniter->run()
#7 {main}
CRITICAL - 2020-12-30 19:55:17 --> You must use the "set" method to update an entry.
#0 C:\laragon\www\htx\system\Database\BaseBuilder.php(2430): CodeIgniter\Database\BaseBuilder->validateUpdate()
#1 C:\laragon\www\htx\system\Model.php(889): CodeIgniter\Database\BaseBuilder->update()
#2 C:\laragon\www\htx\system\Model.php(566): CodeIgniter\Model->update(Array, Array)
#3 C:\laragon\www\htx\app\Controllers\Admin\News.php(44): CodeIgniter\Model->save(Object(App\Entities\News))
#4 C:\laragon\www\htx\system\CodeIgniter.php(918): App\Controllers\Admin\News->edit('20')
#5 C:\laragon\www\htx\system\CodeIgniter.php(404): CodeIgniter\CodeIgniter->runController(Object(App\Controllers\Admin\News))
#6 C:\laragon\www\htx\system\CodeIgniter.php(312): CodeIgniter\CodeIgniter->handleRequest(NULL, Object(Config\Cache), false)
#7 C:\laragon\www\htx\public\index.php(46): CodeIgniter\CodeIgniter->run()
#8 {main}
CRITICAL - 2020-12-30 19:56:53 --> Invalid file: backend\slider\index.php
#0 C:\laragon\www\htx\system\View\View.php(228): CodeIgniter\Exceptions\FrameworkException::forInvalidFile('backend\\slider\\...')
#1 C:\laragon\www\htx\system\Common.php(1119): CodeIgniter\View\View->render('backend\\slider\\...', Array, true)
#2 C:\laragon\www\htx\app\Controllers\Admin\Slider.php(10): view('backend\\slider\\...', Array)
#3 C:\laragon\www\htx\system\CodeIgniter.php(918): App\Controllers\Admin\Slider->index()
#4 C:\laragon\www\htx\system\CodeIgniter.php(404): CodeIgniter\CodeIgniter->runController(Object(App\Controllers\Admin\Slider))
#5 C:\laragon\www\htx\system\CodeIgniter.php(312): CodeIgniter\CodeIgniter->handleRequest(NULL, Object(Config\Cache), false)
#6 C:\laragon\www\htx\public\index.php(46): CodeIgniter\CodeIgniter->run()
#7 {main}
CRITICAL - 2020-12-30 20:31:44 --> Undefined property: stdClass::$descrription_vi
#0 C:\laragon\www\htx\app\Controllers\Admin\Tag.php(92): CodeIgniter\Debug\Exceptions->errorHandler(8, 'Undefined prope...', 'C:\\laragon\\www\\...', 92, Array)
#1 C:\laragon\www\htx\system\CodeIgniter.php(918): App\Controllers\Admin\Tag->table()
#2 C:\laragon\www\htx\system\CodeIgniter.php(404): CodeIgniter\CodeIgniter->runController(Object(App\Controllers\Admin\Tag))
#3 C:\laragon\www\htx\system\CodeIgniter.php(312): CodeIgniter\CodeIgniter->handleRequest(NULL, Object(Config\Cache), false)
#4 C:\laragon\www\htx\public\index.php(46): CodeIgniter\CodeIgniter->run()
#5 {main}
CRITICAL - 2020-12-30 20:35:52 --> View themes, no current section.
#0 C:\laragon\www\htx\app\Views\backend\tag\edit.php(137): CodeIgniter\View\View->endSection()
#1 C:\laragon\www\htx\system\View\View.php(246): include('C:\\laragon\\www\\...')
#2 C:\laragon\www\htx\system\Common.php(1119): CodeIgniter\View\View->render('backend\\tag\\edi...', Array, true)
#3 C:\laragon\www\htx\app\Controllers\Admin\Tag.php(57): view('backend\\tag\\edi...', Array)
#4 C:\laragon\www\htx\system\CodeIgniter.php(918): App\Controllers\Admin\Tag->edit('2')
#5 C:\laragon\www\htx\system\CodeIgniter.php(404): CodeIgniter\CodeIgniter->runController(Object(App\Controllers\Admin\Tag))
#6 C:\laragon\www\htx\system\CodeIgniter.php(312): CodeIgniter\CodeIgniter->handleRequest(NULL, Object(Config\Cache), false)
#7 C:\laragon\www\htx\public\index.php(46): CodeIgniter\CodeIgniter->run()
#8 {main}
CRITICAL - 2020-12-30 20:35:54 --> View themes, no current section.
#0 C:\laragon\www\htx\app\Views\backend\tag\edit.php(137): CodeIgniter\View\View->endSection()
#1 C:\laragon\www\htx\system\View\View.php(246): include('C:\\laragon\\www\\...')
#2 C:\laragon\www\htx\system\Common.php(1119): CodeIgniter\View\View->render('backend\\tag\\edi...', Array, true)
#3 C:\laragon\www\htx\app\Controllers\Admin\Tag.php(57): view('backend\\tag\\edi...', Array)
#4 C:\laragon\www\htx\system\CodeIgniter.php(918): App\Controllers\Admin\Tag->edit('2')
#5 C:\laragon\www\htx\system\CodeIgniter.php(404): CodeIgniter\CodeIgniter->runController(Object(App\Controllers\Admin\Tag))
#6 C:\laragon\www\htx\system\CodeIgniter.php(312): CodeIgniter\CodeIgniter->handleRequest(NULL, Object(Config\Cache), false)
#7 C:\laragon\www\htx\public\index.php(46): CodeIgniter\CodeIgniter->run()
#8 {main}
CRITICAL - 2020-12-30 21:22:27 --> Trying to get property 'tag_id' of non-object
#0 C:\laragon\www\htx\app\Controllers\Admin\News.php(72): CodeIgniter\Debug\Exceptions->errorHandler(8, 'Trying to get p...', 'C:\\laragon\\www\\...', 72, Array)
#1 C:\laragon\www\htx\system\CodeIgniter.php(918): App\Controllers\Admin\News->edit('27')
#2 C:\laragon\www\htx\system\CodeIgniter.php(404): CodeIgniter\CodeIgniter->runController(Object(App\Controllers\Admin\News))
#3 C:\laragon\www\htx\system\CodeIgniter.php(312): CodeIgniter\CodeIgniter->handleRequest(NULL, Object(Config\Cache), false)
#4 C:\laragon\www\htx\public\index.php(46): CodeIgniter\CodeIgniter->run()
#5 {main}
CRITICAL - 2020-12-30 21:33:00 --> You must use the "set" method to update an entry.
#0 C:\laragon\www\htx\system\Database\BaseBuilder.php(2430): CodeIgniter\Database\BaseBuilder->validateUpdate()
#1 C:\laragon\www\htx\system\Model.php(889): CodeIgniter\Database\BaseBuilder->update()
#2 C:\laragon\www\htx\system\Model.php(566): CodeIgniter\Model->update(Array, Array)
#3 C:\laragon\www\htx\app\Controllers\Admin\News.php(59): CodeIgniter\Model->save(Object(App\Entities\News))
#4 C:\laragon\www\htx\system\CodeIgniter.php(918): App\Controllers\Admin\News->edit('27')
#5 C:\laragon\www\htx\system\CodeIgniter.php(404): CodeIgniter\CodeIgniter->runController(Object(App\Controllers\Admin\News))
#6 C:\laragon\www\htx\system\CodeIgniter.php(312): CodeIgniter\CodeIgniter->handleRequest(NULL, Object(Config\Cache), false)
#7 C:\laragon\www\htx\public\index.php(46): CodeIgniter\CodeIgniter->run()
#8 {main}
CRITICAL - 2020-12-30 21:33:50 --> You must use the "set" method to update an entry.
#0 C:\laragon\www\htx\system\Database\BaseBuilder.php(2430): CodeIgniter\Database\BaseBuilder->validateUpdate()
#1 C:\laragon\www\htx\system\Model.php(889): CodeIgniter\Database\BaseBuilder->update()
#2 C:\laragon\www\htx\system\Model.php(566): CodeIgniter\Model->update(Array, Array)
#3 C:\laragon\www\htx\app\Controllers\Admin\News.php(60): CodeIgniter\Model->save(Object(App\Entities\News))
#4 C:\laragon\www\htx\system\CodeIgniter.php(918): App\Controllers\Admin\News->edit('27')
#5 C:\laragon\www\htx\system\CodeIgniter.php(404): CodeIgniter\CodeIgniter->runController(Object(App\Controllers\Admin\News))
#6 C:\laragon\www\htx\system\CodeIgniter.php(312): CodeIgniter\CodeIgniter->handleRequest(NULL, Object(Config\Cache), false)
#7 C:\laragon\www\htx\public\index.php(46): CodeIgniter\CodeIgniter->run()
#8 {main}
CRITICAL - 2020-12-30 21:38:06 --> You must use the "set" method to update an entry.
#0 C:\laragon\www\htx\system\Database\BaseBuilder.php(2430): CodeIgniter\Database\BaseBuilder->validateUpdate()
#1 C:\laragon\www\htx\system\Model.php(889): CodeIgniter\Database\BaseBuilder->update()
#2 C:\laragon\www\htx\system\Model.php(566): CodeIgniter\Model->update(Array, Array)
#3 C:\laragon\www\htx\app\Controllers\Admin\News.php(66): CodeIgniter\Model->save(Object(App\Entities\News))
#4 C:\laragon\www\htx\system\CodeIgniter.php(918): App\Controllers\Admin\News->edit('27')
#5 C:\laragon\www\htx\system\CodeIgniter.php(404): CodeIgniter\CodeIgniter->runController(Object(App\Controllers\Admin\News))
#6 C:\laragon\www\htx\system\CodeIgniter.php(312): CodeIgniter\CodeIgniter->handleRequest(NULL, Object(Config\Cache), false)
#7 C:\laragon\www\htx\public\index.php(46): CodeIgniter\CodeIgniter->run()
#8 {main}
CRITICAL - 2020-12-30 21:38:39 --> You must use the "set" method to update an entry.
#0 C:\laragon\www\htx\system\Database\BaseBuilder.php(2430): CodeIgniter\Database\BaseBuilder->validateUpdate()
#1 C:\laragon\www\htx\system\Model.php(889): CodeIgniter\Database\BaseBuilder->update()
#2 C:\laragon\www\htx\system\Model.php(566): CodeIgniter\Model->update(Array, Array)
#3 C:\laragon\www\htx\app\Controllers\Admin\News.php(66): CodeIgniter\Model->save(Object(App\Entities\News))
#4 C:\laragon\www\htx\system\CodeIgniter.php(918): App\Controllers\Admin\News->edit('27')
#5 C:\laragon\www\htx\system\CodeIgniter.php(404): CodeIgniter\CodeIgniter->runController(Object(App\Controllers\Admin\News))
#6 C:\laragon\www\htx\system\CodeIgniter.php(312): CodeIgniter\CodeIgniter->handleRequest(NULL, Object(Config\Cache), false)
#7 C:\laragon\www\htx\public\index.php(46): CodeIgniter\CodeIgniter->run()
#8 {main}
CRITICAL - 2020-12-30 21:39:16 --> You must use the "set" method to update an entry.
#0 C:\laragon\www\htx\system\Database\BaseBuilder.php(2430): CodeIgniter\Database\BaseBuilder->validateUpdate()
#1 C:\laragon\www\htx\system\Model.php(889): CodeIgniter\Database\BaseBuilder->update()
#2 C:\laragon\www\htx\system\Model.php(566): CodeIgniter\Model->update(Array, Array)
#3 C:\laragon\www\htx\app\Controllers\Admin\News.php(66): CodeIgniter\Model->save(Object(App\Entities\News))
#4 C:\laragon\www\htx\system\CodeIgniter.php(918): App\Controllers\Admin\News->edit('27')
#5 C:\laragon\www\htx\system\CodeIgniter.php(404): CodeIgniter\CodeIgniter->runController(Object(App\Controllers\Admin\News))
#6 C:\laragon\www\htx\system\CodeIgniter.php(312): CodeIgniter\CodeIgniter->handleRequest(NULL, Object(Config\Cache), false)
#7 C:\laragon\www\htx\public\index.php(46): CodeIgniter\CodeIgniter->run()
#8 {main}
CRITICAL - 2020-12-30 21:43:35 --> You must use the "set" method to update an entry.
#0 C:\laragon\www\htx\system\Database\BaseBuilder.php(2430): CodeIgniter\Database\BaseBuilder->validateUpdate()
#1 C:\laragon\www\htx\system\Model.php(889): CodeIgniter\Database\BaseBuilder->update()
#2 C:\laragon\www\htx\system\Model.php(566): CodeIgniter\Model->update(Array, Array)
#3 C:\laragon\www\htx\app\Controllers\Admin\News.php(68): CodeIgniter\Model->save(Object(App\Entities\News))
#4 C:\laragon\www\htx\system\CodeIgniter.php(918): App\Controllers\Admin\News->edit('27')
#5 C:\laragon\www\htx\system\CodeIgniter.php(404): CodeIgniter\CodeIgniter->runController(Object(App\Controllers\Admin\News))
#6 C:\laragon\www\htx\system\CodeIgniter.php(312): CodeIgniter\CodeIgniter->handleRequest(NULL, Object(Config\Cache), false)
#7 C:\laragon\www\htx\public\index.php(46): CodeIgniter\CodeIgniter->run()
#8 {main}
CRITICAL - 2020-12-30 21:45:30 --> You must use the "set" method to update an entry.
#0 C:\laragon\www\htx\system\Database\BaseBuilder.php(2430): CodeIgniter\Database\BaseBuilder->validateUpdate()
#1 C:\laragon\www\htx\system\Model.php(889): CodeIgniter\Database\BaseBuilder->update()
#2 C:\laragon\www\htx\system\Model.php(566): CodeIgniter\Model->update(Array, Array)
#3 C:\laragon\www\htx\app\Controllers\Admin\News.php(68): CodeIgniter\Model->save(Object(App\Entities\News))
#4 C:\laragon\www\htx\system\CodeIgniter.php(918): App\Controllers\Admin\News->edit('27')
#5 C:\laragon\www\htx\system\CodeIgniter.php(404): CodeIgniter\CodeIgniter->runController(Object(App\Controllers\Admin\News))
#6 C:\laragon\www\htx\system\CodeIgniter.php(312): CodeIgniter\CodeIgniter->handleRequest(NULL, Object(Config\Cache), false)
#7 C:\laragon\www\htx\public\index.php(46): CodeIgniter\CodeIgniter->run()
#8 {main}
CRITICAL - 2020-12-30 21:45:55 --> You must use the "set" method to update an entry.
#0 C:\laragon\www\htx\system\Database\BaseBuilder.php(2430): CodeIgniter\Database\BaseBuilder->validateUpdate()
#1 C:\laragon\www\htx\system\Model.php(889): CodeIgniter\Database\BaseBuilder->update()
#2 C:\laragon\www\htx\system\Model.php(566): CodeIgniter\Model->update(Array, Array)
#3 C:\laragon\www\htx\app\Controllers\Admin\News.php(68): CodeIgniter\Model->save(Object(App\Entities\News))
#4 C:\laragon\www\htx\system\CodeIgniter.php(918): App\Controllers\Admin\News->edit('27')
#5 C:\laragon\www\htx\system\CodeIgniter.php(404): CodeIgniter\CodeIgniter->runController(Object(App\Controllers\Admin\News))
#6 C:\laragon\www\htx\system\CodeIgniter.php(312): CodeIgniter\CodeIgniter->handleRequest(NULL, Object(Config\Cache), false)
#7 C:\laragon\www\htx\public\index.php(46): CodeIgniter\CodeIgniter->run()
#8 {main}
CRITICAL - 2020-12-30 21:46:57 --> You must use the "set" method to update an entry.
#0 C:\laragon\www\htx\system\Database\BaseBuilder.php(2430): CodeIgniter\Database\BaseBuilder->validateUpdate()
#1 C:\laragon\www\htx\system\Model.php(889): CodeIgniter\Database\BaseBuilder->update()
#2 C:\laragon\www\htx\system\Model.php(566): CodeIgniter\Model->update(Array, Array)
#3 C:\laragon\www\htx\app\Controllers\Admin\News.php(68): CodeIgniter\Model->save(Object(App\Entities\News))
#4 C:\laragon\www\htx\system\CodeIgniter.php(918): App\Controllers\Admin\News->edit('27')
#5 C:\laragon\www\htx\system\CodeIgniter.php(404): CodeIgniter\CodeIgniter->runController(Object(App\Controllers\Admin\News))
#6 C:\laragon\www\htx\system\CodeIgniter.php(312): CodeIgniter\CodeIgniter->handleRequest(NULL, Object(Config\Cache), false)
#7 C:\laragon\www\htx\public\index.php(46): CodeIgniter\CodeIgniter->run()
#8 {main}
CRITICAL - 2020-12-30 21:50:45 --> You must use the "set" method to update an entry.
#0 C:\laragon\www\htx\system\Database\BaseBuilder.php(2430): CodeIgniter\Database\BaseBuilder->validateUpdate()
#1 C:\laragon\www\htx\system\Model.php(889): CodeIgniter\Database\BaseBuilder->update()
#2 C:\laragon\www\htx\system\Model.php(566): CodeIgniter\Model->update(Array, Array)
#3 C:\laragon\www\htx\app\Controllers\Admin\News.php(68): CodeIgniter\Model->save(Object(App\Entities\News))
#4 C:\laragon\www\htx\system\CodeIgniter.php(918): App\Controllers\Admin\News->edit('27')
#5 C:\laragon\www\htx\system\CodeIgniter.php(404): CodeIgniter\CodeIgniter->runController(Object(App\Controllers\Admin\News))
#6 C:\laragon\www\htx\system\CodeIgniter.php(312): CodeIgniter\CodeIgniter->handleRequest(NULL, Object(Config\Cache), false)
#7 C:\laragon\www\htx\public\index.php(46): CodeIgniter\CodeIgniter->run()
#8 {main}
CRITICAL - 2020-12-30 21:50:46 --> You must use the "set" method to update an entry.
#0 C:\laragon\www\htx\system\Database\BaseBuilder.php(2430): CodeIgniter\Database\BaseBuilder->validateUpdate()
#1 C:\laragon\www\htx\system\Model.php(889): CodeIgniter\Database\BaseBuilder->update()
#2 C:\laragon\www\htx\system\Model.php(566): CodeIgniter\Model->update(Array, Array)
#3 C:\laragon\www\htx\app\Controllers\Admin\News.php(68): CodeIgniter\Model->save(Object(App\Entities\News))
#4 C:\laragon\www\htx\system\CodeIgniter.php(918): App\Controllers\Admin\News->edit('27')
#5 C:\laragon\www\htx\system\CodeIgniter.php(404): CodeIgniter\CodeIgniter->runController(Object(App\Controllers\Admin\News))
#6 C:\laragon\www\htx\system\CodeIgniter.php(312): CodeIgniter\CodeIgniter->handleRequest(NULL, Object(Config\Cache), false)
#7 C:\laragon\www\htx\public\index.php(46): CodeIgniter\CodeIgniter->run()
#8 {main}
CRITICAL - 2020-12-30 21:50:46 --> You must use the "set" method to update an entry.
#0 C:\laragon\www\htx\system\Database\BaseBuilder.php(2430): CodeIgniter\Database\BaseBuilder->validateUpdate()
#1 C:\laragon\www\htx\system\Model.php(889): CodeIgniter\Database\BaseBuilder->update()
#2 C:\laragon\www\htx\system\Model.php(566): CodeIgniter\Model->update(Array, Array)
#3 C:\laragon\www\htx\app\Controllers\Admin\News.php(68): CodeIgniter\Model->save(Object(App\Entities\News))
#4 C:\laragon\www\htx\system\CodeIgniter.php(918): App\Controllers\Admin\News->edit('27')
#5 C:\laragon\www\htx\system\CodeIgniter.php(404): CodeIgniter\CodeIgniter->runController(Object(App\Controllers\Admin\News))
#6 C:\laragon\www\htx\system\CodeIgniter.php(312): CodeIgniter\CodeIgniter->handleRequest(NULL, Object(Config\Cache), false)
#7 C:\laragon\www\htx\public\index.php(46): CodeIgniter\CodeIgniter->run()
#8 {main}
CRITICAL - 2020-12-30 21:50:47 --> You must use the "set" method to update an entry.
#0 C:\laragon\www\htx\system\Database\BaseBuilder.php(2430): CodeIgniter\Database\BaseBuilder->validateUpdate()
#1 C:\laragon\www\htx\system\Model.php(889): CodeIgniter\Database\BaseBuilder->update()
#2 C:\laragon\www\htx\system\Model.php(566): CodeIgniter\Model->update(Array, Array)
#3 C:\laragon\www\htx\app\Controllers\Admin\News.php(68): CodeIgniter\Model->save(Object(App\Entities\News))
#4 C:\laragon\www\htx\system\CodeIgniter.php(918): App\Controllers\Admin\News->edit('27')
#5 C:\laragon\www\htx\system\CodeIgniter.php(404): CodeIgniter\CodeIgniter->runController(Object(App\Controllers\Admin\News))
#6 C:\laragon\www\htx\system\CodeIgniter.php(312): CodeIgniter\CodeIgniter->handleRequest(NULL, Object(Config\Cache), false)
#7 C:\laragon\www\htx\public\index.php(46): CodeIgniter\CodeIgniter->run()
#8 {main}
CRITICAL - 2020-12-30 21:50:47 --> You must use the "set" method to update an entry.
#0 C:\laragon\www\htx\system\Database\BaseBuilder.php(2430): CodeIgniter\Database\BaseBuilder->validateUpdate()
#1 C:\laragon\www\htx\system\Model.php(889): CodeIgniter\Database\BaseBuilder->update()
#2 C:\laragon\www\htx\system\Model.php(566): CodeIgniter\Model->update(Array, Array)
#3 C:\laragon\www\htx\app\Controllers\Admin\News.php(68): CodeIgniter\Model->save(Object(App\Entities\News))
#4 C:\laragon\www\htx\system\CodeIgniter.php(918): App\Controllers\Admin\News->edit('27')
#5 C:\laragon\www\htx\system\CodeIgniter.php(404): CodeIgniter\CodeIgniter->runController(Object(App\Controllers\Admin\News))
#6 C:\laragon\www\htx\system\CodeIgniter.php(312): CodeIgniter\CodeIgniter->handleRequest(NULL, Object(Config\Cache), false)
#7 C:\laragon\www\htx\public\index.php(46): CodeIgniter\CodeIgniter->run()
#8 {main}
CRITICAL - 2020-12-30 21:50:47 --> You must use the "set" method to update an entry.
#0 C:\laragon\www\htx\system\Database\BaseBuilder.php(2430): CodeIgniter\Database\BaseBuilder->validateUpdate()
#1 C:\laragon\www\htx\system\Model.php(889): CodeIgniter\Database\BaseBuilder->update()
#2 C:\laragon\www\htx\system\Model.php(566): CodeIgniter\Model->update(Array, Array)
#3 C:\laragon\www\htx\app\Controllers\Admin\News.php(68): CodeIgniter\Model->save(Object(App\Entities\News))
#4 C:\laragon\www\htx\system\CodeIgniter.php(918): App\Controllers\Admin\News->edit('27')
#5 C:\laragon\www\htx\system\CodeIgniter.php(404): CodeIgniter\CodeIgniter->runController(Object(App\Controllers\Admin\News))
#6 C:\laragon\www\htx\system\CodeIgniter.php(312): CodeIgniter\CodeIgniter->handleRequest(NULL, Object(Config\Cache), false)
#7 C:\laragon\www\htx\public\index.php(46): CodeIgniter\CodeIgniter->run()
#8 {main}
CRITICAL - 2020-12-30 21:50:47 --> You must use the "set" method to update an entry.
#0 C:\laragon\www\htx\system\Database\BaseBuilder.php(2430): CodeIgniter\Database\BaseBuilder->validateUpdate()
#1 C:\laragon\www\htx\system\Model.php(889): CodeIgniter\Database\BaseBuilder->update()
#2 C:\laragon\www\htx\system\Model.php(566): CodeIgniter\Model->update(Array, Array)
#3 C:\laragon\www\htx\app\Controllers\Admin\News.php(68): CodeIgniter\Model->save(Object(App\Entities\News))
#4 C:\laragon\www\htx\system\CodeIgniter.php(918): App\Controllers\Admin\News->edit('27')
#5 C:\laragon\www\htx\system\CodeIgniter.php(404): CodeIgniter\CodeIgniter->runController(Object(App\Controllers\Admin\News))
#6 C:\laragon\www\htx\system\CodeIgniter.php(312): CodeIgniter\CodeIgniter->handleRequest(NULL, Object(Config\Cache), false)
#7 C:\laragon\www\htx\public\index.php(46): CodeIgniter\CodeIgniter->run()
#8 {main}
CRITICAL - 2020-12-30 21:50:52 --> You must use the "set" method to update an entry.
#0 C:\laragon\www\htx\system\Database\BaseBuilder.php(2430): CodeIgniter\Database\BaseBuilder->validateUpdate()
#1 C:\laragon\www\htx\system\Model.php(889): CodeIgniter\Database\BaseBuilder->update()
#2 C:\laragon\www\htx\system\Model.php(566): CodeIgniter\Model->update(Array, Array)
#3 C:\laragon\www\htx\app\Controllers\Admin\News.php(68): CodeIgniter\Model->save(Object(App\Entities\News))
#4 C:\laragon\www\htx\system\CodeIgniter.php(918): App\Controllers\Admin\News->edit('27')
#5 C:\laragon\www\htx\system\CodeIgniter.php(404): CodeIgniter\CodeIgniter->runController(Object(App\Controllers\Admin\News))
#6 C:\laragon\www\htx\system\CodeIgniter.php(312): CodeIgniter\CodeIgniter->handleRequest(NULL, Object(Config\Cache), false)
#7 C:\laragon\www\htx\public\index.php(46): CodeIgniter\CodeIgniter->run()
#8 {main}
CRITICAL - 2020-12-30 21:51:47 --> You must use the "set" method to update an entry.
#0 C:\laragon\www\htx\system\Database\BaseBuilder.php(2430): CodeIgniter\Database\BaseBuilder->validateUpdate()
#1 C:\laragon\www\htx\system\Model.php(889): CodeIgniter\Database\BaseBuilder->update()
#2 C:\laragon\www\htx\system\Model.php(566): CodeIgniter\Model->update(Array, Array)
#3 C:\laragon\www\htx\app\Controllers\Admin\News.php(93): CodeIgniter\Model->save(Object(App\Entities\News))
#4 C:\laragon\www\htx\system\CodeIgniter.php(918): App\Controllers\Admin\News->edit('27')
#5 C:\laragon\www\htx\system\CodeIgniter.php(404): CodeIgniter\CodeIgniter->runController(Object(App\Controllers\Admin\News))
#6 C:\laragon\www\htx\system\CodeIgniter.php(312): CodeIgniter\CodeIgniter->handleRequest(NULL, Object(Config\Cache), false)
#7 C:\laragon\www\htx\public\index.php(46): CodeIgniter\CodeIgniter->run()
#8 {main}
CRITICAL - 2020-12-30 21:52:17 --> You must use the "set" method to update an entry.
#0 C:\laragon\www\htx\system\Database\BaseBuilder.php(2430): CodeIgniter\Database\BaseBuilder->validateUpdate()
#1 C:\laragon\www\htx\system\Model.php(889): CodeIgniter\Database\BaseBuilder->update()
#2 C:\laragon\www\htx\app\Controllers\Admin\News.php(93): CodeIgniter\Model->update(Array, Array)
#3 C:\laragon\www\htx\system\CodeIgniter.php(918): App\Controllers\Admin\News->edit('27')
#4 C:\laragon\www\htx\system\CodeIgniter.php(404): CodeIgniter\CodeIgniter->runController(Object(App\Controllers\Admin\News))
#5 C:\laragon\www\htx\system\CodeIgniter.php(312): CodeIgniter\CodeIgniter->handleRequest(NULL, Object(Config\Cache), false)
#6 C:\laragon\www\htx\public\index.php(46): CodeIgniter\CodeIgniter->run()
#7 {main}
