CRITICAL - 2020-12-28 07:44:09 --> Unable to connect to the database.
#0 C:\laragon\www\htx\system\Database\BaseConnection.php(646): CodeIgniter\Database\BaseConnection->initialize()
#1 C:\laragon\www\htx\system\Database\BaseConnection.php(1548): CodeIgniter\Database\BaseConnection->query('SHOW TABLES FRO...')
#2 C:\laragon\www\htx\system\Database\BaseConnection.php(1591): CodeIgniter\Database\BaseConnection->listTables()
#3 C:\laragon\www\htx\system\Database\MigrationRunner.php(945): CodeIgniter\Database\BaseConnection->tableExists('migrations')
#4 C:\laragon\www\htx\system\Database\MigrationRunner.php(193): CodeIgniter\Database\MigrationRunner->ensureTable()
#5 C:\laragon\www\htx\system\Commands\Database\Migrate.php(128): CodeIgniter\Database\MigrationRunner->latest(NULL)
#6 C:\laragon\www\htx\system\CLI\Commands.php(100): CodeIgniter\Commands\Database\Migrate->run(Array)
#7 C:\laragon\www\htx\system\CLI\CommandRunner.php(107): CodeIgniter\CLI\Commands->run('migrate', Array)
#8 C:\laragon\www\htx\system\CLI\CommandRunner.php(85): CodeIgniter\CLI\CommandRunner->index(Array)
#9 C:\laragon\www\htx\system\CodeIgniter.php(914): CodeIgniter\CLI\CommandRunner->_remap('index', 'migrate')
#10 C:\laragon\www\htx\system\CodeIgniter.php(404): CodeIgniter\CodeIgniter->runController(Object(CodeIgniter\CLI\CommandRunner))
#11 C:\laragon\www\htx\system\CodeIgniter.php(312): CodeIgniter\CodeIgniter->handleRequest(NULL, Object(Config\Cache), false)
#12 C:\laragon\www\htx\system\CLI\Console.php(86): CodeIgniter\CodeIgniter->run()
#13 C:\laragon\www\htx\spark(57): CodeIgniter\CLI\Console->run()
#14 {main}
CRITICAL - 2020-12-28 07:44:48 --> Unable to connect to the database.
#0 C:\laragon\www\htx\system\Database\BaseConnection.php(646): CodeIgniter\Database\BaseConnection->initialize()
#1 C:\laragon\www\htx\system\Database\BaseConnection.php(1548): CodeIgniter\Database\BaseConnection->query('SHOW TABLES FRO...')
#2 C:\laragon\www\htx\system\Database\BaseConnection.php(1591): CodeIgniter\Database\BaseConnection->listTables()
#3 C:\laragon\www\htx\system\Database\MigrationRunner.php(945): CodeIgniter\Database\BaseConnection->tableExists('migrations')
#4 C:\laragon\www\htx\system\Database\MigrationRunner.php(193): CodeIgniter\Database\MigrationRunner->ensureTable()
#5 C:\laragon\www\htx\system\Commands\Database\Migrate.php(128): CodeIgniter\Database\MigrationRunner->latest(NULL)
#6 C:\laragon\www\htx\system\CLI\Commands.php(100): CodeIgniter\Commands\Database\Migrate->run(Array)
#7 C:\laragon\www\htx\system\CLI\CommandRunner.php(107): CodeIgniter\CLI\Commands->run('migrate', Array)
#8 C:\laragon\www\htx\system\CLI\CommandRunner.php(85): CodeIgniter\CLI\CommandRunner->index(Array)
#9 C:\laragon\www\htx\system\CodeIgniter.php(914): CodeIgniter\CLI\CommandRunner->_remap('index', 'migrate')
#10 C:\laragon\www\htx\system\CodeIgniter.php(404): CodeIgniter\CodeIgniter->runController(Object(CodeIgniter\CLI\CommandRunner))
#11 C:\laragon\www\htx\system\CodeIgniter.php(312): CodeIgniter\CodeIgniter->handleRequest(NULL, Object(Config\Cache), false)
#12 C:\laragon\www\htx\system\CLI\Console.php(86): CodeIgniter\CodeIgniter->run()
#13 C:\laragon\www\htx\spark(57): CodeIgniter\CLI\Console->run()
#14 {main}
CRITICAL - 2020-12-28 07:59:50 --> Argument 1 passed to view() must be of the type string, null given, called in C:\laragon\www\htx\app\ThirdParty\myth-auth\src\Authentication\Activators\EmailActivator.php on line 38
#0 C:\laragon\www\htx\app\ThirdParty\myth-auth\src\Authentication\Activators\EmailActivator.php(38): view(NULL, Array)
#1 C:\laragon\www\htx\app\ThirdParty\myth-auth\src\Controllers\AuthController.php(186): Myth\Auth\Authentication\Activators\EmailActivator->send(Object(Myth\Auth\Entities\User))
#2 C:\laragon\www\htx\system\CodeIgniter.php(918): Myth\Auth\Controllers\AuthController->attemptRegister()
#3 C:\laragon\www\htx\system\CodeIgniter.php(404): CodeIgniter\CodeIgniter->runController(Object(Myth\Auth\Controllers\AuthController))
#4 C:\laragon\www\htx\system\CodeIgniter.php(312): CodeIgniter\CodeIgniter->handleRequest(NULL, Object(Config\Cache), false)
#5 C:\laragon\www\htx\public\index.php(45): CodeIgniter\CodeIgniter->run()
#6 {main}
