CRITICAL - 2021-01-21 18:07:07 --> \App\Libraries\HomeWidget::category is not a valid method.
#0 C:\laragon\www\htx\system\View\Cell.php(132): CodeIgniter\View\Exceptions\ViewException::forInvalidCellMethod('\\App\\Libraries\\...', 'category')
#1 C:\laragon\www\htx\system\Common.php(1140): CodeIgniter\View\Cell->render('\\App\\Libraries\\...', NULL, 0, 'AppLibrariesHom...')
#2 C:\laragon\www\htx\app\Views\frontend\home\index.php(6): view_cell('\\App\\Libraries\\...')
#3 C:\laragon\www\htx\system\View\View.php(246): include('C:\\laragon\\www\\...')
#4 C:\laragon\www\htx\system\Common.php(1119): CodeIgniter\View\View->render('frontend\\home\\i...', Array, true)
#5 C:\laragon\www\htx\app\Controllers\Home.php(12): view('frontend\\home\\i...', Array)
#6 C:\laragon\www\htx\system\CodeIgniter.php(918): App\Controllers\Home->index()
#7 C:\laragon\www\htx\system\CodeIgniter.php(404): CodeIgniter\CodeIgniter->runController(Object(App\Controllers\Home))
#8 C:\laragon\www\htx\system\CodeIgniter.php(312): CodeIgniter\CodeIgniter->handleRequest(NULL, Object(Config\Cache), false)
#9 C:\laragon\www\htx\public\index.php(46): CodeIgniter\CodeIgniter->run()
#10 {main}
CRITICAL - 2021-01-21 18:07:38 --> \App\Libraries\HomeWidget::category is not a valid method.
#0 C:\laragon\www\htx\system\View\Cell.php(132): CodeIgniter\View\Exceptions\ViewException::forInvalidCellMethod('\\App\\Libraries\\...', 'category')
#1 C:\laragon\www\htx\system\Common.php(1140): CodeIgniter\View\Cell->render('\\App\\Libraries\\...', NULL, 0, 'AppLibrariesHom...')
#2 C:\laragon\www\htx\app\Views\frontend\home\index.php(6): view_cell('\\App\\Libraries\\...')
#3 C:\laragon\www\htx\system\View\View.php(246): include('C:\\laragon\\www\\...')
#4 C:\laragon\www\htx\system\Common.php(1119): CodeIgniter\View\View->render('frontend\\home\\i...', Array, true)
#5 C:\laragon\www\htx\app\Controllers\Home.php(12): view('frontend\\home\\i...', Array)
#6 C:\laragon\www\htx\system\CodeIgniter.php(918): App\Controllers\Home->index()
#7 C:\laragon\www\htx\system\CodeIgniter.php(404): CodeIgniter\CodeIgniter->runController(Object(App\Controllers\Home))
#8 C:\laragon\www\htx\system\CodeIgniter.php(312): CodeIgniter\CodeIgniter->handleRequest(NULL, Object(Config\Cache), false)
#9 C:\laragon\www\htx\public\index.php(46): CodeIgniter\CodeIgniter->run()
#10 {main}
CRITICAL - 2021-01-21 18:07:39 --> \App\Libraries\HomeWidget::category is not a valid method.
#0 C:\laragon\www\htx\system\View\Cell.php(132): CodeIgniter\View\Exceptions\ViewException::forInvalidCellMethod('\\App\\Libraries\\...', 'category')
#1 C:\laragon\www\htx\system\Common.php(1140): CodeIgniter\View\Cell->render('\\App\\Libraries\\...', NULL, 0, 'AppLibrariesHom...')
#2 C:\laragon\www\htx\app\Views\frontend\home\index.php(6): view_cell('\\App\\Libraries\\...')
#3 C:\laragon\www\htx\system\View\View.php(246): include('C:\\laragon\\www\\...')
#4 C:\laragon\www\htx\system\Common.php(1119): CodeIgniter\View\View->render('frontend\\home\\i...', Array, true)
#5 C:\laragon\www\htx\app\Controllers\Home.php(12): view('frontend\\home\\i...', Array)
#6 C:\laragon\www\htx\system\CodeIgniter.php(918): App\Controllers\Home->index()
#7 C:\laragon\www\htx\system\CodeIgniter.php(404): CodeIgniter\CodeIgniter->runController(Object(App\Controllers\Home))
#8 C:\laragon\www\htx\system\CodeIgniter.php(312): CodeIgniter\CodeIgniter->handleRequest(NULL, Object(Config\Cache), false)
#9 C:\laragon\www\htx\public\index.php(46): CodeIgniter\CodeIgniter->run()
#10 {main}
CRITICAL - 2021-01-21 18:07:39 --> \App\Libraries\HomeWidget::category is not a valid method.
#0 C:\laragon\www\htx\system\View\Cell.php(132): CodeIgniter\View\Exceptions\ViewException::forInvalidCellMethod('\\App\\Libraries\\...', 'category')
#1 C:\laragon\www\htx\system\Common.php(1140): CodeIgniter\View\Cell->render('\\App\\Libraries\\...', NULL, 0, 'AppLibrariesHom...')
#2 C:\laragon\www\htx\app\Views\frontend\home\index.php(6): view_cell('\\App\\Libraries\\...')
#3 C:\laragon\www\htx\system\View\View.php(246): include('C:\\laragon\\www\\...')
#4 C:\laragon\www\htx\system\Common.php(1119): CodeIgniter\View\View->render('frontend\\home\\i...', Array, true)
#5 C:\laragon\www\htx\app\Controllers\Home.php(12): view('frontend\\home\\i...', Array)
#6 C:\laragon\www\htx\system\CodeIgniter.php(918): App\Controllers\Home->index()
#7 C:\laragon\www\htx\system\CodeIgniter.php(404): CodeIgniter\CodeIgniter->runController(Object(App\Controllers\Home))
#8 C:\laragon\www\htx\system\CodeIgniter.php(312): CodeIgniter\CodeIgniter->handleRequest(NULL, Object(Config\Cache), false)
#9 C:\laragon\www\htx\public\index.php(46): CodeIgniter\CodeIgniter->run()
#10 {main}
CRITICAL - 2021-01-21 18:07:39 --> \App\Libraries\HomeWidget::category is not a valid method.
#0 C:\laragon\www\htx\system\View\Cell.php(132): CodeIgniter\View\Exceptions\ViewException::forInvalidCellMethod('\\App\\Libraries\\...', 'category')
#1 C:\laragon\www\htx\system\Common.php(1140): CodeIgniter\View\Cell->render('\\App\\Libraries\\...', NULL, 0, 'AppLibrariesHom...')
#2 C:\laragon\www\htx\app\Views\frontend\home\index.php(6): view_cell('\\App\\Libraries\\...')
#3 C:\laragon\www\htx\system\View\View.php(246): include('C:\\laragon\\www\\...')
#4 C:\laragon\www\htx\system\Common.php(1119): CodeIgniter\View\View->render('frontend\\home\\i...', Array, true)
#5 C:\laragon\www\htx\app\Controllers\Home.php(12): view('frontend\\home\\i...', Array)
#6 C:\laragon\www\htx\system\CodeIgniter.php(918): App\Controllers\Home->index()
#7 C:\laragon\www\htx\system\CodeIgniter.php(404): CodeIgniter\CodeIgniter->runController(Object(App\Controllers\Home))
#8 C:\laragon\www\htx\system\CodeIgniter.php(312): CodeIgniter\CodeIgniter->handleRequest(NULL, Object(Config\Cache), false)
#9 C:\laragon\www\htx\public\index.php(46): CodeIgniter\CodeIgniter->run()
#10 {main}
CRITICAL - 2021-01-21 18:07:39 --> \App\Libraries\HomeWidget::category is not a valid method.
#0 C:\laragon\www\htx\system\View\Cell.php(132): CodeIgniter\View\Exceptions\ViewException::forInvalidCellMethod('\\App\\Libraries\\...', 'category')
#1 C:\laragon\www\htx\system\Common.php(1140): CodeIgniter\View\Cell->render('\\App\\Libraries\\...', NULL, 0, 'AppLibrariesHom...')
#2 C:\laragon\www\htx\app\Views\frontend\home\index.php(6): view_cell('\\App\\Libraries\\...')
#3 C:\laragon\www\htx\system\View\View.php(246): include('C:\\laragon\\www\\...')
#4 C:\laragon\www\htx\system\Common.php(1119): CodeIgniter\View\View->render('frontend\\home\\i...', Array, true)
#5 C:\laragon\www\htx\app\Controllers\Home.php(12): view('frontend\\home\\i...', Array)
#6 C:\laragon\www\htx\system\CodeIgniter.php(918): App\Controllers\Home->index()
#7 C:\laragon\www\htx\system\CodeIgniter.php(404): CodeIgniter\CodeIgniter->runController(Object(App\Controllers\Home))
#8 C:\laragon\www\htx\system\CodeIgniter.php(312): CodeIgniter\CodeIgniter->handleRequest(NULL, Object(Config\Cache), false)
#9 C:\laragon\www\htx\public\index.php(46): CodeIgniter\CodeIgniter->run()
#10 {main}
CRITICAL - 2021-01-21 18:07:40 --> \App\Libraries\HomeWidget::category is not a valid method.
#0 C:\laragon\www\htx\system\View\Cell.php(132): CodeIgniter\View\Exceptions\ViewException::forInvalidCellMethod('\\App\\Libraries\\...', 'category')
#1 C:\laragon\www\htx\system\Common.php(1140): CodeIgniter\View\Cell->render('\\App\\Libraries\\...', NULL, 0, 'AppLibrariesHom...')
#2 C:\laragon\www\htx\app\Views\frontend\home\index.php(6): view_cell('\\App\\Libraries\\...')
#3 C:\laragon\www\htx\system\View\View.php(246): include('C:\\laragon\\www\\...')
#4 C:\laragon\www\htx\system\Common.php(1119): CodeIgniter\View\View->render('frontend\\home\\i...', Array, true)
#5 C:\laragon\www\htx\app\Controllers\Home.php(12): view('frontend\\home\\i...', Array)
#6 C:\laragon\www\htx\system\CodeIgniter.php(918): App\Controllers\Home->index()
#7 C:\laragon\www\htx\system\CodeIgniter.php(404): CodeIgniter\CodeIgniter->runController(Object(App\Controllers\Home))
#8 C:\laragon\www\htx\system\CodeIgniter.php(312): CodeIgniter\CodeIgniter->handleRequest(NULL, Object(Config\Cache), false)
#9 C:\laragon\www\htx\public\index.php(46): CodeIgniter\CodeIgniter->run()
#10 {main}
CRITICAL - 2021-01-21 18:08:33 --> \App\Libraries\HomeWidget::category is not a valid method.
#0 C:\laragon\www\htx\system\View\Cell.php(132): CodeIgniter\View\Exceptions\ViewException::forInvalidCellMethod('\\App\\Libraries\\...', 'category')
#1 C:\laragon\www\htx\system\Common.php(1140): CodeIgniter\View\Cell->render('\\App\\Libraries\\...', NULL, 0, 'AppLibrariesHom...')
#2 C:\laragon\www\htx\app\Views\frontend\home\index.php(6): view_cell('\\App\\Libraries\\...')
#3 C:\laragon\www\htx\system\View\View.php(246): include('C:\\laragon\\www\\...')
#4 C:\laragon\www\htx\system\Common.php(1119): CodeIgniter\View\View->render('frontend\\home\\i...', Array, true)
#5 C:\laragon\www\htx\app\Controllers\Home.php(12): view('frontend\\home\\i...', Array)
#6 C:\laragon\www\htx\system\CodeIgniter.php(918): App\Controllers\Home->index()
#7 C:\laragon\www\htx\system\CodeIgniter.php(404): CodeIgniter\CodeIgniter->runController(Object(App\Controllers\Home))
#8 C:\laragon\www\htx\system\CodeIgniter.php(312): CodeIgniter\CodeIgniter->handleRequest(NULL, Object(Config\Cache), false)
#9 C:\laragon\www\htx\public\index.php(46): CodeIgniter\CodeIgniter->run()
#10 {main}
CRITICAL - 2021-01-21 18:08:34 --> \App\Libraries\HomeWidget::category is not a valid method.
#0 C:\laragon\www\htx\system\View\Cell.php(132): CodeIgniter\View\Exceptions\ViewException::forInvalidCellMethod('\\App\\Libraries\\...', 'category')
#1 C:\laragon\www\htx\system\Common.php(1140): CodeIgniter\View\Cell->render('\\App\\Libraries\\...', NULL, 0, 'AppLibrariesHom...')
#2 C:\laragon\www\htx\app\Views\frontend\home\index.php(6): view_cell('\\App\\Libraries\\...')
#3 C:\laragon\www\htx\system\View\View.php(246): include('C:\\laragon\\www\\...')
#4 C:\laragon\www\htx\system\Common.php(1119): CodeIgniter\View\View->render('frontend\\home\\i...', Array, true)
#5 C:\laragon\www\htx\app\Controllers\Home.php(12): view('frontend\\home\\i...', Array)
#6 C:\laragon\www\htx\system\CodeIgniter.php(918): App\Controllers\Home->index()
#7 C:\laragon\www\htx\system\CodeIgniter.php(404): CodeIgniter\CodeIgniter->runController(Object(App\Controllers\Home))
#8 C:\laragon\www\htx\system\CodeIgniter.php(312): CodeIgniter\CodeIgniter->handleRequest(NULL, Object(Config\Cache), false)
#9 C:\laragon\www\htx\public\index.php(46): CodeIgniter\CodeIgniter->run()
#10 {main}
CRITICAL - 2021-01-21 18:08:54 --> \App\Libraries\HomeWidget::category is not a valid method.
#0 C:\laragon\www\htx\system\View\Cell.php(132): CodeIgniter\View\Exceptions\ViewException::forInvalidCellMethod('\\App\\Libraries\\...', 'category')
#1 C:\laragon\www\htx\system\Common.php(1140): CodeIgniter\View\Cell->render('\\App\\Libraries\\...', NULL, 0, 'AppLibrariesHom...')
#2 C:\laragon\www\htx\app\Views\frontend\home\index.php(6): view_cell('\\App\\Libraries\\...')
#3 C:\laragon\www\htx\system\View\View.php(246): include('C:\\laragon\\www\\...')
#4 C:\laragon\www\htx\system\Common.php(1119): CodeIgniter\View\View->render('frontend\\home\\i...', Array, true)
#5 C:\laragon\www\htx\app\Controllers\Home.php(12): view('frontend\\home\\i...', Array)
#6 C:\laragon\www\htx\system\CodeIgniter.php(918): App\Controllers\Home->index()
#7 C:\laragon\www\htx\system\CodeIgniter.php(404): CodeIgniter\CodeIgniter->runController(Object(App\Controllers\Home))
#8 C:\laragon\www\htx\system\CodeIgniter.php(312): CodeIgniter\CodeIgniter->handleRequest(NULL, Object(Config\Cache), false)
#9 C:\laragon\www\htx\public\index.php(46): CodeIgniter\CodeIgniter->run()
#10 {main}
CRITICAL - 2021-01-21 18:09:02 --> \App\Libraries\HomeWidget::category is not a valid method.
#0 C:\laragon\www\htx\system\View\Cell.php(132): CodeIgniter\View\Exceptions\ViewException::forInvalidCellMethod('\\App\\Libraries\\...', 'category')
#1 C:\laragon\www\htx\system\Common.php(1140): CodeIgniter\View\Cell->render('\\App\\Libraries\\...', NULL, 0, 'AppLibrariesHom...')
#2 C:\laragon\www\htx\app\Views\frontend\home\index.php(6): view_cell('\\App\\Libraries\\...')
#3 C:\laragon\www\htx\system\View\View.php(246): include('C:\\laragon\\www\\...')
#4 C:\laragon\www\htx\system\Common.php(1119): CodeIgniter\View\View->render('frontend\\home\\i...', Array, true)
#5 C:\laragon\www\htx\app\Controllers\Home.php(12): view('frontend\\home\\i...', Array)
#6 C:\laragon\www\htx\system\CodeIgniter.php(918): App\Controllers\Home->index()
#7 C:\laragon\www\htx\system\CodeIgniter.php(404): CodeIgniter\CodeIgniter->runController(Object(App\Controllers\Home))
#8 C:\laragon\www\htx\system\CodeIgniter.php(312): CodeIgniter\CodeIgniter->handleRequest(NULL, Object(Config\Cache), false)
#9 C:\laragon\www\htx\public\index.php(46): CodeIgniter\CodeIgniter->run()
#10 {main}
CRITICAL - 2021-01-21 18:09:02 --> \App\Libraries\HomeWidget::category is not a valid method.
#0 C:\laragon\www\htx\system\View\Cell.php(132): CodeIgniter\View\Exceptions\ViewException::forInvalidCellMethod('\\App\\Libraries\\...', 'category')
#1 C:\laragon\www\htx\system\Common.php(1140): CodeIgniter\View\Cell->render('\\App\\Libraries\\...', NULL, 0, 'AppLibrariesHom...')
#2 C:\laragon\www\htx\app\Views\frontend\home\index.php(6): view_cell('\\App\\Libraries\\...')
#3 C:\laragon\www\htx\system\View\View.php(246): include('C:\\laragon\\www\\...')
#4 C:\laragon\www\htx\system\Common.php(1119): CodeIgniter\View\View->render('frontend\\home\\i...', Array, true)
#5 C:\laragon\www\htx\app\Controllers\Home.php(12): view('frontend\\home\\i...', Array)
#6 C:\laragon\www\htx\system\CodeIgniter.php(918): App\Controllers\Home->index()
#7 C:\laragon\www\htx\system\CodeIgniter.php(404): CodeIgniter\CodeIgniter->runController(Object(App\Controllers\Home))
#8 C:\laragon\www\htx\system\CodeIgniter.php(312): CodeIgniter\CodeIgniter->handleRequest(NULL, Object(Config\Cache), false)
#9 C:\laragon\www\htx\public\index.php(46): CodeIgniter\CodeIgniter->run()
#10 {main}
CRITICAL - 2021-01-21 19:26:47 --> Argument 2 passed to view() must be of the type array, null given, called in C:\laragon\www\htx\app\Libraries\HomeWidget.php on line 75
#0 C:\laragon\www\htx\app\Libraries\HomeWidget.php(75): view('lib/home/footer', NULL)
#1 C:\laragon\www\htx\system\View\Cell.php(149): App\Libraries\HomeWidget->footer()
#2 C:\laragon\www\htx\system\Common.php(1140): CodeIgniter\View\Cell->render('\\App\\Libraries\\...', NULL, 0, 'AppLibrariesHom...')
#3 C:\laragon\www\htx\app\Views\frontend\layouts\_footer.php(3): view_cell('\\App\\Libraries\\...')
#4 C:\laragon\www\htx\system\View\View.php(246): include('C:\\laragon\\www\\...')
#5 C:\laragon\www\htx\system\View\View.php(525): CodeIgniter\View\View->render('frontend/layout...', NULL, true)
#6 C:\laragon\www\htx\app\Views\frontend\layouts\main.php(119): CodeIgniter\View\View->include('frontend/layout...')
#7 C:\laragon\www\htx\system\View\View.php(246): include('C:\\laragon\\www\\...')
#8 C:\laragon\www\htx\system\View\View.php(257): CodeIgniter\View\View->render('frontend\\layout...', Array, true)
#9 C:\laragon\www\htx\system\Common.php(1119): CodeIgniter\View\View->render('frontend\\home\\i...', Array, true)
#10 C:\laragon\www\htx\app\Controllers\Home.php(12): view('frontend\\home\\i...', Array)
#11 C:\laragon\www\htx\system\CodeIgniter.php(918): App\Controllers\Home->index()
#12 C:\laragon\www\htx\system\CodeIgniter.php(404): CodeIgniter\CodeIgniter->runController(Object(App\Controllers\Home))
#13 C:\laragon\www\htx\system\CodeIgniter.php(312): CodeIgniter\CodeIgniter->handleRequest(NULL, Object(Config\Cache), false)
#14 C:\laragon\www\htx\public\index.php(46): CodeIgniter\CodeIgniter->run()
#15 {main}
CRITICAL - 2021-01-21 19:27:12 --> Argument 2 passed to view() must be of the type array, null given, called in C:\laragon\www\htx\app\Libraries\HomeWidget.php on line 75
#0 C:\laragon\www\htx\app\Libraries\HomeWidget.php(75): view('lib/home/footer', NULL)
#1 C:\laragon\www\htx\system\View\Cell.php(149): App\Libraries\HomeWidget->footer()
#2 C:\laragon\www\htx\system\Common.php(1140): CodeIgniter\View\Cell->render('\\App\\Libraries\\...', NULL, 0, 'AppLibrariesHom...')
#3 C:\laragon\www\htx\app\Views\frontend\layouts\_footer.php(1): view_cell('\\App\\Libraries\\...')
#4 C:\laragon\www\htx\system\View\View.php(246): include('C:\\laragon\\www\\...')
#5 C:\laragon\www\htx\system\View\View.php(525): CodeIgniter\View\View->render('frontend/layout...', NULL, true)
#6 C:\laragon\www\htx\app\Views\frontend\layouts\main.php(119): CodeIgniter\View\View->include('frontend/layout...')
#7 C:\laragon\www\htx\system\View\View.php(246): include('C:\\laragon\\www\\...')
#8 C:\laragon\www\htx\system\View\View.php(257): CodeIgniter\View\View->render('frontend\\layout...', Array, true)
#9 C:\laragon\www\htx\system\Common.php(1119): CodeIgniter\View\View->render('frontend\\home\\i...', Array, true)
#10 C:\laragon\www\htx\app\Controllers\Home.php(12): view('frontend\\home\\i...', Array)
#11 C:\laragon\www\htx\system\CodeIgniter.php(918): App\Controllers\Home->index()
#12 C:\laragon\www\htx\system\CodeIgniter.php(404): CodeIgniter\CodeIgniter->runController(Object(App\Controllers\Home))
#13 C:\laragon\www\htx\system\CodeIgniter.php(312): CodeIgniter\CodeIgniter->handleRequest(NULL, Object(Config\Cache), false)
#14 C:\laragon\www\htx\public\index.php(46): CodeIgniter\CodeIgniter->run()
#15 {main}
CRITICAL - 2021-01-21 19:27:14 --> Argument 2 passed to view() must be of the type array, null given, called in C:\laragon\www\htx\app\Libraries\HomeWidget.php on line 75
#0 C:\laragon\www\htx\app\Libraries\HomeWidget.php(75): view('lib/home/footer', NULL)
#1 C:\laragon\www\htx\system\View\Cell.php(149): App\Libraries\HomeWidget->footer()
#2 C:\laragon\www\htx\system\Common.php(1140): CodeIgniter\View\Cell->render('\\App\\Libraries\\...', NULL, 0, 'AppLibrariesHom...')
#3 C:\laragon\www\htx\app\Views\frontend\layouts\_footer.php(1): view_cell('\\App\\Libraries\\...')
#4 C:\laragon\www\htx\system\View\View.php(246): include('C:\\laragon\\www\\...')
#5 C:\laragon\www\htx\system\View\View.php(525): CodeIgniter\View\View->render('frontend/layout...', NULL, true)
#6 C:\laragon\www\htx\app\Views\frontend\layouts\main.php(119): CodeIgniter\View\View->include('frontend/layout...')
#7 C:\laragon\www\htx\system\View\View.php(246): include('C:\\laragon\\www\\...')
#8 C:\laragon\www\htx\system\View\View.php(257): CodeIgniter\View\View->render('frontend\\layout...', Array, true)
#9 C:\laragon\www\htx\system\Common.php(1119): CodeIgniter\View\View->render('frontend\\home\\i...', Array, true)
#10 C:\laragon\www\htx\app\Controllers\Home.php(12): view('frontend\\home\\i...', Array)
#11 C:\laragon\www\htx\system\CodeIgniter.php(918): App\Controllers\Home->index()
#12 C:\laragon\www\htx\system\CodeIgniter.php(404): CodeIgniter\CodeIgniter->runController(Object(App\Controllers\Home))
#13 C:\laragon\www\htx\system\CodeIgniter.php(312): CodeIgniter\CodeIgniter->handleRequest(NULL, Object(Config\Cache), false)
#14 C:\laragon\www\htx\public\index.php(46): CodeIgniter\CodeIgniter->run()
#15 {main}
CRITICAL - 2021-01-21 19:27:18 --> Argument 2 passed to view() must be of the type array, null given, called in C:\laragon\www\htx\app\Libraries\HomeWidget.php on line 75
#0 C:\laragon\www\htx\app\Libraries\HomeWidget.php(75): view('lib/home/footer', NULL)
#1 C:\laragon\www\htx\system\View\Cell.php(149): App\Libraries\HomeWidget->footer()
#2 C:\laragon\www\htx\system\Common.php(1140): CodeIgniter\View\Cell->render('\\App\\Libraries\\...', NULL, 0, 'AppLibrariesHom...')
#3 C:\laragon\www\htx\app\Views\frontend\layouts\_footer.php(1): view_cell('\\App\\Libraries\\...')
#4 C:\laragon\www\htx\system\View\View.php(246): include('C:\\laragon\\www\\...')
#5 C:\laragon\www\htx\system\View\View.php(525): CodeIgniter\View\View->render('frontend/layout...', NULL, true)
#6 C:\laragon\www\htx\app\Views\frontend\layouts\main.php(119): CodeIgniter\View\View->include('frontend/layout...')
#7 C:\laragon\www\htx\system\View\View.php(246): include('C:\\laragon\\www\\...')
#8 C:\laragon\www\htx\system\View\View.php(257): CodeIgniter\View\View->render('frontend\\layout...', Array, true)
#9 C:\laragon\www\htx\system\Common.php(1119): CodeIgniter\View\View->render('frontend\\home\\i...', Array, true)
#10 C:\laragon\www\htx\app\Controllers\Home.php(12): view('frontend\\home\\i...', Array)
#11 C:\laragon\www\htx\system\CodeIgniter.php(918): App\Controllers\Home->index()
#12 C:\laragon\www\htx\system\CodeIgniter.php(404): CodeIgniter\CodeIgniter->runController(Object(App\Controllers\Home))
#13 C:\laragon\www\htx\system\CodeIgniter.php(312): CodeIgniter\CodeIgniter->handleRequest(NULL, Object(Config\Cache), false)
#14 C:\laragon\www\htx\public\index.php(46): CodeIgniter\CodeIgniter->run()
#15 {main}
CRITICAL - 2021-01-21 19:27:23 --> Argument 2 passed to view() must be of the type array, null given, called in C:\laragon\www\htx\app\Libraries\HomeWidget.php on line 75
#0 C:\laragon\www\htx\app\Libraries\HomeWidget.php(75): view('lib/home/footer', NULL)
#1 C:\laragon\www\htx\system\View\Cell.php(149): App\Libraries\HomeWidget->footer()
#2 C:\laragon\www\htx\system\Common.php(1140): CodeIgniter\View\Cell->render('\\App\\Libraries\\...', NULL, 0, 'AppLibrariesHom...')
#3 C:\laragon\www\htx\app\Views\frontend\layouts\_footer.php(1): view_cell('\\App\\Libraries\\...')
#4 C:\laragon\www\htx\system\View\View.php(246): include('C:\\laragon\\www\\...')
#5 C:\laragon\www\htx\system\View\View.php(525): CodeIgniter\View\View->render('frontend/layout...', NULL, true)
#6 C:\laragon\www\htx\app\Views\frontend\layouts\main.php(119): CodeIgniter\View\View->include('frontend/layout...')
#7 C:\laragon\www\htx\system\View\View.php(246): include('C:\\laragon\\www\\...')
#8 C:\laragon\www\htx\system\View\View.php(257): CodeIgniter\View\View->render('frontend\\layout...', Array, true)
#9 C:\laragon\www\htx\system\Common.php(1119): CodeIgniter\View\View->render('frontend\\home\\i...', Array, true)
#10 C:\laragon\www\htx\app\Controllers\Home.php(12): view('frontend\\home\\i...', Array)
#11 C:\laragon\www\htx\system\CodeIgniter.php(918): App\Controllers\Home->index()
#12 C:\laragon\www\htx\system\CodeIgniter.php(404): CodeIgniter\CodeIgniter->runController(Object(App\Controllers\Home))
#13 C:\laragon\www\htx\system\CodeIgniter.php(312): CodeIgniter\CodeIgniter->handleRequest(NULL, Object(Config\Cache), false)
#14 C:\laragon\www\htx\public\index.php(46): CodeIgniter\CodeIgniter->run()
#15 {main}
CRITICAL - 2021-01-21 19:27:24 --> Argument 2 passed to view() must be of the type array, null given, called in C:\laragon\www\htx\app\Libraries\HomeWidget.php on line 75
#0 C:\laragon\www\htx\app\Libraries\HomeWidget.php(75): view('lib/home/footer', NULL)
#1 C:\laragon\www\htx\system\View\Cell.php(149): App\Libraries\HomeWidget->footer()
#2 C:\laragon\www\htx\system\Common.php(1140): CodeIgniter\View\Cell->render('\\App\\Libraries\\...', NULL, 0, 'AppLibrariesHom...')
#3 C:\laragon\www\htx\app\Views\frontend\layouts\_footer.php(1): view_cell('\\App\\Libraries\\...')
#4 C:\laragon\www\htx\system\View\View.php(246): include('C:\\laragon\\www\\...')
#5 C:\laragon\www\htx\system\View\View.php(525): CodeIgniter\View\View->render('frontend/layout...', NULL, true)
#6 C:\laragon\www\htx\app\Views\frontend\layouts\main.php(119): CodeIgniter\View\View->include('frontend/layout...')
#7 C:\laragon\www\htx\system\View\View.php(246): include('C:\\laragon\\www\\...')
#8 C:\laragon\www\htx\system\View\View.php(257): CodeIgniter\View\View->render('frontend\\layout...', Array, true)
#9 C:\laragon\www\htx\system\Common.php(1119): CodeIgniter\View\View->render('frontend\\home\\i...', Array, true)
#10 C:\laragon\www\htx\app\Controllers\Home.php(12): view('frontend\\home\\i...', Array)
#11 C:\laragon\www\htx\system\CodeIgniter.php(918): App\Controllers\Home->index()
#12 C:\laragon\www\htx\system\CodeIgniter.php(404): CodeIgniter\CodeIgniter->runController(Object(App\Controllers\Home))
#13 C:\laragon\www\htx\system\CodeIgniter.php(312): CodeIgniter\CodeIgniter->handleRequest(NULL, Object(Config\Cache), false)
#14 C:\laragon\www\htx\public\index.php(46): CodeIgniter\CodeIgniter->run()
#15 {main}
CRITICAL - 2021-01-21 19:27:25 --> Argument 2 passed to view() must be of the type array, null given, called in C:\laragon\www\htx\app\Libraries\HomeWidget.php on line 75
#0 C:\laragon\www\htx\app\Libraries\HomeWidget.php(75): view('lib/home/footer', NULL)
#1 C:\laragon\www\htx\system\View\Cell.php(149): App\Libraries\HomeWidget->footer()
#2 C:\laragon\www\htx\system\Common.php(1140): CodeIgniter\View\Cell->render('\\App\\Libraries\\...', NULL, 0, 'AppLibrariesHom...')
#3 C:\laragon\www\htx\app\Views\frontend\layouts\_footer.php(1): view_cell('\\App\\Libraries\\...')
#4 C:\laragon\www\htx\system\View\View.php(246): include('C:\\laragon\\www\\...')
#5 C:\laragon\www\htx\system\View\View.php(525): CodeIgniter\View\View->render('frontend/layout...', NULL, true)
#6 C:\laragon\www\htx\app\Views\frontend\layouts\main.php(119): CodeIgniter\View\View->include('frontend/layout...')
#7 C:\laragon\www\htx\system\View\View.php(246): include('C:\\laragon\\www\\...')
#8 C:\laragon\www\htx\system\View\View.php(257): CodeIgniter\View\View->render('frontend\\layout...', Array, true)
#9 C:\laragon\www\htx\system\Common.php(1119): CodeIgniter\View\View->render('frontend\\home\\i...', Array, true)
#10 C:\laragon\www\htx\app\Controllers\Home.php(12): view('frontend\\home\\i...', Array)
#11 C:\laragon\www\htx\system\CodeIgniter.php(918): App\Controllers\Home->index()
#12 C:\laragon\www\htx\system\CodeIgniter.php(404): CodeIgniter\CodeIgniter->runController(Object(App\Controllers\Home))
#13 C:\laragon\www\htx\system\CodeIgniter.php(312): CodeIgniter\CodeIgniter->handleRequest(NULL, Object(Config\Cache), false)
#14 C:\laragon\www\htx\public\index.php(46): CodeIgniter\CodeIgniter->run()
#15 {main}
CRITICAL - 2021-01-21 19:27:25 --> Argument 2 passed to view() must be of the type array, null given, called in C:\laragon\www\htx\app\Libraries\HomeWidget.php on line 75
#0 C:\laragon\www\htx\app\Libraries\HomeWidget.php(75): view('lib/home/footer', NULL)
#1 C:\laragon\www\htx\system\View\Cell.php(149): App\Libraries\HomeWidget->footer()
#2 C:\laragon\www\htx\system\Common.php(1140): CodeIgniter\View\Cell->render('\\App\\Libraries\\...', NULL, 0, 'AppLibrariesHom...')
#3 C:\laragon\www\htx\app\Views\frontend\layouts\_footer.php(1): view_cell('\\App\\Libraries\\...')
#4 C:\laragon\www\htx\system\View\View.php(246): include('C:\\laragon\\www\\...')
#5 C:\laragon\www\htx\system\View\View.php(525): CodeIgniter\View\View->render('frontend/layout...', NULL, true)
#6 C:\laragon\www\htx\app\Views\frontend\layouts\main.php(119): CodeIgniter\View\View->include('frontend/layout...')
#7 C:\laragon\www\htx\system\View\View.php(246): include('C:\\laragon\\www\\...')
#8 C:\laragon\www\htx\system\View\View.php(257): CodeIgniter\View\View->render('frontend\\layout...', Array, true)
#9 C:\laragon\www\htx\system\Common.php(1119): CodeIgniter\View\View->render('frontend\\home\\i...', Array, true)
#10 C:\laragon\www\htx\app\Controllers\Home.php(12): view('frontend\\home\\i...', Array)
#11 C:\laragon\www\htx\system\CodeIgniter.php(918): App\Controllers\Home->index()
#12 C:\laragon\www\htx\system\CodeIgniter.php(404): CodeIgniter\CodeIgniter->runController(Object(App\Controllers\Home))
#13 C:\laragon\www\htx\system\CodeIgniter.php(312): CodeIgniter\CodeIgniter->handleRequest(NULL, Object(Config\Cache), false)
#14 C:\laragon\www\htx\public\index.php(46): CodeIgniter\CodeIgniter->run()
#15 {main}
CRITICAL - 2021-01-21 19:27:25 --> Argument 2 passed to view() must be of the type array, null given, called in C:\laragon\www\htx\app\Libraries\HomeWidget.php on line 75
#0 C:\laragon\www\htx\app\Libraries\HomeWidget.php(75): view('lib/home/footer', NULL)
#1 C:\laragon\www\htx\system\View\Cell.php(149): App\Libraries\HomeWidget->footer()
#2 C:\laragon\www\htx\system\Common.php(1140): CodeIgniter\View\Cell->render('\\App\\Libraries\\...', NULL, 0, 'AppLibrariesHom...')
#3 C:\laragon\www\htx\app\Views\frontend\layouts\_footer.php(1): view_cell('\\App\\Libraries\\...')
#4 C:\laragon\www\htx\system\View\View.php(246): include('C:\\laragon\\www\\...')
#5 C:\laragon\www\htx\system\View\View.php(525): CodeIgniter\View\View->render('frontend/layout...', NULL, true)
#6 C:\laragon\www\htx\app\Views\frontend\layouts\main.php(119): CodeIgniter\View\View->include('frontend/layout...')
#7 C:\laragon\www\htx\system\View\View.php(246): include('C:\\laragon\\www\\...')
#8 C:\laragon\www\htx\system\View\View.php(257): CodeIgniter\View\View->render('frontend\\layout...', Array, true)
#9 C:\laragon\www\htx\system\Common.php(1119): CodeIgniter\View\View->render('frontend\\home\\i...', Array, true)
#10 C:\laragon\www\htx\app\Controllers\Home.php(12): view('frontend\\home\\i...', Array)
#11 C:\laragon\www\htx\system\CodeIgniter.php(918): App\Controllers\Home->index()
#12 C:\laragon\www\htx\system\CodeIgniter.php(404): CodeIgniter\CodeIgniter->runController(Object(App\Controllers\Home))
#13 C:\laragon\www\htx\system\CodeIgniter.php(312): CodeIgniter\CodeIgniter->handleRequest(NULL, Object(Config\Cache), false)
#14 C:\laragon\www\htx\public\index.php(46): CodeIgniter\CodeIgniter->run()
#15 {main}
CRITICAL - 2021-01-21 19:27:25 --> Argument 2 passed to view() must be of the type array, null given, called in C:\laragon\www\htx\app\Libraries\HomeWidget.php on line 75
#0 C:\laragon\www\htx\app\Libraries\HomeWidget.php(75): view('lib/home/footer', NULL)
#1 C:\laragon\www\htx\system\View\Cell.php(149): App\Libraries\HomeWidget->footer()
#2 C:\laragon\www\htx\system\Common.php(1140): CodeIgniter\View\Cell->render('\\App\\Libraries\\...', NULL, 0, 'AppLibrariesHom...')
#3 C:\laragon\www\htx\app\Views\frontend\layouts\_footer.php(1): view_cell('\\App\\Libraries\\...')
#4 C:\laragon\www\htx\system\View\View.php(246): include('C:\\laragon\\www\\...')
#5 C:\laragon\www\htx\system\View\View.php(525): CodeIgniter\View\View->render('frontend/layout...', NULL, true)
#6 C:\laragon\www\htx\app\Views\frontend\layouts\main.php(119): CodeIgniter\View\View->include('frontend/layout...')
#7 C:\laragon\www\htx\system\View\View.php(246): include('C:\\laragon\\www\\...')
#8 C:\laragon\www\htx\system\View\View.php(257): CodeIgniter\View\View->render('frontend\\layout...', Array, true)
#9 C:\laragon\www\htx\system\Common.php(1119): CodeIgniter\View\View->render('frontend\\home\\i...', Array, true)
#10 C:\laragon\www\htx\app\Controllers\Home.php(12): view('frontend\\home\\i...', Array)
#11 C:\laragon\www\htx\system\CodeIgniter.php(918): App\Controllers\Home->index()
#12 C:\laragon\www\htx\system\CodeIgniter.php(404): CodeIgniter\CodeIgniter->runController(Object(App\Controllers\Home))
#13 C:\laragon\www\htx\system\CodeIgniter.php(312): CodeIgniter\CodeIgniter->handleRequest(NULL, Object(Config\Cache), false)
#14 C:\laragon\www\htx\public\index.php(46): CodeIgniter\CodeIgniter->run()
#15 {main}
CRITICAL - 2021-01-21 19:27:25 --> Argument 2 passed to view() must be of the type array, null given, called in C:\laragon\www\htx\app\Libraries\HomeWidget.php on line 75
#0 C:\laragon\www\htx\app\Libraries\HomeWidget.php(75): view('lib/home/footer', NULL)
#1 C:\laragon\www\htx\system\View\Cell.php(149): App\Libraries\HomeWidget->footer()
#2 C:\laragon\www\htx\system\Common.php(1140): CodeIgniter\View\Cell->render('\\App\\Libraries\\...', NULL, 0, 'AppLibrariesHom...')
#3 C:\laragon\www\htx\app\Views\frontend\layouts\_footer.php(1): view_cell('\\App\\Libraries\\...')
#4 C:\laragon\www\htx\system\View\View.php(246): include('C:\\laragon\\www\\...')
#5 C:\laragon\www\htx\system\View\View.php(525): CodeIgniter\View\View->render('frontend/layout...', NULL, true)
#6 C:\laragon\www\htx\app\Views\frontend\layouts\main.php(119): CodeIgniter\View\View->include('frontend/layout...')
#7 C:\laragon\www\htx\system\View\View.php(246): include('C:\\laragon\\www\\...')
#8 C:\laragon\www\htx\system\View\View.php(257): CodeIgniter\View\View->render('frontend\\layout...', Array, true)
#9 C:\laragon\www\htx\system\Common.php(1119): CodeIgniter\View\View->render('frontend\\home\\i...', Array, true)
#10 C:\laragon\www\htx\app\Controllers\Home.php(12): view('frontend\\home\\i...', Array)
#11 C:\laragon\www\htx\system\CodeIgniter.php(918): App\Controllers\Home->index()
#12 C:\laragon\www\htx\system\CodeIgniter.php(404): CodeIgniter\CodeIgniter->runController(Object(App\Controllers\Home))
#13 C:\laragon\www\htx\system\CodeIgniter.php(312): CodeIgniter\CodeIgniter->handleRequest(NULL, Object(Config\Cache), false)
#14 C:\laragon\www\htx\public\index.php(46): CodeIgniter\CodeIgniter->run()
#15 {main}
CRITICAL - 2021-01-21 19:27:26 --> Argument 2 passed to view() must be of the type array, null given, called in C:\laragon\www\htx\app\Libraries\HomeWidget.php on line 75
#0 C:\laragon\www\htx\app\Libraries\HomeWidget.php(75): view('lib/home/footer', NULL)
#1 C:\laragon\www\htx\system\View\Cell.php(149): App\Libraries\HomeWidget->footer()
#2 C:\laragon\www\htx\system\Common.php(1140): CodeIgniter\View\Cell->render('\\App\\Libraries\\...', NULL, 0, 'AppLibrariesHom...')
#3 C:\laragon\www\htx\app\Views\frontend\layouts\_footer.php(1): view_cell('\\App\\Libraries\\...')
#4 C:\laragon\www\htx\system\View\View.php(246): include('C:\\laragon\\www\\...')
#5 C:\laragon\www\htx\system\View\View.php(525): CodeIgniter\View\View->render('frontend/layout...', NULL, true)
#6 C:\laragon\www\htx\app\Views\frontend\layouts\main.php(119): CodeIgniter\View\View->include('frontend/layout...')
#7 C:\laragon\www\htx\system\View\View.php(246): include('C:\\laragon\\www\\...')
#8 C:\laragon\www\htx\system\View\View.php(257): CodeIgniter\View\View->render('frontend\\layout...', Array, true)
#9 C:\laragon\www\htx\system\Common.php(1119): CodeIgniter\View\View->render('frontend\\home\\i...', Array, true)
#10 C:\laragon\www\htx\app\Controllers\Home.php(12): view('frontend\\home\\i...', Array)
#11 C:\laragon\www\htx\system\CodeIgniter.php(918): App\Controllers\Home->index()
#12 C:\laragon\www\htx\system\CodeIgniter.php(404): CodeIgniter\CodeIgniter->runController(Object(App\Controllers\Home))
#13 C:\laragon\www\htx\system\CodeIgniter.php(312): CodeIgniter\CodeIgniter->handleRequest(NULL, Object(Config\Cache), false)
#14 C:\laragon\www\htx\public\index.php(46): CodeIgniter\CodeIgniter->run()
#15 {main}
CRITICAL - 2021-01-21 19:27:26 --> Argument 2 passed to view() must be of the type array, null given, called in C:\laragon\www\htx\app\Libraries\HomeWidget.php on line 75
#0 C:\laragon\www\htx\app\Libraries\HomeWidget.php(75): view('lib/home/footer', NULL)
#1 C:\laragon\www\htx\system\View\Cell.php(149): App\Libraries\HomeWidget->footer()
#2 C:\laragon\www\htx\system\Common.php(1140): CodeIgniter\View\Cell->render('\\App\\Libraries\\...', NULL, 0, 'AppLibrariesHom...')
#3 C:\laragon\www\htx\app\Views\frontend\layouts\_footer.php(1): view_cell('\\App\\Libraries\\...')
#4 C:\laragon\www\htx\system\View\View.php(246): include('C:\\laragon\\www\\...')
#5 C:\laragon\www\htx\system\View\View.php(525): CodeIgniter\View\View->render('frontend/layout...', NULL, true)
#6 C:\laragon\www\htx\app\Views\frontend\layouts\main.php(119): CodeIgniter\View\View->include('frontend/layout...')
#7 C:\laragon\www\htx\system\View\View.php(246): include('C:\\laragon\\www\\...')
#8 C:\laragon\www\htx\system\View\View.php(257): CodeIgniter\View\View->render('frontend\\layout...', Array, true)
#9 C:\laragon\www\htx\system\Common.php(1119): CodeIgniter\View\View->render('frontend\\home\\i...', Array, true)
#10 C:\laragon\www\htx\app\Controllers\Home.php(12): view('frontend\\home\\i...', Array)
#11 C:\laragon\www\htx\system\CodeIgniter.php(918): App\Controllers\Home->index()
#12 C:\laragon\www\htx\system\CodeIgniter.php(404): CodeIgniter\CodeIgniter->runController(Object(App\Controllers\Home))
#13 C:\laragon\www\htx\system\CodeIgniter.php(312): CodeIgniter\CodeIgniter->handleRequest(NULL, Object(Config\Cache), false)
#14 C:\laragon\www\htx\public\index.php(46): CodeIgniter\CodeIgniter->run()
#15 {main}
CRITICAL - 2021-01-21 19:27:27 --> Argument 2 passed to view() must be of the type array, null given, called in C:\laragon\www\htx\app\Libraries\HomeWidget.php on line 75
#0 C:\laragon\www\htx\app\Libraries\HomeWidget.php(75): view('lib/home/footer', NULL)
#1 C:\laragon\www\htx\system\View\Cell.php(149): App\Libraries\HomeWidget->footer()
#2 C:\laragon\www\htx\system\Common.php(1140): CodeIgniter\View\Cell->render('\\App\\Libraries\\...', NULL, 0, 'AppLibrariesHom...')
#3 C:\laragon\www\htx\app\Views\frontend\layouts\_footer.php(1): view_cell('\\App\\Libraries\\...')
#4 C:\laragon\www\htx\system\View\View.php(246): include('C:\\laragon\\www\\...')
#5 C:\laragon\www\htx\system\View\View.php(525): CodeIgniter\View\View->render('frontend/layout...', NULL, true)
#6 C:\laragon\www\htx\app\Views\frontend\layouts\main.php(119): CodeIgniter\View\View->include('frontend/layout...')
#7 C:\laragon\www\htx\system\View\View.php(246): include('C:\\laragon\\www\\...')
#8 C:\laragon\www\htx\system\View\View.php(257): CodeIgniter\View\View->render('frontend\\layout...', Array, true)
#9 C:\laragon\www\htx\system\Common.php(1119): CodeIgniter\View\View->render('frontend\\home\\i...', Array, true)
#10 C:\laragon\www\htx\app\Controllers\Home.php(12): view('frontend\\home\\i...', Array)
#11 C:\laragon\www\htx\system\CodeIgniter.php(918): App\Controllers\Home->index()
#12 C:\laragon\www\htx\system\CodeIgniter.php(404): CodeIgniter\CodeIgniter->runController(Object(App\Controllers\Home))
#13 C:\laragon\www\htx\system\CodeIgniter.php(312): CodeIgniter\CodeIgniter->handleRequest(NULL, Object(Config\Cache), false)
#14 C:\laragon\www\htx\public\index.php(46): CodeIgniter\CodeIgniter->run()
#15 {main}
CRITICAL - 2021-01-21 19:27:28 --> Argument 2 passed to view() must be of the type array, null given, called in C:\laragon\www\htx\app\Libraries\HomeWidget.php on line 75
#0 C:\laragon\www\htx\app\Libraries\HomeWidget.php(75): view('lib/home/footer', NULL)
#1 C:\laragon\www\htx\system\View\Cell.php(149): App\Libraries\HomeWidget->footer()
#2 C:\laragon\www\htx\system\Common.php(1140): CodeIgniter\View\Cell->render('\\App\\Libraries\\...', NULL, 0, 'AppLibrariesHom...')
#3 C:\laragon\www\htx\app\Views\frontend\layouts\_footer.php(1): view_cell('\\App\\Libraries\\...')
#4 C:\laragon\www\htx\system\View\View.php(246): include('C:\\laragon\\www\\...')
#5 C:\laragon\www\htx\system\View\View.php(525): CodeIgniter\View\View->render('frontend/layout...', NULL, true)
#6 C:\laragon\www\htx\app\Views\frontend\layouts\main.php(119): CodeIgniter\View\View->include('frontend/layout...')
#7 C:\laragon\www\htx\system\View\View.php(246): include('C:\\laragon\\www\\...')
#8 C:\laragon\www\htx\system\View\View.php(257): CodeIgniter\View\View->render('frontend\\layout...', Array, true)
#9 C:\laragon\www\htx\system\Common.php(1119): CodeIgniter\View\View->render('frontend\\home\\i...', Array, true)
#10 C:\laragon\www\htx\app\Controllers\Home.php(12): view('frontend\\home\\i...', Array)
#11 C:\laragon\www\htx\system\CodeIgniter.php(918): App\Controllers\Home->index()
#12 C:\laragon\www\htx\system\CodeIgniter.php(404): CodeIgniter\CodeIgniter->runController(Object(App\Controllers\Home))
#13 C:\laragon\www\htx\system\CodeIgniter.php(312): CodeIgniter\CodeIgniter->handleRequest(NULL, Object(Config\Cache), false)
#14 C:\laragon\www\htx\public\index.php(46): CodeIgniter\CodeIgniter->run()
#15 {main}
CRITICAL - 2021-01-21 19:27:34 --> Argument 2 passed to view() must be of the type array, null given, called in C:\laragon\www\htx\app\Libraries\HomeWidget.php on line 75
#0 C:\laragon\www\htx\app\Libraries\HomeWidget.php(75): view('lib/home/footer', NULL)
#1 C:\laragon\www\htx\system\View\Cell.php(149): App\Libraries\HomeWidget->footer()
#2 C:\laragon\www\htx\system\Common.php(1140): CodeIgniter\View\Cell->render('\\App\\Libraries\\...', NULL, 0, 'AppLibrariesHom...')
#3 C:\laragon\www\htx\app\Views\frontend\layouts\_footer.php(1): view_cell('\\App\\Libraries\\...')
#4 C:\laragon\www\htx\system\View\View.php(246): include('C:\\laragon\\www\\...')
#5 C:\laragon\www\htx\system\View\View.php(525): CodeIgniter\View\View->render('frontend/layout...', NULL, true)
#6 C:\laragon\www\htx\app\Views\frontend\layouts\main.php(119): CodeIgniter\View\View->include('frontend/layout...')
#7 C:\laragon\www\htx\system\View\View.php(246): include('C:\\laragon\\www\\...')
#8 C:\laragon\www\htx\system\View\View.php(257): CodeIgniter\View\View->render('frontend\\layout...', Array, true)
#9 C:\laragon\www\htx\system\Common.php(1119): CodeIgniter\View\View->render('frontend\\home\\i...', Array, true)
#10 C:\laragon\www\htx\app\Controllers\Home.php(12): view('frontend\\home\\i...', Array)
#11 C:\laragon\www\htx\system\CodeIgniter.php(918): App\Controllers\Home->index()
#12 C:\laragon\www\htx\system\CodeIgniter.php(404): CodeIgniter\CodeIgniter->runController(Object(App\Controllers\Home))
#13 C:\laragon\www\htx\system\CodeIgniter.php(312): CodeIgniter\CodeIgniter->handleRequest(NULL, Object(Config\Cache), false)
#14 C:\laragon\www\htx\public\index.php(46): CodeIgniter\CodeIgniter->run()
#15 {main}
CRITICAL - 2021-01-21 19:27:35 --> Argument 2 passed to view() must be of the type array, null given, called in C:\laragon\www\htx\app\Libraries\HomeWidget.php on line 75
#0 C:\laragon\www\htx\app\Libraries\HomeWidget.php(75): view('lib/home/footer', NULL)
#1 C:\laragon\www\htx\system\View\Cell.php(149): App\Libraries\HomeWidget->footer()
#2 C:\laragon\www\htx\system\Common.php(1140): CodeIgniter\View\Cell->render('\\App\\Libraries\\...', NULL, 0, 'AppLibrariesHom...')
#3 C:\laragon\www\htx\app\Views\frontend\layouts\_footer.php(1): view_cell('\\App\\Libraries\\...')
#4 C:\laragon\www\htx\system\View\View.php(246): include('C:\\laragon\\www\\...')
#5 C:\laragon\www\htx\system\View\View.php(525): CodeIgniter\View\View->render('frontend/layout...', NULL, true)
#6 C:\laragon\www\htx\app\Views\frontend\layouts\main.php(119): CodeIgniter\View\View->include('frontend/layout...')
#7 C:\laragon\www\htx\system\View\View.php(246): include('C:\\laragon\\www\\...')
#8 C:\laragon\www\htx\system\View\View.php(257): CodeIgniter\View\View->render('frontend\\layout...', Array, true)
#9 C:\laragon\www\htx\system\Common.php(1119): CodeIgniter\View\View->render('frontend\\home\\i...', Array, true)
#10 C:\laragon\www\htx\app\Controllers\Home.php(12): view('frontend\\home\\i...', Array)
#11 C:\laragon\www\htx\system\CodeIgniter.php(918): App\Controllers\Home->index()
#12 C:\laragon\www\htx\system\CodeIgniter.php(404): CodeIgniter\CodeIgniter->runController(Object(App\Controllers\Home))
#13 C:\laragon\www\htx\system\CodeIgniter.php(312): CodeIgniter\CodeIgniter->handleRequest(NULL, Object(Config\Cache), false)
#14 C:\laragon\www\htx\public\index.php(46): CodeIgniter\CodeIgniter->run()
#15 {main}
CRITICAL - 2021-01-21 19:27:37 --> Argument 2 passed to view() must be of the type array, null given, called in C:\laragon\www\htx\app\Libraries\HomeWidget.php on line 75
#0 C:\laragon\www\htx\app\Libraries\HomeWidget.php(75): view('lib/home/footer', NULL)
#1 C:\laragon\www\htx\system\View\Cell.php(149): App\Libraries\HomeWidget->footer()
#2 C:\laragon\www\htx\system\Common.php(1140): CodeIgniter\View\Cell->render('\\App\\Libraries\\...', NULL, 0, 'AppLibrariesHom...')
#3 C:\laragon\www\htx\app\Views\frontend\layouts\_footer.php(1): view_cell('\\App\\Libraries\\...')
#4 C:\laragon\www\htx\system\View\View.php(246): include('C:\\laragon\\www\\...')
#5 C:\laragon\www\htx\system\View\View.php(525): CodeIgniter\View\View->render('frontend/layout...', NULL, true)
#6 C:\laragon\www\htx\app\Views\frontend\layouts\main.php(119): CodeIgniter\View\View->include('frontend/layout...')
#7 C:\laragon\www\htx\system\View\View.php(246): include('C:\\laragon\\www\\...')
#8 C:\laragon\www\htx\system\View\View.php(257): CodeIgniter\View\View->render('frontend\\layout...', Array, true)
#9 C:\laragon\www\htx\system\Common.php(1119): CodeIgniter\View\View->render('frontend\\home\\i...', Array, true)
#10 C:\laragon\www\htx\app\Controllers\Home.php(12): view('frontend\\home\\i...', Array)
#11 C:\laragon\www\htx\system\CodeIgniter.php(918): App\Controllers\Home->index()
#12 C:\laragon\www\htx\system\CodeIgniter.php(404): CodeIgniter\CodeIgniter->runController(Object(App\Controllers\Home))
#13 C:\laragon\www\htx\system\CodeIgniter.php(312): CodeIgniter\CodeIgniter->handleRequest(NULL, Object(Config\Cache), false)
#14 C:\laragon\www\htx\public\index.php(46): CodeIgniter\CodeIgniter->run()
#15 {main}
CRITICAL - 2021-01-21 19:27:38 --> Argument 2 passed to view() must be of the type array, null given, called in C:\laragon\www\htx\app\Libraries\HomeWidget.php on line 75
#0 C:\laragon\www\htx\app\Libraries\HomeWidget.php(75): view('lib/home/footer', NULL)
#1 C:\laragon\www\htx\system\View\Cell.php(149): App\Libraries\HomeWidget->footer()
#2 C:\laragon\www\htx\system\Common.php(1140): CodeIgniter\View\Cell->render('\\App\\Libraries\\...', NULL, 0, 'AppLibrariesHom...')
#3 C:\laragon\www\htx\app\Views\frontend\layouts\_footer.php(1): view_cell('\\App\\Libraries\\...')
#4 C:\laragon\www\htx\system\View\View.php(246): include('C:\\laragon\\www\\...')
#5 C:\laragon\www\htx\system\View\View.php(525): CodeIgniter\View\View->render('frontend/layout...', NULL, true)
#6 C:\laragon\www\htx\app\Views\frontend\layouts\main.php(119): CodeIgniter\View\View->include('frontend/layout...')
#7 C:\laragon\www\htx\system\View\View.php(246): include('C:\\laragon\\www\\...')
#8 C:\laragon\www\htx\system\View\View.php(257): CodeIgniter\View\View->render('frontend\\layout...', Array, true)
#9 C:\laragon\www\htx\system\Common.php(1119): CodeIgniter\View\View->render('frontend\\home\\i...', Array, true)
#10 C:\laragon\www\htx\app\Controllers\Home.php(12): view('frontend\\home\\i...', Array)
#11 C:\laragon\www\htx\system\CodeIgniter.php(918): App\Controllers\Home->index()
#12 C:\laragon\www\htx\system\CodeIgniter.php(404): CodeIgniter\CodeIgniter->runController(Object(App\Controllers\Home))
#13 C:\laragon\www\htx\system\CodeIgniter.php(312): CodeIgniter\CodeIgniter->handleRequest(NULL, Object(Config\Cache), false)
#14 C:\laragon\www\htx\public\index.php(46): CodeIgniter\CodeIgniter->run()
#15 {main}
CRITICAL - 2021-01-21 19:27:38 --> Argument 2 passed to view() must be of the type array, null given, called in C:\laragon\www\htx\app\Libraries\HomeWidget.php on line 75
#0 C:\laragon\www\htx\app\Libraries\HomeWidget.php(75): view('lib/home/footer', NULL)
#1 C:\laragon\www\htx\system\View\Cell.php(149): App\Libraries\HomeWidget->footer()
#2 C:\laragon\www\htx\system\Common.php(1140): CodeIgniter\View\Cell->render('\\App\\Libraries\\...', NULL, 0, 'AppLibrariesHom...')
#3 C:\laragon\www\htx\app\Views\frontend\layouts\_footer.php(1): view_cell('\\App\\Libraries\\...')
#4 C:\laragon\www\htx\system\View\View.php(246): include('C:\\laragon\\www\\...')
#5 C:\laragon\www\htx\system\View\View.php(525): CodeIgniter\View\View->render('frontend/layout...', NULL, true)
#6 C:\laragon\www\htx\app\Views\frontend\layouts\main.php(119): CodeIgniter\View\View->include('frontend/layout...')
#7 C:\laragon\www\htx\system\View\View.php(246): include('C:\\laragon\\www\\...')
#8 C:\laragon\www\htx\system\View\View.php(257): CodeIgniter\View\View->render('frontend\\layout...', Array, true)
#9 C:\laragon\www\htx\system\Common.php(1119): CodeIgniter\View\View->render('frontend\\home\\i...', Array, true)
#10 C:\laragon\www\htx\app\Controllers\Home.php(12): view('frontend\\home\\i...', Array)
#11 C:\laragon\www\htx\system\CodeIgniter.php(918): App\Controllers\Home->index()
#12 C:\laragon\www\htx\system\CodeIgniter.php(404): CodeIgniter\CodeIgniter->runController(Object(App\Controllers\Home))
#13 C:\laragon\www\htx\system\CodeIgniter.php(312): CodeIgniter\CodeIgniter->handleRequest(NULL, Object(Config\Cache), false)
#14 C:\laragon\www\htx\public\index.php(46): CodeIgniter\CodeIgniter->run()
#15 {main}
CRITICAL - 2021-01-21 19:34:59 --> Call to a member function get_options_in() on null
#0 C:\laragon\www\htx\system\View\Cell.php(149): App\Libraries\HomeWidget->footer()
#1 C:\laragon\www\htx\system\Common.php(1140): CodeIgniter\View\Cell->render('\\App\\Libraries\\...', NULL, 0, 'AppLibrariesHom...')
#2 C:\laragon\www\htx\app\Views\frontend\layouts\_footer.php(1): view_cell('\\App\\Libraries\\...')
#3 C:\laragon\www\htx\system\View\View.php(246): include('C:\\laragon\\www\\...')
#4 C:\laragon\www\htx\system\View\View.php(525): CodeIgniter\View\View->render('frontend/layout...', NULL, true)
#5 C:\laragon\www\htx\app\Views\frontend\layouts\main.php(119): CodeIgniter\View\View->include('frontend/layout...')
#6 C:\laragon\www\htx\system\View\View.php(246): include('C:\\laragon\\www\\...')
#7 C:\laragon\www\htx\system\View\View.php(257): CodeIgniter\View\View->render('frontend\\layout...', Array, true)
#8 C:\laragon\www\htx\system\Common.php(1119): CodeIgniter\View\View->render('frontend\\home\\i...', Array, true)
#9 C:\laragon\www\htx\app\Controllers\Home.php(12): view('frontend\\home\\i...', Array)
#10 C:\laragon\www\htx\system\CodeIgniter.php(918): App\Controllers\Home->index()
#11 C:\laragon\www\htx\system\CodeIgniter.php(404): CodeIgniter\CodeIgniter->runController(Object(App\Controllers\Home))
#12 C:\laragon\www\htx\system\CodeIgniter.php(312): CodeIgniter\CodeIgniter->handleRequest(NULL, Object(Config\Cache), false)
#13 C:\laragon\www\htx\public\index.php(46): CodeIgniter\CodeIgniter->run()
#14 {main}
CRITICAL - 2021-01-21 19:35:24 --> Call to a member function get_options_in() on null
#0 C:\laragon\www\htx\system\View\Cell.php(149): App\Libraries\HomeWidget->footer()
#1 C:\laragon\www\htx\system\Common.php(1140): CodeIgniter\View\Cell->render('\\App\\Libraries\\...', NULL, 0, 'AppLibrariesHom...')
#2 C:\laragon\www\htx\app\Views\frontend\layouts\_footer.php(1): view_cell('\\App\\Libraries\\...')
#3 C:\laragon\www\htx\system\View\View.php(246): include('C:\\laragon\\www\\...')
#4 C:\laragon\www\htx\system\View\View.php(525): CodeIgniter\View\View->render('frontend/layout...', NULL, true)
#5 C:\laragon\www\htx\app\Views\frontend\layouts\main.php(119): CodeIgniter\View\View->include('frontend/layout...')
#6 C:\laragon\www\htx\system\View\View.php(246): include('C:\\laragon\\www\\...')
#7 C:\laragon\www\htx\system\View\View.php(257): CodeIgniter\View\View->render('frontend\\layout...', Array, true)
#8 C:\laragon\www\htx\system\Common.php(1119): CodeIgniter\View\View->render('frontend\\home\\i...', Array, true)
#9 C:\laragon\www\htx\app\Controllers\Home.php(12): view('frontend\\home\\i...', Array)
#10 C:\laragon\www\htx\system\CodeIgniter.php(918): App\Controllers\Home->index()
#11 C:\laragon\www\htx\system\CodeIgniter.php(404): CodeIgniter\CodeIgniter->runController(Object(App\Controllers\Home))
#12 C:\laragon\www\htx\system\CodeIgniter.php(312): CodeIgniter\CodeIgniter->handleRequest(NULL, Object(Config\Cache), false)
#13 C:\laragon\www\htx\public\index.php(46): CodeIgniter\CodeIgniter->run()
#14 {main}
CRITICAL - 2021-01-21 19:35:45 --> Call to a member function get_options_in() on null
#0 C:\laragon\www\htx\system\View\Cell.php(149): App\Libraries\HomeWidget->footer()
#1 C:\laragon\www\htx\system\Common.php(1140): CodeIgniter\View\Cell->render('\\App\\Libraries\\...', NULL, 0, 'AppLibrariesHom...')
#2 C:\laragon\www\htx\app\Views\frontend\layouts\_footer.php(1): view_cell('\\App\\Libraries\\...')
#3 C:\laragon\www\htx\system\View\View.php(246): include('C:\\laragon\\www\\...')
#4 C:\laragon\www\htx\system\View\View.php(525): CodeIgniter\View\View->render('frontend/layout...', NULL, true)
#5 C:\laragon\www\htx\app\Views\frontend\layouts\main.php(119): CodeIgniter\View\View->include('frontend/layout...')
#6 C:\laragon\www\htx\system\View\View.php(246): include('C:\\laragon\\www\\...')
#7 C:\laragon\www\htx\system\View\View.php(257): CodeIgniter\View\View->render('frontend\\layout...', Array, true)
#8 C:\laragon\www\htx\system\Common.php(1119): CodeIgniter\View\View->render('frontend\\home\\i...', Array, true)
#9 C:\laragon\www\htx\app\Controllers\Home.php(12): view('frontend\\home\\i...', Array)
#10 C:\laragon\www\htx\system\CodeIgniter.php(918): App\Controllers\Home->index()
#11 C:\laragon\www\htx\system\CodeIgniter.php(404): CodeIgniter\CodeIgniter->runController(Object(App\Controllers\Home))
#12 C:\laragon\www\htx\system\CodeIgniter.php(312): CodeIgniter\CodeIgniter->handleRequest(NULL, Object(Config\Cache), false)
#13 C:\laragon\www\htx\public\index.php(46): CodeIgniter\CodeIgniter->run()
#14 {main}
CRITICAL - 2021-01-21 19:35:47 --> Call to a member function get_options_in() on null
#0 C:\laragon\www\htx\system\View\Cell.php(149): App\Libraries\HomeWidget->footer()
#1 C:\laragon\www\htx\system\Common.php(1140): CodeIgniter\View\Cell->render('\\App\\Libraries\\...', NULL, 0, 'AppLibrariesHom...')
#2 C:\laragon\www\htx\app\Views\frontend\layouts\_footer.php(1): view_cell('\\App\\Libraries\\...')
#3 C:\laragon\www\htx\system\View\View.php(246): include('C:\\laragon\\www\\...')
#4 C:\laragon\www\htx\system\View\View.php(525): CodeIgniter\View\View->render('frontend/layout...', NULL, true)
#5 C:\laragon\www\htx\app\Views\frontend\layouts\main.php(119): CodeIgniter\View\View->include('frontend/layout...')
#6 C:\laragon\www\htx\system\View\View.php(246): include('C:\\laragon\\www\\...')
#7 C:\laragon\www\htx\system\View\View.php(257): CodeIgniter\View\View->render('frontend\\layout...', Array, true)
#8 C:\laragon\www\htx\system\Common.php(1119): CodeIgniter\View\View->render('frontend\\home\\i...', Array, true)
#9 C:\laragon\www\htx\app\Controllers\Home.php(12): view('frontend\\home\\i...', Array)
#10 C:\laragon\www\htx\system\CodeIgniter.php(918): App\Controllers\Home->index()
#11 C:\laragon\www\htx\system\CodeIgniter.php(404): CodeIgniter\CodeIgniter->runController(Object(App\Controllers\Home))
#12 C:\laragon\www\htx\system\CodeIgniter.php(312): CodeIgniter\CodeIgniter->handleRequest(NULL, Object(Config\Cache), false)
#13 C:\laragon\www\htx\public\index.php(46): CodeIgniter\CodeIgniter->run()
#14 {main}
CRITICAL - 2021-01-21 19:35:53 --> Call to a member function get_options_in() on null
#0 C:\laragon\www\htx\system\View\Cell.php(149): App\Libraries\HomeWidget->footer()
#1 C:\laragon\www\htx\system\Common.php(1140): CodeIgniter\View\Cell->render('\\App\\Libraries\\...', NULL, 0, 'AppLibrariesHom...')
#2 C:\laragon\www\htx\app\Views\frontend\layouts\_footer.php(1): view_cell('\\App\\Libraries\\...')
#3 C:\laragon\www\htx\system\View\View.php(246): include('C:\\laragon\\www\\...')
#4 C:\laragon\www\htx\system\View\View.php(525): CodeIgniter\View\View->render('frontend/layout...', NULL, true)
#5 C:\laragon\www\htx\app\Views\frontend\layouts\main.php(119): CodeIgniter\View\View->include('frontend/layout...')
#6 C:\laragon\www\htx\system\View\View.php(246): include('C:\\laragon\\www\\...')
#7 C:\laragon\www\htx\system\View\View.php(257): CodeIgniter\View\View->render('frontend\\layout...', Array, true)
#8 C:\laragon\www\htx\system\Common.php(1119): CodeIgniter\View\View->render('frontend\\home\\i...', Array, true)
#9 C:\laragon\www\htx\app\Controllers\Home.php(12): view('frontend\\home\\i...', Array)
#10 C:\laragon\www\htx\system\CodeIgniter.php(918): App\Controllers\Home->index()
#11 C:\laragon\www\htx\system\CodeIgniter.php(404): CodeIgniter\CodeIgniter->runController(Object(App\Controllers\Home))
#12 C:\laragon\www\htx\system\CodeIgniter.php(312): CodeIgniter\CodeIgniter->handleRequest(NULL, Object(Config\Cache), false)
#13 C:\laragon\www\htx\public\index.php(46): CodeIgniter\CodeIgniter->run()
#14 {main}
CRITICAL - 2021-01-21 19:36:31 --> Call to a member function get_options_in() on null
#0 C:\laragon\www\htx\system\View\Cell.php(149): App\Libraries\HomeWidget->footer()
#1 C:\laragon\www\htx\system\Common.php(1140): CodeIgniter\View\Cell->render('\\App\\Libraries\\...', NULL, 0, 'AppLibrariesHom...')
#2 C:\laragon\www\htx\app\Views\frontend\layouts\_footer.php(1): view_cell('\\App\\Libraries\\...')
#3 C:\laragon\www\htx\system\View\View.php(246): include('C:\\laragon\\www\\...')
#4 C:\laragon\www\htx\system\View\View.php(525): CodeIgniter\View\View->render('frontend/layout...', NULL, true)
#5 C:\laragon\www\htx\app\Views\frontend\layouts\main.php(119): CodeIgniter\View\View->include('frontend/layout...')
#6 C:\laragon\www\htx\system\View\View.php(246): include('C:\\laragon\\www\\...')
#7 C:\laragon\www\htx\system\View\View.php(257): CodeIgniter\View\View->render('frontend\\layout...', Array, true)
#8 C:\laragon\www\htx\system\Common.php(1119): CodeIgniter\View\View->render('frontend\\home\\i...', Array, true)
#9 C:\laragon\www\htx\app\Controllers\Home.php(12): view('frontend\\home\\i...', Array)
#10 C:\laragon\www\htx\system\CodeIgniter.php(918): App\Controllers\Home->index()
#11 C:\laragon\www\htx\system\CodeIgniter.php(404): CodeIgniter\CodeIgniter->runController(Object(App\Controllers\Home))
#12 C:\laragon\www\htx\system\CodeIgniter.php(312): CodeIgniter\CodeIgniter->handleRequest(NULL, Object(Config\Cache), false)
#13 C:\laragon\www\htx\public\index.php(46): CodeIgniter\CodeIgniter->run()
#14 {main}
