CRITICAL - 2021-01-18 03:10:11 --> Unable to locate view cell class: \App\Libraries\Blog.
#0 C:\laragon\www\htx\system\View\Cell.php(268): CodeIgniter\View\Exceptions\ViewException::forInvalidCellClass('\\App\\Libraries\\...')
#1 C:\laragon\www\htx\system\View\Cell.php(110): CodeIgniter\View\Cell->determineClass('\\App\\Libraries\\...')
#2 C:\laragon\www\htx\system\Common.php(1140): CodeIgniter\View\Cell->render('\\App\\Libraries\\...', NULL, 0, NULL)
#3 C:\laragon\www\htx\app\Views\frontend\home\index.php(5): view_cell('\\App\\Libraries\\...')
#4 C:\laragon\www\htx\system\View\View.php(246): include('C:\\laragon\\www\\...')
#5 C:\laragon\www\htx\system\Common.php(1119): CodeIgniter\View\View->render('frontend\\home\\i...', Array, true)
#6 C:\laragon\www\htx\app\Controllers\Home.php(12): view('frontend\\home\\i...', Array)
#7 C:\laragon\www\htx\system\CodeIgniter.php(918): App\Controllers\Home->index()
#8 C:\laragon\www\htx\system\CodeIgniter.php(404): CodeIgniter\CodeIgniter->runController(Object(App\Controllers\Home))
#9 C:\laragon\www\htx\system\CodeIgniter.php(312): CodeIgniter\CodeIgniter->handleRequest(NULL, Object(Config\Cache), false)
#10 C:\laragon\www\htx\public\index.php(46): CodeIgniter\CodeIgniter->run()
#11 {main}
CRITICAL - 2021-01-18 03:10:13 --> Unable to locate view cell class: \App\Libraries\Blog.
#0 C:\laragon\www\htx\system\View\Cell.php(268): CodeIgniter\View\Exceptions\ViewException::forInvalidCellClass('\\App\\Libraries\\...')
#1 C:\laragon\www\htx\system\View\Cell.php(110): CodeIgniter\View\Cell->determineClass('\\App\\Libraries\\...')
#2 C:\laragon\www\htx\system\Common.php(1140): CodeIgniter\View\Cell->render('\\App\\Libraries\\...', NULL, 0, NULL)
#3 C:\laragon\www\htx\app\Views\frontend\home\index.php(5): view_cell('\\App\\Libraries\\...')
#4 C:\laragon\www\htx\system\View\View.php(246): include('C:\\laragon\\www\\...')
#5 C:\laragon\www\htx\system\Common.php(1119): CodeIgniter\View\View->render('frontend\\home\\i...', Array, true)
#6 C:\laragon\www\htx\app\Controllers\Home.php(12): view('frontend\\home\\i...', Array)
#7 C:\laragon\www\htx\system\CodeIgniter.php(918): App\Controllers\Home->index()
#8 C:\laragon\www\htx\system\CodeIgniter.php(404): CodeIgniter\CodeIgniter->runController(Object(App\Controllers\Home))
#9 C:\laragon\www\htx\system\CodeIgniter.php(312): CodeIgniter\CodeIgniter->handleRequest(NULL, Object(Config\Cache), false)
#10 C:\laragon\www\htx\public\index.php(46): CodeIgniter\CodeIgniter->run()
#11 {main}
CRITICAL - 2021-01-18 03:10:22 --> Unable to locate view cell class: \App\Libraries\Blog.
#0 C:\laragon\www\htx\system\View\Cell.php(268): CodeIgniter\View\Exceptions\ViewException::forInvalidCellClass('\\App\\Libraries\\...')
#1 C:\laragon\www\htx\system\View\Cell.php(110): CodeIgniter\View\Cell->determineClass('\\App\\Libraries\\...')
#2 C:\laragon\www\htx\system\Common.php(1140): CodeIgniter\View\Cell->render('\\App\\Libraries\\...', NULL, 0, NULL)
#3 C:\laragon\www\htx\app\Views\frontend\home\index.php(5): view_cell('\\App\\Libraries\\...')
#4 C:\laragon\www\htx\system\View\View.php(246): include('C:\\laragon\\www\\...')
#5 C:\laragon\www\htx\system\Common.php(1119): CodeIgniter\View\View->render('frontend\\home\\i...', Array, true)
#6 C:\laragon\www\htx\app\Controllers\Home.php(12): view('frontend\\home\\i...', Array)
#7 C:\laragon\www\htx\system\CodeIgniter.php(918): App\Controllers\Home->index()
#8 C:\laragon\www\htx\system\CodeIgniter.php(404): CodeIgniter\CodeIgniter->runController(Object(App\Controllers\Home))
#9 C:\laragon\www\htx\system\CodeIgniter.php(312): CodeIgniter\CodeIgniter->handleRequest(NULL, Object(Config\Cache), false)
#10 C:\laragon\www\htx\public\index.php(46): CodeIgniter\CodeIgniter->run()
#11 {main}
CRITICAL - 2021-01-18 03:10:33 --> Unable to locate view cell class: \App\Libraries\Blog.
#0 C:\laragon\www\htx\system\View\Cell.php(268): CodeIgniter\View\Exceptions\ViewException::forInvalidCellClass('\\App\\Libraries\\...')
#1 C:\laragon\www\htx\system\View\Cell.php(110): CodeIgniter\View\Cell->determineClass('\\App\\Libraries\\...')
#2 C:\laragon\www\htx\system\Common.php(1140): CodeIgniter\View\Cell->render('\\App\\Libraries\\...', NULL, 0, NULL)
#3 C:\laragon\www\htx\app\Views\frontend\home\index.php(5): view_cell('\\App\\Libraries\\...')
#4 C:\laragon\www\htx\system\View\View.php(246): include('C:\\laragon\\www\\...')
#5 C:\laragon\www\htx\system\Common.php(1119): CodeIgniter\View\View->render('frontend\\home\\i...', Array, true)
#6 C:\laragon\www\htx\app\Controllers\Home.php(12): view('frontend\\home\\i...', Array)
#7 C:\laragon\www\htx\system\CodeIgniter.php(918): App\Controllers\Home->index()
#8 C:\laragon\www\htx\system\CodeIgniter.php(404): CodeIgniter\CodeIgniter->runController(Object(App\Controllers\Home))
#9 C:\laragon\www\htx\system\CodeIgniter.php(312): CodeIgniter\CodeIgniter->handleRequest(NULL, Object(Config\Cache), false)
#10 C:\laragon\www\htx\public\index.php(46): CodeIgniter\CodeIgniter->run()
#11 {main}
CRITICAL - 2021-01-18 03:13:24 --> Unable to locate view cell class: \App\Libraries\Blog.
#0 C:\laragon\www\htx\system\View\Cell.php(268): CodeIgniter\View\Exceptions\ViewException::forInvalidCellClass('\\App\\Libraries\\...')
#1 C:\laragon\www\htx\system\View\Cell.php(110): CodeIgniter\View\Cell->determineClass('\\App\\Libraries\\...')
#2 C:\laragon\www\htx\system\Common.php(1140): CodeIgniter\View\Cell->render('\\App\\Libraries\\...', NULL, 0, NULL)
#3 C:\laragon\www\htx\app\Views\frontend\home\index.php(5): view_cell('\\App\\Libraries\\...')
#4 C:\laragon\www\htx\system\View\View.php(246): include('C:\\laragon\\www\\...')
#5 C:\laragon\www\htx\system\Common.php(1119): CodeIgniter\View\View->render('frontend\\home\\i...', Array, true)
#6 C:\laragon\www\htx\app\Controllers\Home.php(12): view('frontend\\home\\i...', Array)
#7 C:\laragon\www\htx\system\CodeIgniter.php(918): App\Controllers\Home->index()
#8 C:\laragon\www\htx\system\CodeIgniter.php(404): CodeIgniter\CodeIgniter->runController(Object(App\Controllers\Home))
#9 C:\laragon\www\htx\system\CodeIgniter.php(312): CodeIgniter\CodeIgniter->handleRequest(NULL, Object(Config\Cache), false)
#10 C:\laragon\www\htx\public\index.php(46): CodeIgniter\CodeIgniter->run()
#11 {main}
CRITICAL - 2021-01-18 03:13:25 --> Unable to locate view cell class: \App\Libraries\Blog.
#0 C:\laragon\www\htx\system\View\Cell.php(268): CodeIgniter\View\Exceptions\ViewException::forInvalidCellClass('\\App\\Libraries\\...')
#1 C:\laragon\www\htx\system\View\Cell.php(110): CodeIgniter\View\Cell->determineClass('\\App\\Libraries\\...')
#2 C:\laragon\www\htx\system\Common.php(1140): CodeIgniter\View\Cell->render('\\App\\Libraries\\...', NULL, 0, NULL)
#3 C:\laragon\www\htx\app\Views\frontend\home\index.php(5): view_cell('\\App\\Libraries\\...')
#4 C:\laragon\www\htx\system\View\View.php(246): include('C:\\laragon\\www\\...')
#5 C:\laragon\www\htx\system\Common.php(1119): CodeIgniter\View\View->render('frontend\\home\\i...', Array, true)
#6 C:\laragon\www\htx\app\Controllers\Home.php(12): view('frontend\\home\\i...', Array)
#7 C:\laragon\www\htx\system\CodeIgniter.php(918): App\Controllers\Home->index()
#8 C:\laragon\www\htx\system\CodeIgniter.php(404): CodeIgniter\CodeIgniter->runController(Object(App\Controllers\Home))
#9 C:\laragon\www\htx\system\CodeIgniter.php(312): CodeIgniter\CodeIgniter->handleRequest(NULL, Object(Config\Cache), false)
#10 C:\laragon\www\htx\public\index.php(46): CodeIgniter\CodeIgniter->run()
#11 {main}
CRITICAL - 2021-01-18 03:13:25 --> Unable to locate view cell class: \App\Libraries\Blog.
#0 C:\laragon\www\htx\system\View\Cell.php(268): CodeIgniter\View\Exceptions\ViewException::forInvalidCellClass('\\App\\Libraries\\...')
#1 C:\laragon\www\htx\system\View\Cell.php(110): CodeIgniter\View\Cell->determineClass('\\App\\Libraries\\...')
#2 C:\laragon\www\htx\system\Common.php(1140): CodeIgniter\View\Cell->render('\\App\\Libraries\\...', NULL, 0, NULL)
#3 C:\laragon\www\htx\app\Views\frontend\home\index.php(5): view_cell('\\App\\Libraries\\...')
#4 C:\laragon\www\htx\system\View\View.php(246): include('C:\\laragon\\www\\...')
#5 C:\laragon\www\htx\system\Common.php(1119): CodeIgniter\View\View->render('frontend\\home\\i...', Array, true)
#6 C:\laragon\www\htx\app\Controllers\Home.php(12): view('frontend\\home\\i...', Array)
#7 C:\laragon\www\htx\system\CodeIgniter.php(918): App\Controllers\Home->index()
#8 C:\laragon\www\htx\system\CodeIgniter.php(404): CodeIgniter\CodeIgniter->runController(Object(App\Controllers\Home))
#9 C:\laragon\www\htx\system\CodeIgniter.php(312): CodeIgniter\CodeIgniter->handleRequest(NULL, Object(Config\Cache), false)
#10 C:\laragon\www\htx\public\index.php(46): CodeIgniter\CodeIgniter->run()
#11 {main}
CRITICAL - 2021-01-18 03:13:25 --> Unable to locate view cell class: \App\Libraries\Blog.
#0 C:\laragon\www\htx\system\View\Cell.php(268): CodeIgniter\View\Exceptions\ViewException::forInvalidCellClass('\\App\\Libraries\\...')
#1 C:\laragon\www\htx\system\View\Cell.php(110): CodeIgniter\View\Cell->determineClass('\\App\\Libraries\\...')
#2 C:\laragon\www\htx\system\Common.php(1140): CodeIgniter\View\Cell->render('\\App\\Libraries\\...', NULL, 0, NULL)
#3 C:\laragon\www\htx\app\Views\frontend\home\index.php(5): view_cell('\\App\\Libraries\\...')
#4 C:\laragon\www\htx\system\View\View.php(246): include('C:\\laragon\\www\\...')
#5 C:\laragon\www\htx\system\Common.php(1119): CodeIgniter\View\View->render('frontend\\home\\i...', Array, true)
#6 C:\laragon\www\htx\app\Controllers\Home.php(12): view('frontend\\home\\i...', Array)
#7 C:\laragon\www\htx\system\CodeIgniter.php(918): App\Controllers\Home->index()
#8 C:\laragon\www\htx\system\CodeIgniter.php(404): CodeIgniter\CodeIgniter->runController(Object(App\Controllers\Home))
#9 C:\laragon\www\htx\system\CodeIgniter.php(312): CodeIgniter\CodeIgniter->handleRequest(NULL, Object(Config\Cache), false)
#10 C:\laragon\www\htx\public\index.php(46): CodeIgniter\CodeIgniter->run()
#11 {main}
CRITICAL - 2021-01-18 03:13:26 --> Unable to locate view cell class: \App\Libraries\Blog.
#0 C:\laragon\www\htx\system\View\Cell.php(268): CodeIgniter\View\Exceptions\ViewException::forInvalidCellClass('\\App\\Libraries\\...')
#1 C:\laragon\www\htx\system\View\Cell.php(110): CodeIgniter\View\Cell->determineClass('\\App\\Libraries\\...')
#2 C:\laragon\www\htx\system\Common.php(1140): CodeIgniter\View\Cell->render('\\App\\Libraries\\...', NULL, 0, NULL)
#3 C:\laragon\www\htx\app\Views\frontend\home\index.php(5): view_cell('\\App\\Libraries\\...')
#4 C:\laragon\www\htx\system\View\View.php(246): include('C:\\laragon\\www\\...')
#5 C:\laragon\www\htx\system\Common.php(1119): CodeIgniter\View\View->render('frontend\\home\\i...', Array, true)
#6 C:\laragon\www\htx\app\Controllers\Home.php(12): view('frontend\\home\\i...', Array)
#7 C:\laragon\www\htx\system\CodeIgniter.php(918): App\Controllers\Home->index()
#8 C:\laragon\www\htx\system\CodeIgniter.php(404): CodeIgniter\CodeIgniter->runController(Object(App\Controllers\Home))
#9 C:\laragon\www\htx\system\CodeIgniter.php(312): CodeIgniter\CodeIgniter->handleRequest(NULL, Object(Config\Cache), false)
#10 C:\laragon\www\htx\public\index.php(46): CodeIgniter\CodeIgniter->run()
#11 {main}
CRITICAL - 2021-01-18 03:18:41 --> Unable to locate view cell class: \App\Libraries\Blog.
#0 C:\laragon\www\htx\system\View\Cell.php(268): CodeIgniter\View\Exceptions\ViewException::forInvalidCellClass('\\App\\Libraries\\...')
#1 C:\laragon\www\htx\system\View\Cell.php(110): CodeIgniter\View\Cell->determineClass('\\App\\Libraries\\...')
#2 C:\laragon\www\htx\system\Common.php(1140): CodeIgniter\View\Cell->render('\\App\\Libraries\\...', NULL, 0, NULL)
#3 C:\laragon\www\htx\app\Views\frontend\home\index.php(5): view_cell('\\App\\Libraries\\...')
#4 C:\laragon\www\htx\system\View\View.php(246): include('C:\\laragon\\www\\...')
#5 C:\laragon\www\htx\system\Common.php(1119): CodeIgniter\View\View->render('frontend\\home\\i...', Array, true)
#6 C:\laragon\www\htx\app\Controllers\Home.php(12): view('frontend\\home\\i...', Array)
#7 C:\laragon\www\htx\system\CodeIgniter.php(918): App\Controllers\Home->index()
#8 C:\laragon\www\htx\system\CodeIgniter.php(404): CodeIgniter\CodeIgniter->runController(Object(App\Controllers\Home))
#9 C:\laragon\www\htx\system\CodeIgniter.php(312): CodeIgniter\CodeIgniter->handleRequest(NULL, Object(Config\Cache), false)
#10 C:\laragon\www\htx\public\index.php(46): CodeIgniter\CodeIgniter->run()
#11 {main}
CRITICAL - 2021-01-18 03:19:05 --> Unable to locate view cell class: \App\Libraries\Blog.
#0 C:\laragon\www\htx\system\View\Cell.php(268): CodeIgniter\View\Exceptions\ViewException::forInvalidCellClass('\\App\\Libraries\\...')
#1 C:\laragon\www\htx\system\View\Cell.php(110): CodeIgniter\View\Cell->determineClass('\\App\\Libraries\\...')
#2 C:\laragon\www\htx\system\Common.php(1140): CodeIgniter\View\Cell->render('\\App\\Libraries\\...', NULL, 0, NULL)
#3 C:\laragon\www\htx\app\Views\frontend\home\index.php(5): view_cell('\\App\\Libraries\\...')
#4 C:\laragon\www\htx\system\View\View.php(246): include('C:\\laragon\\www\\...')
#5 C:\laragon\www\htx\system\Common.php(1119): CodeIgniter\View\View->render('frontend\\home\\i...', Array, true)
#6 C:\laragon\www\htx\app\Controllers\Home.php(12): view('frontend\\home\\i...', Array)
#7 C:\laragon\www\htx\system\CodeIgniter.php(918): App\Controllers\Home->index()
#8 C:\laragon\www\htx\system\CodeIgniter.php(404): CodeIgniter\CodeIgniter->runController(Object(App\Controllers\Home))
#9 C:\laragon\www\htx\system\CodeIgniter.php(312): CodeIgniter\CodeIgniter->handleRequest(NULL, Object(Config\Cache), false)
#10 C:\laragon\www\htx\public\index.php(46): CodeIgniter\CodeIgniter->run()
#11 {main}
CRITICAL - 2021-01-18 03:23:22 --> \App\Controllers\Home::navbar is not a valid method.
#0 C:\laragon\www\htx\system\View\Cell.php(132): CodeIgniter\View\Exceptions\ViewException::forInvalidCellMethod('\\App\\Controller...', 'navbar')
#1 C:\laragon\www\htx\system\Common.php(1140): CodeIgniter\View\Cell->render('\\App\\Controller...', NULL, 0, 'AppControllersH...')
#2 C:\laragon\www\htx\app\Views\frontend\layouts\_header.php(44): view_cell('\\App\\Controller...')
#3 C:\laragon\www\htx\system\View\View.php(246): include('C:\\laragon\\www\\...')
#4 C:\laragon\www\htx\system\View\View.php(525): CodeIgniter\View\View->render('frontend/layout...', NULL, true)
#5 C:\laragon\www\htx\app\Views\frontend\layouts\main.php(104): CodeIgniter\View\View->include('frontend/layout...')
#6 C:\laragon\www\htx\system\View\View.php(246): include('C:\\laragon\\www\\...')
#7 C:\laragon\www\htx\system\View\View.php(257): CodeIgniter\View\View->render('frontend\\layout...', Array, true)
#8 C:\laragon\www\htx\system\Common.php(1119): CodeIgniter\View\View->render('frontend\\home\\i...', Array, true)
#9 C:\laragon\www\htx\app\Controllers\Home.php(12): view('frontend\\home\\i...', Array)
#10 C:\laragon\www\htx\system\CodeIgniter.php(918): App\Controllers\Home->index()
#11 C:\laragon\www\htx\system\CodeIgniter.php(404): CodeIgniter\CodeIgniter->runController(Object(App\Controllers\Home))
#12 C:\laragon\www\htx\system\CodeIgniter.php(312): CodeIgniter\CodeIgniter->handleRequest(NULL, Object(Config\Cache), false)
#13 C:\laragon\www\htx\public\index.php(46): CodeIgniter\CodeIgniter->run()
#14 {main}
CRITICAL - 2021-01-18 03:23:34 --> \App\Controllers\Home::navbar is not a valid method.
#0 C:\laragon\www\htx\system\View\Cell.php(132): CodeIgniter\View\Exceptions\ViewException::forInvalidCellMethod('\\App\\Controller...', 'navbar')
#1 C:\laragon\www\htx\system\Common.php(1140): CodeIgniter\View\Cell->render('\\App\\Controller...', NULL, 0, 'AppControllersH...')
#2 C:\laragon\www\htx\app\Views\frontend\layouts\_header.php(44): view_cell('\\App\\Controller...')
#3 C:\laragon\www\htx\system\View\View.php(246): include('C:\\laragon\\www\\...')
#4 C:\laragon\www\htx\system\View\View.php(525): CodeIgniter\View\View->render('frontend/layout...', NULL, true)
#5 C:\laragon\www\htx\app\Views\frontend\layouts\main.php(104): CodeIgniter\View\View->include('frontend/layout...')
#6 C:\laragon\www\htx\system\View\View.php(246): include('C:\\laragon\\www\\...')
#7 C:\laragon\www\htx\system\View\View.php(257): CodeIgniter\View\View->render('frontend\\layout...', Array, true)
#8 C:\laragon\www\htx\system\Common.php(1119): CodeIgniter\View\View->render('frontend\\home\\i...', Array, true)
#9 C:\laragon\www\htx\app\Controllers\Home.php(12): view('frontend\\home\\i...', Array)
#10 C:\laragon\www\htx\system\CodeIgniter.php(918): App\Controllers\Home->index()
#11 C:\laragon\www\htx\system\CodeIgniter.php(404): CodeIgniter\CodeIgniter->runController(Object(App\Controllers\Home))
#12 C:\laragon\www\htx\system\CodeIgniter.php(312): CodeIgniter\CodeIgniter->handleRequest(NULL, Object(Config\Cache), false)
#13 C:\laragon\www\htx\public\index.php(46): CodeIgniter\CodeIgniter->run()
#14 {main}
CRITICAL - 2021-01-18 03:26:26 --> \App\Controllers\Home::navbar is not a valid method.
#0 C:\laragon\www\htx\system\View\Cell.php(132): CodeIgniter\View\Exceptions\ViewException::forInvalidCellMethod('\\App\\Controller...', 'navbar')
#1 C:\laragon\www\htx\system\Common.php(1140): CodeIgniter\View\Cell->render('\\App\\Controller...', NULL, 0, 'AppControllersH...')
#2 C:\laragon\www\htx\app\Views\frontend\layouts\_header.php(44): view_cell('\\App\\Controller...')
#3 C:\laragon\www\htx\system\View\View.php(246): include('C:\\laragon\\www\\...')
#4 C:\laragon\www\htx\system\View\View.php(525): CodeIgniter\View\View->render('frontend/layout...', NULL, true)
#5 C:\laragon\www\htx\app\Views\frontend\layouts\main.php(104): CodeIgniter\View\View->include('frontend/layout...')
#6 C:\laragon\www\htx\system\View\View.php(246): include('C:\\laragon\\www\\...')
#7 C:\laragon\www\htx\system\View\View.php(257): CodeIgniter\View\View->render('frontend\\layout...', Array, true)
#8 C:\laragon\www\htx\system\Common.php(1119): CodeIgniter\View\View->render('frontend\\home\\i...', Array, true)
#9 C:\laragon\www\htx\app\Controllers\Home.php(12): view('frontend\\home\\i...', Array)
#10 C:\laragon\www\htx\system\CodeIgniter.php(918): App\Controllers\Home->index()
#11 C:\laragon\www\htx\system\CodeIgniter.php(404): CodeIgniter\CodeIgniter->runController(Object(App\Controllers\Home))
#12 C:\laragon\www\htx\system\CodeIgniter.php(312): CodeIgniter\CodeIgniter->handleRequest(NULL, Object(Config\Cache), false)
#13 C:\laragon\www\htx\public\index.php(46): CodeIgniter\CodeIgniter->run()
#14 {main}
CRITICAL - 2021-01-18 03:27:43 --> Unable to locate view cell class: \App\Libraries\HomeWidget.
#0 C:\laragon\www\htx\system\View\Cell.php(268): CodeIgniter\View\Exceptions\ViewException::forInvalidCellClass('\\App\\Libraries\\...')
#1 C:\laragon\www\htx\system\View\Cell.php(110): CodeIgniter\View\Cell->determineClass('\\App\\Libraries\\...')
#2 C:\laragon\www\htx\system\Common.php(1140): CodeIgniter\View\Cell->render('\\App\\Libraries\\...', NULL, 0, NULL)
#3 C:\laragon\www\htx\app\Views\frontend\home\index.php(5): view_cell('\\App\\Libraries\\...')
#4 C:\laragon\www\htx\system\View\View.php(246): include('C:\\laragon\\www\\...')
#5 C:\laragon\www\htx\system\Common.php(1119): CodeIgniter\View\View->render('frontend\\home\\i...', Array, true)
#6 C:\laragon\www\htx\app\Controllers\Home.php(12): view('frontend\\home\\i...', Array)
#7 C:\laragon\www\htx\system\CodeIgniter.php(918): App\Controllers\Home->index()
#8 C:\laragon\www\htx\system\CodeIgniter.php(404): CodeIgniter\CodeIgniter->runController(Object(App\Controllers\Home))
#9 C:\laragon\www\htx\system\CodeIgniter.php(312): CodeIgniter\CodeIgniter->handleRequest(NULL, Object(Config\Cache), false)
#10 C:\laragon\www\htx\public\index.php(46): CodeIgniter\CodeIgniter->run()
#11 {main}
CRITICAL - 2021-01-18 03:28:25 --> \App\Controllers\Home::navbar is not a valid method.
#0 C:\laragon\www\htx\system\View\Cell.php(132): CodeIgniter\View\Exceptions\ViewException::forInvalidCellMethod('\\App\\Controller...', 'navbar')
#1 C:\laragon\www\htx\system\Common.php(1140): CodeIgniter\View\Cell->render('\\App\\Controller...', NULL, 0, 'AppControllersH...')
#2 C:\laragon\www\htx\app\Views\frontend\layouts\_header.php(44): view_cell('\\App\\Controller...')
#3 C:\laragon\www\htx\system\View\View.php(246): include('C:\\laragon\\www\\...')
#4 C:\laragon\www\htx\system\View\View.php(525): CodeIgniter\View\View->render('frontend/layout...', NULL, true)
#5 C:\laragon\www\htx\app\Views\frontend\layouts\main.php(104): CodeIgniter\View\View->include('frontend/layout...')
#6 C:\laragon\www\htx\system\View\View.php(246): include('C:\\laragon\\www\\...')
#7 C:\laragon\www\htx\system\View\View.php(257): CodeIgniter\View\View->render('frontend\\layout...', Array, true)
#8 C:\laragon\www\htx\system\Common.php(1119): CodeIgniter\View\View->render('frontend\\home\\i...', Array, true)
#9 C:\laragon\www\htx\app\Controllers\Home.php(12): view('frontend\\home\\i...', Array)
#10 C:\laragon\www\htx\system\CodeIgniter.php(918): App\Controllers\Home->index()
#11 C:\laragon\www\htx\system\CodeIgniter.php(404): CodeIgniter\CodeIgniter->runController(Object(App\Controllers\Home))
#12 C:\laragon\www\htx\system\CodeIgniter.php(312): CodeIgniter\CodeIgniter->handleRequest(NULL, Object(Config\Cache), false)
#13 C:\laragon\www\htx\public\index.php(46): CodeIgniter\CodeIgniter->run()
#14 {main}
CRITICAL - 2021-01-18 03:28:49 --> \App\Controllers\Home::product is not a valid method.
#0 C:\laragon\www\htx\system\View\Cell.php(132): CodeIgniter\View\Exceptions\ViewException::forInvalidCellMethod('\\App\\Controller...', 'product')
#1 C:\laragon\www\htx\system\Common.php(1140): CodeIgniter\View\Cell->render('\\App\\Controller...', NULL, 0, 'AppControllersH...')
#2 C:\laragon\www\htx\app\Views\frontend\home\index.php(50): view_cell('\\App\\Controller...')
#3 C:\laragon\www\htx\system\View\View.php(246): include('C:\\laragon\\www\\...')
#4 C:\laragon\www\htx\system\Common.php(1119): CodeIgniter\View\View->render('frontend\\home\\i...', Array, true)
#5 C:\laragon\www\htx\app\Controllers\Home.php(12): view('frontend\\home\\i...', Array)
#6 C:\laragon\www\htx\system\CodeIgniter.php(918): App\Controllers\Home->index()
#7 C:\laragon\www\htx\system\CodeIgniter.php(404): CodeIgniter\CodeIgniter->runController(Object(App\Controllers\Home))
#8 C:\laragon\www\htx\system\CodeIgniter.php(312): CodeIgniter\CodeIgniter->handleRequest(NULL, Object(Config\Cache), false)
#9 C:\laragon\www\htx\public\index.php(46): CodeIgniter\CodeIgniter->run()
#10 {main}
CRITICAL - 2021-01-18 03:29:24 --> \App\Controllers\Home::navbar is not a valid method.
#0 C:\laragon\www\htx\system\View\Cell.php(132): CodeIgniter\View\Exceptions\ViewException::forInvalidCellMethod('\\App\\Controller...', 'navbar')
#1 C:\laragon\www\htx\system\Common.php(1140): CodeIgniter\View\Cell->render('\\App\\Controller...', NULL, 0, 'AppControllersH...')
#2 C:\laragon\www\htx\app\Views\frontend\layouts\_header.php(44): view_cell('\\App\\Controller...')
#3 C:\laragon\www\htx\system\View\View.php(246): include('C:\\laragon\\www\\...')
#4 C:\laragon\www\htx\system\View\View.php(525): CodeIgniter\View\View->render('frontend/layout...', NULL, true)
#5 C:\laragon\www\htx\app\Views\frontend\layouts\main.php(104): CodeIgniter\View\View->include('frontend/layout...')
#6 C:\laragon\www\htx\system\View\View.php(246): include('C:\\laragon\\www\\...')
#7 C:\laragon\www\htx\system\View\View.php(257): CodeIgniter\View\View->render('frontend\\layout...', Array, true)
#8 C:\laragon\www\htx\system\Common.php(1119): CodeIgniter\View\View->render('frontend\\home\\i...', Array, true)
#9 C:\laragon\www\htx\app\Controllers\Home.php(12): view('frontend\\home\\i...', Array)
#10 C:\laragon\www\htx\system\CodeIgniter.php(918): App\Controllers\Home->index()
#11 C:\laragon\www\htx\system\CodeIgniter.php(404): CodeIgniter\CodeIgniter->runController(Object(App\Controllers\Home))
#12 C:\laragon\www\htx\system\CodeIgniter.php(312): CodeIgniter\CodeIgniter->handleRequest(NULL, Object(Config\Cache), false)
#13 C:\laragon\www\htx\public\index.php(46): CodeIgniter\CodeIgniter->run()
#14 {main}
CRITICAL - 2021-01-18 03:30:09 --> \App\Controllers\Home::navbar is not a valid method.
#0 C:\laragon\www\htx\system\View\Cell.php(132): CodeIgniter\View\Exceptions\ViewException::forInvalidCellMethod('\\App\\Controller...', 'navbar')
#1 C:\laragon\www\htx\system\Common.php(1140): CodeIgniter\View\Cell->render('\\App\\Controller...', NULL, 0, 'AppControllersH...')
#2 C:\laragon\www\htx\app\Views\frontend\layouts\_header.php(44): view_cell('\\App\\Controller...')
#3 C:\laragon\www\htx\system\View\View.php(246): include('C:\\laragon\\www\\...')
#4 C:\laragon\www\htx\system\View\View.php(525): CodeIgniter\View\View->render('frontend/layout...', NULL, true)
#5 C:\laragon\www\htx\app\Views\frontend\layouts\main.php(104): CodeIgniter\View\View->include('frontend/layout...')
#6 C:\laragon\www\htx\system\View\View.php(246): include('C:\\laragon\\www\\...')
#7 C:\laragon\www\htx\system\View\View.php(257): CodeIgniter\View\View->render('frontend\\layout...', Array, true)
#8 C:\laragon\www\htx\system\Common.php(1119): CodeIgniter\View\View->render('frontend\\home\\i...', Array, true)
#9 C:\laragon\www\htx\app\Controllers\Home.php(12): view('frontend\\home\\i...', Array)
#10 C:\laragon\www\htx\system\CodeIgniter.php(918): App\Controllers\Home->index()
#11 C:\laragon\www\htx\system\CodeIgniter.php(404): CodeIgniter\CodeIgniter->runController(Object(App\Controllers\Home))
#12 C:\laragon\www\htx\system\CodeIgniter.php(312): CodeIgniter\CodeIgniter->handleRequest(NULL, Object(Config\Cache), false)
#13 C:\laragon\www\htx\public\index.php(46): CodeIgniter\CodeIgniter->run()
#14 {main}
CRITICAL - 2021-01-18 03:33:44 --> Cannot use object of type App\Entities\Product as array
#0 C:\laragon\www\htx\system\CodeIgniter.php(918): App\Controllers\Product->view('4')
#1 C:\laragon\www\htx\system\CodeIgniter.php(404): CodeIgniter\CodeIgniter->runController(Object(App\Controllers\Product))
#2 C:\laragon\www\htx\system\CodeIgniter.php(312): CodeIgniter\CodeIgniter->handleRequest(NULL, Object(Config\Cache), false)
#3 C:\laragon\www\htx\public\index.php(46): CodeIgniter\CodeIgniter->run()
#4 {main}
CRITICAL - 2021-01-18 18:18:45 --> Creating default object from empty value
#0 C:\laragon\www\htx\app\Models\ProductModel.php(79): CodeIgniter\Debug\Exceptions->errorHandler(2, 'Creating defaul...', 'C:\\laragon\\www\\...', 79, Array)
#1 C:\laragon\www\htx\app\Controllers\Product.php(34): App\Models\ProductModel->relation(Object(stdClass), Array)
#2 C:\laragon\www\htx\system\CodeIgniter.php(918): App\Controllers\Product->view('1')
#3 C:\laragon\www\htx\system\CodeIgniter.php(404): CodeIgniter\CodeIgniter->runController(Object(App\Controllers\Product))
#4 C:\laragon\www\htx\system\CodeIgniter.php(312): CodeIgniter\CodeIgniter->handleRequest(NULL, Object(Config\Cache), false)
#5 C:\laragon\www\htx\public\index.php(46): CodeIgniter\CodeIgniter->run()
#6 {main}
CRITICAL - 2021-01-18 19:14:45 --> Creating default object from empty value
#0 C:\laragon\www\htx\app\Models\ProductModel.php(79): CodeIgniter\Debug\Exceptions->errorHandler(2, 'Creating defaul...', 'C:\\laragon\\www\\...', 79, Array)
#1 C:\laragon\www\htx\app\Controllers\Product.php(34): App\Models\ProductModel->relation(Object(stdClass), Array)
#2 C:\laragon\www\htx\system\CodeIgniter.php(918): App\Controllers\Product->view('1')
#3 C:\laragon\www\htx\system\CodeIgniter.php(404): CodeIgniter\CodeIgniter->runController(Object(App\Controllers\Product))
#4 C:\laragon\www\htx\system\CodeIgniter.php(312): CodeIgniter\CodeIgniter->handleRequest(NULL, Object(Config\Cache), false)
#5 C:\laragon\www\htx\public\index.php(46): CodeIgniter\CodeIgniter->run()
#6 {main}
CRITICAL - 2021-01-18 19:15:04 --> Creating default object from empty value
#0 C:\laragon\www\htx\app\Models\ProductModel.php(79): CodeIgniter\Debug\Exceptions->errorHandler(2, 'Creating defaul...', 'C:\\laragon\\www\\...', 79, Array)
#1 C:\laragon\www\htx\app\Controllers\Product.php(34): App\Models\ProductModel->relation(Object(stdClass), Array)
#2 C:\laragon\www\htx\system\CodeIgniter.php(918): App\Controllers\Product->view('1')
#3 C:\laragon\www\htx\system\CodeIgniter.php(404): CodeIgniter\CodeIgniter->runController(Object(App\Controllers\Product))
#4 C:\laragon\www\htx\system\CodeIgniter.php(312): CodeIgniter\CodeIgniter->handleRequest(NULL, Object(Config\Cache), false)
#5 C:\laragon\www\htx\public\index.php(46): CodeIgniter\CodeIgniter->run()
#6 {main}
CRITICAL - 2021-01-18 19:15:50 --> Creating default object from empty value
#0 C:\laragon\www\htx\app\Models\ProductModel.php(79): CodeIgniter\Debug\Exceptions->errorHandler(2, 'Creating defaul...', 'C:\\laragon\\www\\...', 79, Array)
#1 C:\laragon\www\htx\app\Controllers\Product.php(34): App\Models\ProductModel->relation(Object(stdClass), Array)
#2 C:\laragon\www\htx\system\CodeIgniter.php(918): App\Controllers\Product->view('1')
#3 C:\laragon\www\htx\system\CodeIgniter.php(404): CodeIgniter\CodeIgniter->runController(Object(App\Controllers\Product))
#4 C:\laragon\www\htx\system\CodeIgniter.php(312): CodeIgniter\CodeIgniter->handleRequest(NULL, Object(Config\Cache), false)
#5 C:\laragon\www\htx\public\index.php(46): CodeIgniter\CodeIgniter->run()
#6 {main}
