CRITICAL - 2021-01-02 04:55:16 --> You must use the "set" method to update an entry.
#0 C:\laragon\www\htx\system\Database\BaseBuilder.php(2430): CodeIgniter\Database\BaseBuilder->validateUpdate()
#1 C:\laragon\www\htx\system\Model.php(889): CodeIgniter\Database\BaseBuilder->update()
#2 C:\laragon\www\htx\app\Controllers\Admin\Menu.php(108): CodeIgniter\Model->update(Array, Array)
#3 C:\laragon\www\htx\system\CodeIgniter.php(918): App\Controllers\Admin\Menu->savemenu()
#4 C:\laragon\www\htx\system\CodeIgniter.php(404): CodeIgniter\CodeIgniter->runController(Object(App\Controllers\Admin\Menu))
#5 C:\laragon\www\htx\system\CodeIgniter.php(312): CodeIgniter\CodeIgniter->handleRequest(NULL, Object(Config\Cache), false)
#6 C:\laragon\www\htx\public\index.php(46): CodeIgniter\CodeIgniter->run()
#7 {main}
CRITICAL - 2021-01-02 04:59:30 --> Call to undefined method App\Models\MenuModel::image
#0 C:\laragon\www\htx\app\Controllers\Admin\Menu.php(65): CodeIgniter\Model->__call('image', Array)
#1 C:\laragon\www\htx\system\CodeIgniter.php(918): App\Controllers\Admin\Menu->edit('2')
#2 C:\laragon\www\htx\system\CodeIgniter.php(404): CodeIgniter\CodeIgniter->runController(Object(App\Controllers\Admin\Menu))
#3 C:\laragon\www\htx\system\CodeIgniter.php(312): CodeIgniter\CodeIgniter->handleRequest(NULL, Object(Config\Cache), false)
#4 C:\laragon\www\htx\public\index.php(46): CodeIgniter\CodeIgniter->run()
#5 {main}
CRITICAL - 2021-01-02 05:00:48 --> Undefined variable: categories
#0 C:\laragon\www\htx\app\Views\backend\menu\edit.php(66): CodeIgniter\Debug\Exceptions->errorHandler(8, 'Undefined varia...', 'C:\\laragon\\www\\...', 66, Array)
#1 C:\laragon\www\htx\system\View\View.php(246): include('C:\\laragon\\www\\...')
#2 C:\laragon\www\htx\system\Common.php(1119): CodeIgniter\View\View->render('backend\\menu\\ed...', Array, true)
#3 C:\laragon\www\htx\app\Controllers\Admin\Menu.php(71): view('backend\\menu\\ed...', Array)
#4 C:\laragon\www\htx\system\CodeIgniter.php(918): App\Controllers\Admin\Menu->edit('2')
#5 C:\laragon\www\htx\system\CodeIgniter.php(404): CodeIgniter\CodeIgniter->runController(Object(App\Controllers\Admin\Menu))
#6 C:\laragon\www\htx\system\CodeIgniter.php(312): CodeIgniter\CodeIgniter->handleRequest(NULL, Object(Config\Cache), false)
#7 C:\laragon\www\htx\public\index.php(46): CodeIgniter\CodeIgniter->run()
#8 {main}
CRITICAL - 2021-01-02 07:29:35 --> Undefined variable: pages
#0 C:\laragon\www\htx\app\Views\backend\menu\add.php(86): CodeIgniter\Debug\Exceptions->errorHandler(8, 'Undefined varia...', 'C:\\laragon\\www\\...', 86, Array)
#1 C:\laragon\www\htx\system\View\View.php(246): include('C:\\laragon\\www\\...')
#2 C:\laragon\www\htx\system\Common.php(1119): CodeIgniter\View\View->render('backend\\menu\\ad...', Array, true)
#3 C:\laragon\www\htx\app\Controllers\Admin\Menu.php(47): view('backend\\menu\\ad...', Array)
#4 C:\laragon\www\htx\system\CodeIgniter.php(918): App\Controllers\Admin\Menu->add()
#5 C:\laragon\www\htx\system\CodeIgniter.php(404): CodeIgniter\CodeIgniter->runController(Object(App\Controllers\Admin\Menu))
#6 C:\laragon\www\htx\system\CodeIgniter.php(312): CodeIgniter\CodeIgniter->handleRequest(NULL, Object(Config\Cache), false)
#7 C:\laragon\www\htx\public\index.php(46): CodeIgniter\CodeIgniter->run()
#8 {main}
CRITICAL - 2021-01-02 08:15:27 --> Unable to locate view cell class: App\Libraries\Home.
#0 C:\laragon\www\htx\system\View\Cell.php(268): CodeIgniter\View\Exceptions\ViewException::forInvalidCellClass('App\\Libraries\\H...')
#1 C:\laragon\www\htx\system\View\Cell.php(110): CodeIgniter\View\Cell->determineClass('App\\Libraries\\H...')
#2 C:\laragon\www\htx\system\Common.php(1140): CodeIgniter\View\Cell->render('App\\Libraries\\H...', NULL, 0, NULL)
#3 C:\laragon\www\htx\app\Views\frontend\layouts\main.php(185): view_cell('App\\Libraries\\H...')
#4 C:\laragon\www\htx\system\View\View.php(246): include('C:\\laragon\\www\\...')
#5 C:\laragon\www\htx\system\View\View.php(257): CodeIgniter\View\View->render('frontend\\layout...', Array, true)
#6 C:\laragon\www\htx\system\Common.php(1119): CodeIgniter\View\View->render('frontend\\home\\i...', Array, true)
#7 C:\laragon\www\htx\app\Controllers\Home.php(9): view('frontend\\home\\i...', Array)
#8 C:\laragon\www\htx\system\CodeIgniter.php(918): App\Controllers\Home->index()
#9 C:\laragon\www\htx\system\CodeIgniter.php(404): CodeIgniter\CodeIgniter->runController(Object(App\Controllers\Home))
#10 C:\laragon\www\htx\system\CodeIgniter.php(312): CodeIgniter\CodeIgniter->handleRequest(NULL, Object(Config\Cache), false)
#11 C:\laragon\www\htx\public\index.php(46): CodeIgniter\CodeIgniter->run()
#12 {main}
CRITICAL - 2021-01-02 08:17:03 --> Unable to locate view cell class: \App\Libraries\Home.
#0 C:\laragon\www\htx\system\View\Cell.php(268): CodeIgniter\View\Exceptions\ViewException::forInvalidCellClass('\\App\\Libraries\\...')
#1 C:\laragon\www\htx\system\View\Cell.php(110): CodeIgniter\View\Cell->determineClass('\\App\\Libraries\\...')
#2 C:\laragon\www\htx\system\Common.php(1140): CodeIgniter\View\Cell->render('\\App\\Libraries\\...', NULL, 0, NULL)
#3 C:\laragon\www\htx\app\Views\frontend\layouts\main.php(185): view_cell('\\App\\Libraries\\...')
#4 C:\laragon\www\htx\system\View\View.php(246): include('C:\\laragon\\www\\...')
#5 C:\laragon\www\htx\system\View\View.php(257): CodeIgniter\View\View->render('frontend\\layout...', Array, true)
#6 C:\laragon\www\htx\system\Common.php(1119): CodeIgniter\View\View->render('frontend\\home\\i...', Array, true)
#7 C:\laragon\www\htx\app\Controllers\Home.php(9): view('frontend\\home\\i...', Array)
#8 C:\laragon\www\htx\system\CodeIgniter.php(918): App\Controllers\Home->index()
#9 C:\laragon\www\htx\system\CodeIgniter.php(404): CodeIgniter\CodeIgniter->runController(Object(App\Controllers\Home))
#10 C:\laragon\www\htx\system\CodeIgniter.php(312): CodeIgniter\CodeIgniter->handleRequest(NULL, Object(Config\Cache), false)
#11 C:\laragon\www\htx\public\index.php(46): CodeIgniter\CodeIgniter->run()
#12 {main}
CRITICAL - 2021-01-02 08:18:16 --> Unable to locate view cell class: \App\Libraries\Blog.
#0 C:\laragon\www\htx\system\View\Cell.php(268): CodeIgniter\View\Exceptions\ViewException::forInvalidCellClass('\\App\\Libraries\\...')
#1 C:\laragon\www\htx\system\View\Cell.php(110): CodeIgniter\View\Cell->determineClass('\\App\\Libraries\\...')
#2 C:\laragon\www\htx\system\Common.php(1140): CodeIgniter\View\Cell->render('\\App\\Libraries\\...', NULL, 0, NULL)
#3 C:\laragon\www\htx\app\Views\frontend\layouts\main.php(185): view_cell('\\App\\Libraries\\...')
#4 C:\laragon\www\htx\system\View\View.php(246): include('C:\\laragon\\www\\...')
#5 C:\laragon\www\htx\system\View\View.php(257): CodeIgniter\View\View->render('frontend\\layout...', Array, true)
#6 C:\laragon\www\htx\system\Common.php(1119): CodeIgniter\View\View->render('frontend\\home\\i...', Array, true)
#7 C:\laragon\www\htx\app\Controllers\Home.php(9): view('frontend\\home\\i...', Array)
#8 C:\laragon\www\htx\system\CodeIgniter.php(918): App\Controllers\Home->index()
#9 C:\laragon\www\htx\system\CodeIgniter.php(404): CodeIgniter\CodeIgniter->runController(Object(App\Controllers\Home))
#10 C:\laragon\www\htx\system\CodeIgniter.php(312): CodeIgniter\CodeIgniter->handleRequest(NULL, Object(Config\Cache), false)
#11 C:\laragon\www\htx\public\index.php(46): CodeIgniter\CodeIgniter->run()
#12 {main}
CRITICAL - 2021-01-02 08:18:17 --> Unable to locate view cell class: \App\Libraries\Blog.
#0 C:\laragon\www\htx\system\View\Cell.php(268): CodeIgniter\View\Exceptions\ViewException::forInvalidCellClass('\\App\\Libraries\\...')
#1 C:\laragon\www\htx\system\View\Cell.php(110): CodeIgniter\View\Cell->determineClass('\\App\\Libraries\\...')
#2 C:\laragon\www\htx\system\Common.php(1140): CodeIgniter\View\Cell->render('\\App\\Libraries\\...', NULL, 0, NULL)
#3 C:\laragon\www\htx\app\Views\frontend\layouts\main.php(185): view_cell('\\App\\Libraries\\...')
#4 C:\laragon\www\htx\system\View\View.php(246): include('C:\\laragon\\www\\...')
#5 C:\laragon\www\htx\system\View\View.php(257): CodeIgniter\View\View->render('frontend\\layout...', Array, true)
#6 C:\laragon\www\htx\system\Common.php(1119): CodeIgniter\View\View->render('frontend\\home\\i...', Array, true)
#7 C:\laragon\www\htx\app\Controllers\Home.php(9): view('frontend\\home\\i...', Array)
#8 C:\laragon\www\htx\system\CodeIgniter.php(918): App\Controllers\Home->index()
#9 C:\laragon\www\htx\system\CodeIgniter.php(404): CodeIgniter\CodeIgniter->runController(Object(App\Controllers\Home))
#10 C:\laragon\www\htx\system\CodeIgniter.php(312): CodeIgniter\CodeIgniter->handleRequest(NULL, Object(Config\Cache), false)
#11 C:\laragon\www\htx\public\index.php(46): CodeIgniter\CodeIgniter->run()
#12 {main}
CRITICAL - 2021-01-02 08:18:17 --> Unable to locate view cell class: \App\Libraries\Blog.
#0 C:\laragon\www\htx\system\View\Cell.php(268): CodeIgniter\View\Exceptions\ViewException::forInvalidCellClass('\\App\\Libraries\\...')
#1 C:\laragon\www\htx\system\View\Cell.php(110): CodeIgniter\View\Cell->determineClass('\\App\\Libraries\\...')
#2 C:\laragon\www\htx\system\Common.php(1140): CodeIgniter\View\Cell->render('\\App\\Libraries\\...', NULL, 0, NULL)
#3 C:\laragon\www\htx\app\Views\frontend\layouts\main.php(185): view_cell('\\App\\Libraries\\...')
#4 C:\laragon\www\htx\system\View\View.php(246): include('C:\\laragon\\www\\...')
#5 C:\laragon\www\htx\system\View\View.php(257): CodeIgniter\View\View->render('frontend\\layout...', Array, true)
#6 C:\laragon\www\htx\system\Common.php(1119): CodeIgniter\View\View->render('frontend\\home\\i...', Array, true)
#7 C:\laragon\www\htx\app\Controllers\Home.php(9): view('frontend\\home\\i...', Array)
#8 C:\laragon\www\htx\system\CodeIgniter.php(918): App\Controllers\Home->index()
#9 C:\laragon\www\htx\system\CodeIgniter.php(404): CodeIgniter\CodeIgniter->runController(Object(App\Controllers\Home))
#10 C:\laragon\www\htx\system\CodeIgniter.php(312): CodeIgniter\CodeIgniter->handleRequest(NULL, Object(Config\Cache), false)
#11 C:\laragon\www\htx\public\index.php(46): CodeIgniter\CodeIgniter->run()
#12 {main}
CRITICAL - 2021-01-02 08:18:18 --> Unable to locate view cell class: \App\Libraries\Blog.
#0 C:\laragon\www\htx\system\View\Cell.php(268): CodeIgniter\View\Exceptions\ViewException::forInvalidCellClass('\\App\\Libraries\\...')
#1 C:\laragon\www\htx\system\View\Cell.php(110): CodeIgniter\View\Cell->determineClass('\\App\\Libraries\\...')
#2 C:\laragon\www\htx\system\Common.php(1140): CodeIgniter\View\Cell->render('\\App\\Libraries\\...', NULL, 0, NULL)
#3 C:\laragon\www\htx\app\Views\frontend\layouts\main.php(185): view_cell('\\App\\Libraries\\...')
#4 C:\laragon\www\htx\system\View\View.php(246): include('C:\\laragon\\www\\...')
#5 C:\laragon\www\htx\system\View\View.php(257): CodeIgniter\View\View->render('frontend\\layout...', Array, true)
#6 C:\laragon\www\htx\system\Common.php(1119): CodeIgniter\View\View->render('frontend\\home\\i...', Array, true)
#7 C:\laragon\www\htx\app\Controllers\Home.php(9): view('frontend\\home\\i...', Array)
#8 C:\laragon\www\htx\system\CodeIgniter.php(918): App\Controllers\Home->index()
#9 C:\laragon\www\htx\system\CodeIgniter.php(404): CodeIgniter\CodeIgniter->runController(Object(App\Controllers\Home))
#10 C:\laragon\www\htx\system\CodeIgniter.php(312): CodeIgniter\CodeIgniter->handleRequest(NULL, Object(Config\Cache), false)
#11 C:\laragon\www\htx\public\index.php(46): CodeIgniter\CodeIgniter->run()
#12 {main}
CRITICAL - 2021-01-02 08:20:26 --> Only variables should be passed by reference
#0 C:\laragon\www\htx\app\Controllers\Home.php(15): CodeIgniter\Debug\Exceptions->errorHandler(8, 'Only variables ...', 'C:\\laragon\\www\\...', 15, Array)
#1 C:\laragon\www\htx\system\View\Cell.php(149): App\Controllers\Home->slider()
#2 C:\laragon\www\htx\system\Common.php(1140): CodeIgniter\View\Cell->render('\\App\\Controller...', NULL, 0, 'AppControllersH...')
#3 C:\laragon\www\htx\app\Views\frontend\layouts\main.php(185): view_cell('\\App\\Controller...')
#4 C:\laragon\www\htx\system\View\View.php(246): include('C:\\laragon\\www\\...')
#5 C:\laragon\www\htx\system\View\View.php(257): CodeIgniter\View\View->render('frontend\\layout...', Array, true)
#6 C:\laragon\www\htx\system\Common.php(1119): CodeIgniter\View\View->render('frontend\\home\\i...', Array, true)
#7 C:\laragon\www\htx\app\Controllers\Home.php(9): view('frontend\\home\\i...', Array)
#8 C:\laragon\www\htx\system\CodeIgniter.php(918): App\Controllers\Home->index()
#9 C:\laragon\www\htx\system\CodeIgniter.php(404): CodeIgniter\CodeIgniter->runController(Object(App\Controllers\Home))
#10 C:\laragon\www\htx\system\CodeIgniter.php(312): CodeIgniter\CodeIgniter->handleRequest(NULL, Object(Config\Cache), false)
#11 C:\laragon\www\htx\public\index.php(46): CodeIgniter\CodeIgniter->run()
#12 {main}
