CRITICAL - 2020-12-31 01:42:02 --> Call to a member function countAllResults() on null
#0 C:\laragon\www\htx\system\CodeIgniter.php(918): App\Controllers\Admin\Product->table()
#1 C:\laragon\www\htx\system\CodeIgniter.php(404): CodeIgniter\CodeIgniter->runController(Object(App\Controllers\Admin\Product))
#2 C:\laragon\www\htx\system\CodeIgniter.php(312): CodeIgniter\CodeIgniter->handleRequest(NULL, Object(Config\Cache), false)
#3 C:\laragon\www\htx\public\index.php(46): CodeIgniter\CodeIgniter->run()
#4 {main}
CRITICAL - 2020-12-31 01:42:05 --> Call to a member function countAllResults() on null
#0 C:\laragon\www\htx\system\CodeIgniter.php(918): App\Controllers\Admin\Product->table()
#1 C:\laragon\www\htx\system\CodeIgniter.php(404): CodeIgniter\CodeIgniter->runController(Object(App\Controllers\Admin\Product))
#2 C:\laragon\www\htx\system\CodeIgniter.php(312): CodeIgniter\CodeIgniter->handleRequest(NULL, Object(Config\Cache), false)
#3 C:\laragon\www\htx\public\index.php(46): CodeIgniter\CodeIgniter->run()
#4 {main}
CRITICAL - 2020-12-31 01:52:22 --> Undefined index: category_list
#0 C:\laragon\www\htx\app\Controllers\Admin\Product.php(30): CodeIgniter\Debug\Exceptions->errorHandler(8, 'Undefined index...', 'C:\\laragon\\www\\...', 30, Array)
#1 C:\laragon\www\htx\system\CodeIgniter.php(918): App\Controllers\Admin\Product->add()
#2 C:\laragon\www\htx\system\CodeIgniter.php(404): CodeIgniter\CodeIgniter->runController(Object(App\Controllers\Admin\Product))
#3 C:\laragon\www\htx\system\CodeIgniter.php(312): CodeIgniter\CodeIgniter->handleRequest(NULL, Object(Config\Cache), false)
#4 C:\laragon\www\htx\public\index.php(46): CodeIgniter\CodeIgniter->run()
#5 {main}
CRITICAL - 2020-12-31 01:55:24 --> Invalid file: backend\slider\index.php
#0 C:\laragon\www\htx\system\View\View.php(228): CodeIgniter\Exceptions\FrameworkException::forInvalidFile('backend\\slider\\...')
#1 C:\laragon\www\htx\system\Common.php(1119): CodeIgniter\View\View->render('backend\\slider\\...', Array, true)
#2 C:\laragon\www\htx\app\Controllers\Admin\Slider.php(10): view('backend\\slider\\...', Array)
#3 C:\laragon\www\htx\system\CodeIgniter.php(918): App\Controllers\Admin\Slider->index()
#4 C:\laragon\www\htx\system\CodeIgniter.php(404): CodeIgniter\CodeIgniter->runController(Object(App\Controllers\Admin\Slider))
#5 C:\laragon\www\htx\system\CodeIgniter.php(312): CodeIgniter\CodeIgniter->handleRequest(NULL, Object(Config\Cache), false)
#6 C:\laragon\www\htx\public\index.php(46): CodeIgniter\CodeIgniter->run()
#7 {main}
CRITICAL - 2020-12-31 02:04:16 --> Cannot use object of type stdClass as array
#0 C:\laragon\www\htx\app\Controllers\Admin\Slider.php(88): App\Models\TagModel->image(Array)
#1 C:\laragon\www\htx\system\CodeIgniter.php(918): App\Controllers\Admin\Slider->table()
#2 C:\laragon\www\htx\system\CodeIgniter.php(404): CodeIgniter\CodeIgniter->runController(Object(App\Controllers\Admin\Slider))
#3 C:\laragon\www\htx\system\CodeIgniter.php(312): CodeIgniter\CodeIgniter->handleRequest(NULL, Object(Config\Cache), false)
#4 C:\laragon\www\htx\public\index.php(46): CodeIgniter\CodeIgniter->run()
#5 {main}
CRITICAL - 2020-12-31 02:14:10 --> Class 'App\Entities\Slider' not found
#0 C:\laragon\www\htx\system\CodeIgniter.php(918): App\Controllers\Admin\Slider->add()
#1 C:\laragon\www\htx\system\CodeIgniter.php(404): CodeIgniter\CodeIgniter->runController(Object(App\Controllers\Admin\Slider))
#2 C:\laragon\www\htx\system\CodeIgniter.php(312): CodeIgniter\CodeIgniter->handleRequest(NULL, Object(Config\Cache), false)
#3 C:\laragon\www\htx\public\index.php(46): CodeIgniter\CodeIgniter->run()
#4 {main}
CRITICAL - 2020-12-31 02:18:35 --> Invalid file: backend\menu\index.php
#0 C:\laragon\www\htx\system\View\View.php(228): CodeIgniter\Exceptions\FrameworkException::forInvalidFile('backend\\menu\\in...')
#1 C:\laragon\www\htx\system\Common.php(1119): CodeIgniter\View\View->render('backend\\menu\\in...', Array, true)
#2 C:\laragon\www\htx\app\Controllers\Admin\Menu.php(10): view('backend\\menu\\in...', Array)
#3 C:\laragon\www\htx\system\CodeIgniter.php(918): App\Controllers\Admin\Menu->index()
#4 C:\laragon\www\htx\system\CodeIgniter.php(404): CodeIgniter\CodeIgniter->runController(Object(App\Controllers\Admin\Menu))
#5 C:\laragon\www\htx\system\CodeIgniter.php(312): CodeIgniter\CodeIgniter->handleRequest(NULL, Object(Config\Cache), false)
#6 C:\laragon\www\htx\public\index.php(46): CodeIgniter\CodeIgniter->run()
#7 {main}
CRITICAL - 2020-12-31 02:35:13 --> Undefined variable: html_nestable
#0 C:\laragon\www\htx\app\Views\backend\menu\index.php(19): CodeIgniter\Debug\Exceptions->errorHandler(8, 'Undefined varia...', 'C:\\laragon\\www\\...', 19, Array)
#1 C:\laragon\www\htx\system\View\View.php(246): include('C:\\laragon\\www\\...')
#2 C:\laragon\www\htx\system\Common.php(1119): CodeIgniter\View\View->render('backend\\menu\\in...', Array, true)
#3 C:\laragon\www\htx\app\Controllers\Admin\Menu.php(12): view('backend\\menu\\in...', Array)
#4 C:\laragon\www\htx\system\CodeIgniter.php(918): App\Controllers\Admin\Menu->index()
#5 C:\laragon\www\htx\system\CodeIgniter.php(404): CodeIgniter\CodeIgniter->runController(Object(App\Controllers\Admin\Menu))
#6 C:\laragon\www\htx\system\CodeIgniter.php(312): CodeIgniter\CodeIgniter->handleRequest(NULL, Object(Config\Cache), false)
#7 C:\laragon\www\htx\public\index.php(46): CodeIgniter\CodeIgniter->run()
#8 {main}
CRITICAL - 2020-12-31 02:40:46 --> Call to undefined method App\Models\MenuModel::order_by
#0 C:\laragon\www\htx\app\Controllers\Admin\Menu.php(15): CodeIgniter\Model->__call('order_by', Array)
#1 C:\laragon\www\htx\system\CodeIgniter.php(918): App\Controllers\Admin\Menu->index()
#2 C:\laragon\www\htx\system\CodeIgniter.php(404): CodeIgniter\CodeIgniter->runController(Object(App\Controllers\Admin\Menu))
#3 C:\laragon\www\htx\system\CodeIgniter.php(312): CodeIgniter\CodeIgniter->handleRequest(NULL, Object(Config\Cache), false)
#4 C:\laragon\www\htx\public\index.php(46): CodeIgniter\CodeIgniter->run()
#5 {main}
CRITICAL - 2020-12-31 02:40:58 --> Undefined index: parent_id
#0 C:\laragon\www\htx\app\Helpers\string_helper.php(146): CodeIgniter\Debug\Exceptions->errorHandler(8, 'Undefined index...', 'C:\\laragon\\www\\...', 146, Array)
#1 [internal function]: {closure}(Array)
#2 C:\laragon\www\htx\app\Helpers\string_helper.php(147): array_filter(Array, Object(Closure))
#3 C:\laragon\www\htx\app\Controllers\Admin\Menu.php(20): html_nestable(Array, 'parent_id', 0, 'menu')
#4 C:\laragon\www\htx\system\CodeIgniter.php(918): App\Controllers\Admin\Menu->index()
#5 C:\laragon\www\htx\system\CodeIgniter.php(404): CodeIgniter\CodeIgniter->runController(Object(App\Controllers\Admin\Menu))
#6 C:\laragon\www\htx\system\CodeIgniter.php(312): CodeIgniter\CodeIgniter->handleRequest(NULL, Object(Config\Cache), false)
#7 C:\laragon\www\htx\public\index.php(46): CodeIgniter\CodeIgniter->run()
#8 {main}
CRITICAL - 2020-12-31 02:41:34 --> Unknown column 'htx_menu.deleted_at' in 'where clause'
#0 C:\laragon\www\htx\system\Database\MySQLi\Connection.php(331): mysqli->query('SELECT *\nFROM `...')
#1 C:\laragon\www\htx\system\Database\BaseConnection.php(741): CodeIgniter\Database\MySQLi\Connection->execute('SELECT *\nFROM `...')
#2 C:\laragon\www\htx\system\Database\BaseConnection.php(669): CodeIgniter\Database\BaseConnection->simpleQuery('SELECT *\nFROM `...')
#3 C:\laragon\www\htx\system\Database\BaseBuilder.php(1860): CodeIgniter\Database\BaseConnection->query('SELECT *\nFROM `...', Array, false)
#4 C:\laragon\www\htx\system\Model.php(462): CodeIgniter\Database\BaseBuilder->get()
#5 C:\laragon\www\htx\app\Controllers\Admin\Menu.php(15): CodeIgniter\Model->findAll()
#6 C:\laragon\www\htx\system\CodeIgniter.php(918): App\Controllers\Admin\Menu->index()
#7 C:\laragon\www\htx\system\CodeIgniter.php(404): CodeIgniter\CodeIgniter->runController(Object(App\Controllers\Admin\Menu))
#8 C:\laragon\www\htx\system\CodeIgniter.php(312): CodeIgniter\CodeIgniter->handleRequest(NULL, Object(Config\Cache), false)
#9 C:\laragon\www\htx\public\index.php(46): CodeIgniter\CodeIgniter->run()
#10 {main}
CRITICAL - 2020-12-31 02:43:08 --> Invalid file: backend\menu\add.php
#0 C:\laragon\www\htx\system\View\View.php(228): CodeIgniter\Exceptions\FrameworkException::forInvalidFile('backend\\menu\\ad...')
#1 C:\laragon\www\htx\system\Common.php(1119): CodeIgniter\View\View->render('backend\\menu\\ad...', Array, true)
#2 C:\laragon\www\htx\app\Controllers\Admin\Menu.php(40): view('backend\\menu\\ad...', Array)
#3 C:\laragon\www\htx\system\CodeIgniter.php(918): App\Controllers\Admin\Menu->add()
#4 C:\laragon\www\htx\system\CodeIgniter.php(404): CodeIgniter\CodeIgniter->runController(Object(App\Controllers\Admin\Menu))
#5 C:\laragon\www\htx\system\CodeIgniter.php(312): CodeIgniter\CodeIgniter->handleRequest(NULL, Object(Config\Cache), false)
#6 C:\laragon\www\htx\public\index.php(46): CodeIgniter\CodeIgniter->run()
#7 {main}
CRITICAL - 2020-12-31 02:48:22 --> Undefined variable: categories
#0 C:\laragon\www\htx\app\Views\backend\menu\add.php(66): CodeIgniter\Debug\Exceptions->errorHandler(8, 'Undefined varia...', 'C:\\laragon\\www\\...', 66, Array)
#1 C:\laragon\www\htx\system\View\View.php(246): include('C:\\laragon\\www\\...')
#2 C:\laragon\www\htx\system\Common.php(1119): CodeIgniter\View\View->render('backend\\menu\\ad...', Array, true)
#3 C:\laragon\www\htx\app\Controllers\Admin\Menu.php(40): view('backend\\menu\\ad...', Array)
#4 C:\laragon\www\htx\system\CodeIgniter.php(918): App\Controllers\Admin\Menu->add()
#5 C:\laragon\www\htx\system\CodeIgniter.php(404): CodeIgniter\CodeIgniter->runController(Object(App\Controllers\Admin\Menu))
#6 C:\laragon\www\htx\system\CodeIgniter.php(312): CodeIgniter\CodeIgniter->handleRequest(NULL, Object(Config\Cache), false)
#7 C:\laragon\www\htx\public\index.php(46): CodeIgniter\CodeIgniter->run()
#8 {main}
CRITICAL - 2020-12-31 02:49:50 --> Unknown column 'order' in 'order clause'
#0 C:\laragon\www\htx\system\Database\MySQLi\Connection.php(331): mysqli->query('SELECT *\nFROM `...')
#1 C:\laragon\www\htx\system\Database\BaseConnection.php(741): CodeIgniter\Database\MySQLi\Connection->execute('SELECT *\nFROM `...')
#2 C:\laragon\www\htx\system\Database\BaseConnection.php(669): CodeIgniter\Database\BaseConnection->simpleQuery('SELECT *\nFROM `...')
#3 C:\laragon\www\htx\system\Database\BaseBuilder.php(1860): CodeIgniter\Database\BaseConnection->query('SELECT *\nFROM `...', Array, false)
#4 C:\laragon\www\htx\system\Model.php(462): CodeIgniter\Database\BaseBuilder->get()
#5 C:\laragon\www\htx\app\Controllers\Admin\Menu.php(43): CodeIgniter\Model->findAll()
#6 C:\laragon\www\htx\system\CodeIgniter.php(918): App\Controllers\Admin\Menu->add()
#7 C:\laragon\www\htx\system\CodeIgniter.php(404): CodeIgniter\CodeIgniter->runController(Object(App\Controllers\Admin\Menu))
#8 C:\laragon\www\htx\system\CodeIgniter.php(312): CodeIgniter\CodeIgniter->handleRequest(NULL, Object(Config\Cache), false)
#9 C:\laragon\www\htx\public\index.php(46): CodeIgniter\CodeIgniter->run()
#10 {main}
CRITICAL - 2020-12-31 02:52:58 --> Undefined index: category
#0 C:\laragon\www\htx\app\Helpers\string_helper.php(162): CodeIgniter\Debug\Exceptions->errorHandler(8, 'Undefined index...', 'C:\\laragon\\www\\...', 162, Array)
#1 C:\laragon\www\htx\app\Controllers\Admin\Menu.php(21): html_nestable(Array, 'parent_id', 0, 'menu')
#2 C:\laragon\www\htx\system\CodeIgniter.php(918): App\Controllers\Admin\Menu->index()
#3 C:\laragon\www\htx\system\CodeIgniter.php(404): CodeIgniter\CodeIgniter->runController(Object(App\Controllers\Admin\Menu))
#4 C:\laragon\www\htx\system\CodeIgniter.php(312): CodeIgniter\CodeIgniter->handleRequest(NULL, Object(Config\Cache), false)
#5 C:\laragon\www\htx\public\index.php(46): CodeIgniter\CodeIgniter->run()
#6 {main}
CRITICAL - 2020-12-31 03:08:51 --> Undefined variable: category
#0 C:\laragon\www\htx\app\Views\backend\page\add.php(83): CodeIgniter\Debug\Exceptions->errorHandler(8, 'Undefined varia...', 'C:\\laragon\\www\\...', 83, Array)
#1 C:\laragon\www\htx\system\View\View.php(246): include('C:\\laragon\\www\\...')
#2 C:\laragon\www\htx\system\Common.php(1119): CodeIgniter\View\View->render('backend\\page\\ad...', Array, true)
#3 C:\laragon\www\htx\app\Controllers\Admin\Page.php(29): view('backend\\page\\ad...', Array)
#4 C:\laragon\www\htx\system\CodeIgniter.php(918): App\Controllers\Admin\Page->add()
#5 C:\laragon\www\htx\system\CodeIgniter.php(404): CodeIgniter\CodeIgniter->runController(Object(App\Controllers\Admin\Page))
#6 C:\laragon\www\htx\system\CodeIgniter.php(312): CodeIgniter\CodeIgniter->handleRequest(NULL, Object(Config\Cache), false)
#7 C:\laragon\www\htx\public\index.php(46): CodeIgniter\CodeIgniter->run()
#8 {main}
CRITICAL - 2020-12-31 03:20:55 --> Undefined index: tag_list
#0 C:\laragon\www\htx\app\Controllers\Admin\News.php(30): CodeIgniter\Debug\Exceptions->errorHandler(8, 'Undefined index...', 'C:\\laragon\\www\\...', 30, Array)
#1 C:\laragon\www\htx\system\CodeIgniter.php(918): App\Controllers\Admin\News->add()
#2 C:\laragon\www\htx\system\CodeIgniter.php(404): CodeIgniter\CodeIgniter->runController(Object(App\Controllers\Admin\News))
#3 C:\laragon\www\htx\system\CodeIgniter.php(312): CodeIgniter\CodeIgniter->handleRequest(NULL, Object(Config\Cache), false)
#4 C:\laragon\www\htx\public\index.php(46): CodeIgniter\CodeIgniter->run()
#5 {main}
