CRITICAL - 2021-01-05 02:00:28 --> Undefined variable: row
#0 C:\laragon\www\htx\app\Views\frontend\product\view.php(11): CodeIgniter\Debug\Exceptions->errorHandler(8, 'Undefined varia...', 'C:\\laragon\\www\\...', 11, Array)
#1 C:\laragon\www\htx\system\View\View.php(246): include('C:\\laragon\\www\\...')
#2 C:\laragon\www\htx\system\Common.php(1119): CodeIgniter\View\View->render('frontend\\produc...', Array, true)
#3 C:\laragon\www\htx\app\Controllers\Product.php(22): view('frontend\\produc...', Array)
#4 C:\laragon\www\htx\system\CodeIgniter.php(918): App\Controllers\Product->view('4')
#5 C:\laragon\www\htx\system\CodeIgniter.php(404): CodeIgniter\CodeIgniter->runController(Object(App\Controllers\Product))
#6 C:\laragon\www\htx\system\CodeIgniter.php(312): CodeIgniter\CodeIgniter->handleRequest(NULL, Object(Config\Cache), false)
#7 C:\laragon\www\htx\public\index.php(46): CodeIgniter\CodeIgniter->run()
#8 {main}
CRITICAL - 2021-01-05 02:17:24 --> Trying to get property 'src' of non-object
#0 C:\laragon\www\htx\app\Views\lib\home\product.php(15): CodeIgniter\Debug\Exceptions->errorHandler(8, 'Trying to get p...', 'C:\\laragon\\www\\...', 15, Array)
#1 C:\laragon\www\htx\system\View\View.php(246): include('C:\\laragon\\www\\...')
#2 C:\laragon\www\htx\system\Common.php(1119): CodeIgniter\View\View->render('lib/home/produc...', Array, true)
#3 C:\laragon\www\htx\app\Controllers\Home.php(52): view('lib/home/produc...', Array)
#4 C:\laragon\www\htx\system\View\Cell.php(149): App\Controllers\Home->product()
#5 C:\laragon\www\htx\system\Common.php(1140): CodeIgniter\View\Cell->render('\\App\\Controller...', NULL, 0, 'AppControllersH...')
#6 C:\laragon\www\htx\app\Views\frontend\home\index.php(8): view_cell('\\App\\Controller...')
#7 C:\laragon\www\htx\system\View\View.php(246): include('C:\\laragon\\www\\...')
#8 C:\laragon\www\htx\system\Common.php(1119): CodeIgniter\View\View->render('frontend\\home\\i...', Array, true)
#9 C:\laragon\www\htx\app\Controllers\Home.php(9): view('frontend\\home\\i...', Array)
#10 C:\laragon\www\htx\system\CodeIgniter.php(918): App\Controllers\Home->index()
#11 C:\laragon\www\htx\system\CodeIgniter.php(404): CodeIgniter\CodeIgniter->runController(Object(App\Controllers\Home))
#12 C:\laragon\www\htx\system\CodeIgniter.php(312): CodeIgniter\CodeIgniter->handleRequest(NULL, Object(Config\Cache), false)
#13 C:\laragon\www\htx\public\index.php(46): CodeIgniter\CodeIgniter->run()
#14 {main}
CRITICAL - 2021-01-05 02:43:23 --> Undefined variable: products
#0 C:\laragon\www\htx\app\Views\frontend\product\view.php(101): CodeIgniter\Debug\Exceptions->errorHandler(8, 'Undefined varia...', 'C:\\laragon\\www\\...', 101, Array)
#1 C:\laragon\www\htx\system\View\View.php(246): include('C:\\laragon\\www\\...')
#2 C:\laragon\www\htx\system\Common.php(1119): CodeIgniter\View\View->render('frontend\\produc...', Array, true)
#3 C:\laragon\www\htx\app\Controllers\Product.php(22): view('frontend\\produc...', Array)
#4 C:\laragon\www\htx\system\CodeIgniter.php(918): App\Controllers\Product->view('3')
#5 C:\laragon\www\htx\system\CodeIgniter.php(404): CodeIgniter\CodeIgniter->runController(Object(App\Controllers\Product))
#6 C:\laragon\www\htx\system\CodeIgniter.php(312): CodeIgniter\CodeIgniter->handleRequest(NULL, Object(Config\Cache), false)
#7 C:\laragon\www\htx\public\index.php(46): CodeIgniter\CodeIgniter->run()
#8 {main}
CRITICAL - 2021-01-05 03:09:04 --> Undefined property: App\Controllers\Product::$db
#0 C:\laragon\www\htx\app\Controllers\Product.php(24): CodeIgniter\Debug\Exceptions->errorHandler(8, 'Undefined prope...', 'C:\\laragon\\www\\...', 24, Array)
#1 C:\laragon\www\htx\system\CodeIgniter.php(918): App\Controllers\Product->view('3')
#2 C:\laragon\www\htx\system\CodeIgniter.php(404): CodeIgniter\CodeIgniter->runController(Object(App\Controllers\Product))
#3 C:\laragon\www\htx\system\CodeIgniter.php(312): CodeIgniter\CodeIgniter->handleRequest(NULL, Object(Config\Cache), false)
#4 C:\laragon\www\htx\public\index.php(46): CodeIgniter\CodeIgniter->run()
#5 {main}
CRITICAL - 2021-01-05 03:11:41 --> You have an error in your SQL syntax; check the manual that corresponds to your MySQL server version for the right syntax to use near '))
AND `product_id` != '3'' at line 3
#0 C:\laragon\www\htx\system\Database\MySQLi\Connection.php(331): mysqli->query('SELECT *\nFROM `...')
#1 C:\laragon\www\htx\system\Database\BaseConnection.php(741): CodeIgniter\Database\MySQLi\Connection->execute('SELECT *\nFROM `...')
#2 C:\laragon\www\htx\system\Database\BaseConnection.php(669): CodeIgniter\Database\BaseConnection->simpleQuery('SELECT *\nFROM `...')
#3 C:\laragon\www\htx\system\Database\BaseBuilder.php(1860): CodeIgniter\Database\BaseConnection->query('SELECT *\nFROM `...', Array, false)
#4 C:\laragon\www\htx\app\Models\ProductModel.php(127): CodeIgniter\Database\BaseBuilder->get()
#5 C:\laragon\www\htx\app\Controllers\Product.php(23): App\Models\ProductModel->get_product_related('3', Array)
#6 C:\laragon\www\htx\system\CodeIgniter.php(918): App\Controllers\Product->view('3')
#7 C:\laragon\www\htx\system\CodeIgniter.php(404): CodeIgniter\CodeIgniter->runController(Object(App\Controllers\Product))
#8 C:\laragon\www\htx\system\CodeIgniter.php(312): CodeIgniter\CodeIgniter->handleRequest(NULL, Object(Config\Cache), false)
#9 C:\laragon\www\htx\public\index.php(46): CodeIgniter\CodeIgniter->run()
#10 {main}
CRITICAL - 2021-01-05 03:15:53 --> You have an error in your SQL syntax; check the manual that corresponds to your MySQL server version for the right syntax to use near '))
AND `product_id` != '3'' at line 3
#0 C:\laragon\www\htx\system\Database\MySQLi\Connection.php(331): mysqli->query('SELECT *\nFROM `...')
#1 C:\laragon\www\htx\system\Database\BaseConnection.php(741): CodeIgniter\Database\MySQLi\Connection->execute('SELECT *\nFROM `...')
#2 C:\laragon\www\htx\system\Database\BaseConnection.php(669): CodeIgniter\Database\BaseConnection->simpleQuery('SELECT *\nFROM `...')
#3 C:\laragon\www\htx\system\Database\BaseBuilder.php(1860): CodeIgniter\Database\BaseConnection->query('SELECT *\nFROM `...', Array, false)
#4 C:\laragon\www\htx\app\Models\ProductModel.php(127): CodeIgniter\Database\BaseBuilder->get()
#5 C:\laragon\www\htx\app\Controllers\Product.php(23): App\Models\ProductModel->get_product_related('3', Array)
#6 C:\laragon\www\htx\system\CodeIgniter.php(918): App\Controllers\Product->view('3')
#7 C:\laragon\www\htx\system\CodeIgniter.php(404): CodeIgniter\CodeIgniter->runController(Object(App\Controllers\Product))
#8 C:\laragon\www\htx\system\CodeIgniter.php(312): CodeIgniter\CodeIgniter->handleRequest(NULL, Object(Config\Cache), false)
#9 C:\laragon\www\htx\public\index.php(46): CodeIgniter\CodeIgniter->run()
#10 {main}
CRITICAL - 2021-01-05 03:15:55 --> You have an error in your SQL syntax; check the manual that corresponds to your MySQL server version for the right syntax to use near '))
AND `product_id` != '3'' at line 3
#0 C:\laragon\www\htx\system\Database\MySQLi\Connection.php(331): mysqli->query('SELECT *\nFROM `...')
#1 C:\laragon\www\htx\system\Database\BaseConnection.php(741): CodeIgniter\Database\MySQLi\Connection->execute('SELECT *\nFROM `...')
#2 C:\laragon\www\htx\system\Database\BaseConnection.php(669): CodeIgniter\Database\BaseConnection->simpleQuery('SELECT *\nFROM `...')
#3 C:\laragon\www\htx\system\Database\BaseBuilder.php(1860): CodeIgniter\Database\BaseConnection->query('SELECT *\nFROM `...', Array, false)
#4 C:\laragon\www\htx\app\Models\ProductModel.php(127): CodeIgniter\Database\BaseBuilder->get()
#5 C:\laragon\www\htx\app\Controllers\Product.php(23): App\Models\ProductModel->get_product_related('3', Array)
#6 C:\laragon\www\htx\system\CodeIgniter.php(918): App\Controllers\Product->view('3')
#7 C:\laragon\www\htx\system\CodeIgniter.php(404): CodeIgniter\CodeIgniter->runController(Object(App\Controllers\Product))
#8 C:\laragon\www\htx\system\CodeIgniter.php(312): CodeIgniter\CodeIgniter->handleRequest(NULL, Object(Config\Cache), false)
#9 C:\laragon\www\htx\public\index.php(46): CodeIgniter\CodeIgniter->run()
#10 {main}
CRITICAL - 2021-01-05 03:15:55 --> You have an error in your SQL syntax; check the manual that corresponds to your MySQL server version for the right syntax to use near '))
AND `product_id` != '3'' at line 3
#0 C:\laragon\www\htx\system\Database\MySQLi\Connection.php(331): mysqli->query('SELECT *\nFROM `...')
#1 C:\laragon\www\htx\system\Database\BaseConnection.php(741): CodeIgniter\Database\MySQLi\Connection->execute('SELECT *\nFROM `...')
#2 C:\laragon\www\htx\system\Database\BaseConnection.php(669): CodeIgniter\Database\BaseConnection->simpleQuery('SELECT *\nFROM `...')
#3 C:\laragon\www\htx\system\Database\BaseBuilder.php(1860): CodeIgniter\Database\BaseConnection->query('SELECT *\nFROM `...', Array, false)
#4 C:\laragon\www\htx\app\Models\ProductModel.php(127): CodeIgniter\Database\BaseBuilder->get()
#5 C:\laragon\www\htx\app\Controllers\Product.php(23): App\Models\ProductModel->get_product_related('3', Array)
#6 C:\laragon\www\htx\system\CodeIgniter.php(918): App\Controllers\Product->view('3')
#7 C:\laragon\www\htx\system\CodeIgniter.php(404): CodeIgniter\CodeIgniter->runController(Object(App\Controllers\Product))
#8 C:\laragon\www\htx\system\CodeIgniter.php(312): CodeIgniter\CodeIgniter->handleRequest(NULL, Object(Config\Cache), false)
#9 C:\laragon\www\htx\public\index.php(46): CodeIgniter\CodeIgniter->run()
#10 {main}
CRITICAL - 2021-01-05 03:16:05 --> You have an error in your SQL syntax; check the manual that corresponds to your MySQL server version for the right syntax to use near '))
AND `product_id` != '3'' at line 3
#0 C:\laragon\www\htx\system\Database\MySQLi\Connection.php(331): mysqli->query('SELECT *\nFROM `...')
#1 C:\laragon\www\htx\system\Database\BaseConnection.php(741): CodeIgniter\Database\MySQLi\Connection->execute('SELECT *\nFROM `...')
#2 C:\laragon\www\htx\system\Database\BaseConnection.php(669): CodeIgniter\Database\BaseConnection->simpleQuery('SELECT *\nFROM `...')
#3 C:\laragon\www\htx\system\Database\BaseBuilder.php(1860): CodeIgniter\Database\BaseConnection->query('SELECT *\nFROM `...', Array, false)
#4 C:\laragon\www\htx\app\Models\ProductModel.php(127): CodeIgniter\Database\BaseBuilder->get()
#5 C:\laragon\www\htx\app\Controllers\Product.php(23): App\Models\ProductModel->get_product_related('3', Array)
#6 C:\laragon\www\htx\system\CodeIgniter.php(918): App\Controllers\Product->view('3')
#7 C:\laragon\www\htx\system\CodeIgniter.php(404): CodeIgniter\CodeIgniter->runController(Object(App\Controllers\Product))
#8 C:\laragon\www\htx\system\CodeIgniter.php(312): CodeIgniter\CodeIgniter->handleRequest(NULL, Object(Config\Cache), false)
#9 C:\laragon\www\htx\public\index.php(46): CodeIgniter\CodeIgniter->run()
#10 {main}
CRITICAL - 2021-01-05 03:18:09 --> Undefined variable: row
#0 C:\laragon\www\htx\app\Controllers\Product.php(25): CodeIgniter\Debug\Exceptions->errorHandler(8, 'Undefined varia...', 'C:\\laragon\\www\\...', 25, Array)
#1 C:\laragon\www\htx\system\CodeIgniter.php(918): App\Controllers\Product->view('3')
#2 C:\laragon\www\htx\system\CodeIgniter.php(404): CodeIgniter\CodeIgniter->runController(Object(App\Controllers\Product))
#3 C:\laragon\www\htx\system\CodeIgniter.php(312): CodeIgniter\CodeIgniter->handleRequest(NULL, Object(Config\Cache), false)
#4 C:\laragon\www\htx\public\index.php(46): CodeIgniter\CodeIgniter->run()
#5 {main}
CRITICAL - 2021-01-05 03:23:26 --> Object of class stdClass could not be converted to string
#0 [internal function]: CodeIgniter\Debug\Exceptions->errorHandler(4096, 'Object of class...', 'C:\\laragon\\www\\...', 437, Array)
#1 C:\laragon\www\htx\system\Database\Query.php(437): implode(',', Array)
#2 C:\laragon\www\htx\system\Database\Query.php(404): CodeIgniter\Database\Query->matchNamedBinds('SELECT `product...', Array)
#3 C:\laragon\www\htx\system\Database\Query.php(197): CodeIgniter\Database\Query->compileBinds()
#4 C:\laragon\www\htx\system\Database\BaseBuilder.php(1836): CodeIgniter\Database\Query->getQuery()
#5 C:\laragon\www\htx\system\Database\BaseBuilder.php(1813): CodeIgniter\Database\BaseBuilder->compileFinalQuery('SELECT `product...')
#6 C:\laragon\www\htx\system\Database\BaseBuilder.php(1047): CodeIgniter\Database\BaseBuilder->getCompiledSelect()
#7 C:\laragon\www\htx\system\Database\BaseBuilder.php(853): CodeIgniter\Database\BaseBuilder->_whereIn('`product_id`', Object(Closure), '', 'AND ', true)
#8 C:\laragon\www\htx\app\Models\ProductModel.php(129): CodeIgniter\Database\BaseBuilder->whereIn('product_id', Object(Closure))
#9 C:\laragon\www\htx\app\Controllers\Product.php(23): App\Models\ProductModel->get_product_related('5', Array)
#10 C:\laragon\www\htx\system\CodeIgniter.php(918): App\Controllers\Product->view('5')
#11 C:\laragon\www\htx\system\CodeIgniter.php(404): CodeIgniter\CodeIgniter->runController(Object(App\Controllers\Product))
#12 C:\laragon\www\htx\system\CodeIgniter.php(312): CodeIgniter\CodeIgniter->handleRequest(NULL, Object(Config\Cache), false)
#13 C:\laragon\www\htx\public\index.php(46): CodeIgniter\CodeIgniter->run()
#14 {main}
CRITICAL - 2021-01-05 03:23:41 --> Object of class stdClass could not be converted to string
#0 [internal function]: CodeIgniter\Debug\Exceptions->errorHandler(4096, 'Object of class...', 'C:\\laragon\\www\\...', 437, Array)
#1 C:\laragon\www\htx\system\Database\Query.php(437): implode(',', Array)
#2 C:\laragon\www\htx\system\Database\Query.php(404): CodeIgniter\Database\Query->matchNamedBinds('SELECT `product...', Array)
#3 C:\laragon\www\htx\system\Database\Query.php(197): CodeIgniter\Database\Query->compileBinds()
#4 C:\laragon\www\htx\system\Database\BaseBuilder.php(1836): CodeIgniter\Database\Query->getQuery()
#5 C:\laragon\www\htx\system\Database\BaseBuilder.php(1813): CodeIgniter\Database\BaseBuilder->compileFinalQuery('SELECT `product...')
#6 C:\laragon\www\htx\system\Database\BaseBuilder.php(1047): CodeIgniter\Database\BaseBuilder->getCompiledSelect()
#7 C:\laragon\www\htx\system\Database\BaseBuilder.php(853): CodeIgniter\Database\BaseBuilder->_whereIn('`product_id`', Object(Closure), '', 'AND ', true)
#8 C:\laragon\www\htx\app\Models\ProductModel.php(129): CodeIgniter\Database\BaseBuilder->whereIn('product_id', Object(Closure))
#9 C:\laragon\www\htx\app\Controllers\Product.php(23): App\Models\ProductModel->get_product_related('5', Array)
#10 C:\laragon\www\htx\system\CodeIgniter.php(918): App\Controllers\Product->view('5')
#11 C:\laragon\www\htx\system\CodeIgniter.php(404): CodeIgniter\CodeIgniter->runController(Object(App\Controllers\Product))
#12 C:\laragon\www\htx\system\CodeIgniter.php(312): CodeIgniter\CodeIgniter->handleRequest(NULL, Object(Config\Cache), false)
#13 C:\laragon\www\htx\public\index.php(46): CodeIgniter\CodeIgniter->run()
#14 {main}
CRITICAL - 2021-01-05 03:23:42 --> Object of class stdClass could not be converted to string
#0 [internal function]: CodeIgniter\Debug\Exceptions->errorHandler(4096, 'Object of class...', 'C:\\laragon\\www\\...', 437, Array)
#1 C:\laragon\www\htx\system\Database\Query.php(437): implode(',', Array)
#2 C:\laragon\www\htx\system\Database\Query.php(404): CodeIgniter\Database\Query->matchNamedBinds('SELECT `product...', Array)
#3 C:\laragon\www\htx\system\Database\Query.php(197): CodeIgniter\Database\Query->compileBinds()
#4 C:\laragon\www\htx\system\Database\BaseBuilder.php(1836): CodeIgniter\Database\Query->getQuery()
#5 C:\laragon\www\htx\system\Database\BaseBuilder.php(1813): CodeIgniter\Database\BaseBuilder->compileFinalQuery('SELECT `product...')
#6 C:\laragon\www\htx\system\Database\BaseBuilder.php(1047): CodeIgniter\Database\BaseBuilder->getCompiledSelect()
#7 C:\laragon\www\htx\system\Database\BaseBuilder.php(853): CodeIgniter\Database\BaseBuilder->_whereIn('`product_id`', Object(Closure), '', 'AND ', true)
#8 C:\laragon\www\htx\app\Models\ProductModel.php(129): CodeIgniter\Database\BaseBuilder->whereIn('product_id', Object(Closure))
#9 C:\laragon\www\htx\app\Controllers\Product.php(23): App\Models\ProductModel->get_product_related('5', Array)
#10 C:\laragon\www\htx\system\CodeIgniter.php(918): App\Controllers\Product->view('5')
#11 C:\laragon\www\htx\system\CodeIgniter.php(404): CodeIgniter\CodeIgniter->runController(Object(App\Controllers\Product))
#12 C:\laragon\www\htx\system\CodeIgniter.php(312): CodeIgniter\CodeIgniter->handleRequest(NULL, Object(Config\Cache), false)
#13 C:\laragon\www\htx\public\index.php(46): CodeIgniter\CodeIgniter->run()
#14 {main}
CRITICAL - 2021-01-05 03:26:17 --> Unknown column 'product_id' in 'IN/ALL/ANY subquery'
#0 C:\laragon\www\htx\system\Database\MySQLi\Connection.php(331): mysqli->query('SELECT *\nFROM `...')
#1 C:\laragon\www\htx\system\Database\BaseConnection.php(741): CodeIgniter\Database\MySQLi\Connection->execute('SELECT *\nFROM `...')
#2 C:\laragon\www\htx\system\Database\BaseConnection.php(669): CodeIgniter\Database\BaseConnection->simpleQuery('SELECT *\nFROM `...')
#3 C:\laragon\www\htx\system\Database\BaseBuilder.php(1860): CodeIgniter\Database\BaseConnection->query('SELECT *\nFROM `...', Array, false)
#4 C:\laragon\www\htx\app\Models\ProductModel.php(130): CodeIgniter\Database\BaseBuilder->get()
#5 C:\laragon\www\htx\app\Controllers\Product.php(28): App\Models\ProductModel->get_product_related('5', Array)
#6 C:\laragon\www\htx\system\CodeIgniter.php(918): App\Controllers\Product->view('5')
#7 C:\laragon\www\htx\system\CodeIgniter.php(404): CodeIgniter\CodeIgniter->runController(Object(App\Controllers\Product))
#8 C:\laragon\www\htx\system\CodeIgniter.php(312): CodeIgniter\CodeIgniter->handleRequest(NULL, Object(Config\Cache), false)
#9 C:\laragon\www\htx\public\index.php(46): CodeIgniter\CodeIgniter->run()
#10 {main}
CRITICAL - 2021-01-05 03:26:36 --> Unknown column 'product_id' in 'IN/ALL/ANY subquery'
#0 C:\laragon\www\htx\system\Database\MySQLi\Connection.php(331): mysqli->query('SELECT *\nFROM `...')
#1 C:\laragon\www\htx\system\Database\BaseConnection.php(741): CodeIgniter\Database\MySQLi\Connection->execute('SELECT *\nFROM `...')
#2 C:\laragon\www\htx\system\Database\BaseConnection.php(669): CodeIgniter\Database\BaseConnection->simpleQuery('SELECT *\nFROM `...')
#3 C:\laragon\www\htx\system\Database\BaseBuilder.php(1860): CodeIgniter\Database\BaseConnection->query('SELECT *\nFROM `...', Array, false)
#4 C:\laragon\www\htx\app\Models\ProductModel.php(130): CodeIgniter\Database\BaseBuilder->get()
#5 C:\laragon\www\htx\app\Controllers\Product.php(28): App\Models\ProductModel->get_product_related('5', Array)
#6 C:\laragon\www\htx\system\CodeIgniter.php(918): App\Controllers\Product->view('5')
#7 C:\laragon\www\htx\system\CodeIgniter.php(404): CodeIgniter\CodeIgniter->runController(Object(App\Controllers\Product))
#8 C:\laragon\www\htx\system\CodeIgniter.php(312): CodeIgniter\CodeIgniter->handleRequest(NULL, Object(Config\Cache), false)
#9 C:\laragon\www\htx\public\index.php(46): CodeIgniter\CodeIgniter->run()
#10 {main}
CRITICAL - 2021-01-05 09:53:11 --> Cannot pass parameter 1 by reference
#0 C:\laragon\www\htx\system\CodeIgniter.php(918): App\Controllers\Ajax->product()
#1 C:\laragon\www\htx\system\CodeIgniter.php(404): CodeIgniter\CodeIgniter->runController(Object(App\Controllers\Ajax))
#2 C:\laragon\www\htx\system\CodeIgniter.php(312): CodeIgniter\CodeIgniter->handleRequest(NULL, Object(Config\Cache), false)
#3 C:\laragon\www\htx\public\index.php(46): CodeIgniter\CodeIgniter->run()
#4 {main}
CRITICAL - 2021-01-05 09:53:14 --> Cannot pass parameter 1 by reference
#0 C:\laragon\www\htx\system\CodeIgniter.php(918): App\Controllers\Ajax->product()
#1 C:\laragon\www\htx\system\CodeIgniter.php(404): CodeIgniter\CodeIgniter->runController(Object(App\Controllers\Ajax))
#2 C:\laragon\www\htx\system\CodeIgniter.php(312): CodeIgniter\CodeIgniter->handleRequest(NULL, Object(Config\Cache), false)
#3 C:\laragon\www\htx\public\index.php(46): CodeIgniter\CodeIgniter->run()
#4 {main}
CRITICAL - 2021-01-05 10:03:35 --> Trying to get property 'image_id' of non-object
#0 C:\laragon\www\htx\app\Models\ProductModel.php(77): CodeIgniter\Debug\Exceptions->errorHandler(8, 'Trying to get p...', 'C:\\laragon\\www\\...', 77, Array)
#1 C:\laragon\www\htx\app\Controllers\Ajax.php(19): App\Models\ProductModel->relation('SELECT *\nFROM `...', Array)
#2 C:\laragon\www\htx\system\CodeIgniter.php(918): App\Controllers\Ajax->product()
#3 C:\laragon\www\htx\system\CodeIgniter.php(404): CodeIgniter\CodeIgniter->runController(Object(App\Controllers\Ajax))
#4 C:\laragon\www\htx\system\CodeIgniter.php(312): CodeIgniter\CodeIgniter->handleRequest(NULL, Object(Config\Cache), false)
#5 C:\laragon\www\htx\public\index.php(46): CodeIgniter\CodeIgniter->run()
#6 {main}
CRITICAL - 2021-01-05 10:10:08 --> Call to undefined method CodeIgniter\Database\MySQLi\Builder::group_start()
#0 C:\laragon\www\htx\app\Controllers\Ajax.php(18): App\Models\ProductModel->get_product('0', 'htx', '0', '20')
#1 C:\laragon\www\htx\system\CodeIgniter.php(918): App\Controllers\Ajax->product()
#2 C:\laragon\www\htx\system\CodeIgniter.php(404): CodeIgniter\CodeIgniter->runController(Object(App\Controllers\Ajax))
#3 C:\laragon\www\htx\system\CodeIgniter.php(312): CodeIgniter\CodeIgniter->handleRequest(NULL, Object(Config\Cache), false)
#4 C:\laragon\www\htx\public\index.php(46): CodeIgniter\CodeIgniter->run()
#5 {main}
CRITICAL - 2021-01-05 20:29:27 --> Undefined variable: products
#0 C:\laragon\www\htx\app\Views\frontend\news\view.php(47): CodeIgniter\Debug\Exceptions->errorHandler(8, 'Undefined varia...', 'C:\\laragon\\www\\...', 47, Array)
#1 C:\laragon\www\htx\system\View\View.php(246): include('C:\\laragon\\www\\...')
#2 C:\laragon\www\htx\system\Common.php(1119): CodeIgniter\View\View->render('frontend\\news\\v...', Array, true)
#3 C:\laragon\www\htx\app\Controllers\News.php(40): view('frontend\\news\\v...', Array)
#4 C:\laragon\www\htx\system\CodeIgniter.php(918): App\Controllers\News->view('30')
#5 C:\laragon\www\htx\system\CodeIgniter.php(404): CodeIgniter\CodeIgniter->runController(Object(App\Controllers\News))
#6 C:\laragon\www\htx\system\CodeIgniter.php(312): CodeIgniter\CodeIgniter->handleRequest(NULL, Object(Config\Cache), false)
#7 C:\laragon\www\htx\public\index.php(46): CodeIgniter\CodeIgniter->run()
#8 {main}
CRITICAL - 2021-01-05 21:41:42 --> Undefined property: stdClass::$description_vi
#0 C:\laragon\www\htx\app\Views\frontend\news\view.php(55): CodeIgniter\Debug\Exceptions->errorHandler(8, 'Undefined prope...', 'C:\\laragon\\www\\...', 55, Array)
#1 C:\laragon\www\htx\system\View\View.php(246): include('C:\\laragon\\www\\...')
#2 C:\laragon\www\htx\system\Common.php(1119): CodeIgniter\View\View->render('frontend\\news\\v...', Array, true)
#3 C:\laragon\www\htx\app\Controllers\News.php(40): view('frontend\\news\\v...', Array)
#4 C:\laragon\www\htx\system\CodeIgniter.php(918): App\Controllers\News->view('30')
#5 C:\laragon\www\htx\system\CodeIgniter.php(404): CodeIgniter\CodeIgniter->runController(Object(App\Controllers\News))
#6 C:\laragon\www\htx\system\CodeIgniter.php(312): CodeIgniter\CodeIgniter->handleRequest(NULL, Object(Config\Cache), false)
#7 C:\laragon\www\htx\public\index.php(46): CodeIgniter\CodeIgniter->run()
#8 {main}
